[ 2016-01-15T11:11:45+08:00 ] 127.0.0.1 /index.php/Index/f7
INFO: [ route_check ] --START--
INFO: CheckRoute Behavior ::run [ RunTime:0.000000s ]
INFO: [ route_check ] --END-- [ RunTime:0.030002s ]
NOTIC: [8192] preg_replace(): The /e modifier is deprecated, use preg_replace_callback instead D:\www\elm\Core\Lib\Core\Dispatcher.class.php 第 263 行.
INFO: [ app_begin ] --START--
INFO: ReadHtmlCache Behavior ::run [ RunTime:0.000000s ]
INFO: [ app_begin ] --END-- [ RunTime:0.000000s ]
NOTIC: [8] Undefined index: openid D:\www\elm\App\Njs\Home\Action\BaseAction.class.php 第 26 行.
NOTIC: [8192] mysql_connect(): The mysql extension is deprecated and will be removed in the future: use mysqli or PDO instead D:\www\elm\Core\Lib\Driver\Db\DbMysql.class.php 第 109 行.
SQL: SHOW COLUMNS FROM `cat_time` [ RunTime:0.003001s ]
ERR: 1146:Table 'cat.cat_time' doesn't exist
 [ SQL语句 ] : SHOW COLUMNS FROM `cat_time`
NOTIC: [8192] preg_replace(): The /e modifier is deprecated, use preg_replace_callback instead D:\www\elm\Core\Lib\Core\Db.class.php 第 1207 行.
SQL: SELECT * FROM `cat_time` WHERE ( `time` = '2016-01-15' ) LIMIT 1   [ RunTime:0.000000s ]
ERR: 1146:Table 'cat.cat_time' doesn't exist
 [ SQL语句 ] : SELECT * FROM `cat_time` WHERE ( `time` = '2016-01-15' ) LIMIT 1  
SQL: INSERT INTO `cat_time` (`time`,`no`) VALUES ('2016-01-15',1) [ RunTime:0.000000s ]
ERR: 1146:Table 'cat.cat_time' doesn't exist
 [ SQL语句 ] : INSERT INTO `cat_time` (`time`,`no`) VALUES ('2016-01-15',1)
SQL: SHOW COLUMNS FROM `cat_config` [ RunTime:0.001000s ]
NOTIC: [8192] preg_replace(): The /e modifier is deprecated, use preg_replace_callback instead D:\www\elm\Core\Lib\Core\Db.class.php 第 1207 行.
SQL: SELECT * FROM `cat_config`  [ RunTime:0.000000s ]
NOTIC: [2] file_get_contents(jsapi_ticket.json): failed to open stream: No such file or directory D:\www\elm\Core\Extend\Vendor\Wx\Jssdk.php 第 48 行.
NOTIC: [8] Trying to get property of non-object D:\www\elm\Core\Extend\Vendor\Wx\Jssdk.php 第 49 行.
NOTIC: [2] file_get_contents(access_token.json): failed to open stream: No such file or directory D:\www\elm\Core\Extend\Vendor\Wx\Jssdk.php 第 72 行.
NOTIC: [8] Trying to get property of non-object D:\www\elm\Core\Extend\Vendor\Wx\Jssdk.php 第 73 行.
NOTIC: [8] Undefined property: stdClass::$access_token D:\www\elm\Core\Extend\Vendor\Wx\Jssdk.php 第 78 行.
NOTIC: [8] Undefined property: stdClass::$ticket D:\www\elm\Core\Extend\Vendor\Wx\Jssdk.php 第 55 行.
SQL: SHOW COLUMNS FROM `cat_account` [ RunTime:0.002000s ]
NOTIC: [8192] preg_replace(): The /e modifier is deprecated, use preg_replace_callback instead D:\www\elm\Core\Lib\Core\Db.class.php 第 1207 行.
SQL: SELECT * FROM `cat_account` WHERE ( `openid` = 'ooJsMuBae9b3XHJVptSqp1Jr9Tw4' ) LIMIT 1   [ RunTime:0.001000s ]
NOTIC: [8] Undefined index: nickname D:\www\elm\App\Njs\Home\Action\BaseAction.class.php 第 47 行.
SQL: UPDATE `cat_account` SET `nickname`=null WHERE ( `openid` = 'ooJsMuBae9b3XHJVptSqp1Jr9Tw4' ) [ RunTime:0.049003s ]
INFO: [ view_parse ] --START--
NOTIC: [8192] preg_replace(): The /e modifier is deprecated, use preg_replace_callback instead D:\www\elm\Core\Lib\Template\ThinkTemplate.class.php 第 545 行.
NOTIC: [8192] preg_replace(): The /e modifier is deprecated, use preg_replace_callback instead D:\www\elm\Core\Lib\Template\ThinkTemplate.class.php 第 335 行.
NOTIC: [8192] preg_replace(): The /e modifier is deprecated, use preg_replace_callback instead D:\www\elm\Core\Lib\Template\ThinkTemplate.class.php 第 807 行.
NOTIC: [8192] preg_replace(): The /e modifier is deprecated, use preg_replace_callback instead D:\www\elm\Core\Lib\Template\ThinkTemplate.class.php 第 807 行.
NOTIC: [8192] preg_replace(): The /e modifier is deprecated, use preg_replace_callback instead D:\www\elm\Core\Lib\Template\ThinkTemplate.class.php 第 807 行.
NOTIC: [8192] preg_replace(): The /e modifier is deprecated, use preg_replace_callback instead D:\www\elm\Core\Lib\Template\ThinkTemplate.class.php 第 807 行.
NOTIC: [8192] preg_replace(): The /e modifier is deprecated, use preg_replace_callback instead D:\www\elm\Core\Lib\Template\ThinkTemplate.class.php 第 807 行.
NOTIC: [8192] preg_replace(): The /e modifier is deprecated, use preg_replace_callback instead D:\www\elm\Core\Lib\Template\ThinkTemplate.class.php 第 807 行.
NOTIC: [8192] preg_replace(): The /e modifier is deprecated, use preg_replace_callback instead D:\www\elm\Core\Lib\Template\ThinkTemplate.class.php 第 807 行.
NOTIC: [8192] preg_replace(): The /e modifier is deprecated, use preg_replace_callback instead D:\www\elm\Core\Lib\Template\ThinkTemplate.class.php 第 807 行.
NOTIC: [8192] preg_replace(): The /e modifier is deprecated, use preg_replace_callback instead D:\www\elm\Core\Lib\Template\ThinkTemplate.class.php 第 807 行.
NOTIC: [8192] preg_replace(): The /e modifier is deprecated, use preg_replace_callback instead D:\www\elm\Core\Lib\Template\ThinkTemplate.class.php 第 807 行.
NOTIC: [8192] preg_replace(): The /e modifier is deprecated, use preg_replace_callback instead D:\www\elm\Core\Lib\Template\ThinkTemplate.class.php 第 807 行.
NOTIC: [8192] preg_replace(): The /e modifier is deprecated, use preg_replace_callback instead D:\www\elm\Core\Lib\Template\ThinkTemplate.class.php 第 807 行.
NOTIC: [8192] preg_replace(): The /e modifier is deprecated, use preg_replace_callback instead D:\www\elm\Core\Lib\Template\ThinkTemplate.class.php 第 797 行.
NOTIC: [8192] preg_replace(): The /e modifier is deprecated, use preg_replace_callback instead D:\www\elm\Core\Lib\Template\ThinkTemplate.class.php 第 797 行.
NOTIC: [8192] preg_replace(): The /e modifier is deprecated, use preg_replace_callback instead D:\www\elm\Core\Lib\Template\ThinkTemplate.class.php 第 807 行.
NOTIC: [8192] preg_replace(): The /e modifier is deprecated, use preg_replace_callback instead D:\www\elm\Core\Lib\Template\ThinkTemplate.class.php 第 807 行.
NOTIC: [8192] preg_replace(): The /e modifier is deprecated, use preg_replace_callback instead D:\www\elm\Core\Lib\Template\ThinkTemplate.class.php 第 807 行.
NOTIC: [8192] preg_replace(): The /e modifier is deprecated, use preg_replace_callback instead D:\www\elm\Core\Lib\Template\ThinkTemplate.class.php 第 797 行.
NOTIC: [8192] preg_replace(): The /e modifier is deprecated, use preg_replace_callback instead D:\www\elm\Core\Lib\Template\ThinkTemplate.class.php 第 807 行.
NOTIC: [8192] preg_replace(): The /e modifier is deprecated, use preg_replace_callback instead D:\www\elm\Core\Lib\Template\ThinkTemplate.class.php 第 807 行.
NOTIC: [8192] preg_replace(): The /e modifier is deprecated, use preg_replace_callback instead D:\www\elm\Core\Lib\Template\ThinkTemplate.class.php 第 807 行.
NOTIC: [8192] preg_replace(): The /e modifier is deprecated, use preg_replace_callback instead D:\www\elm\Core\Lib\Template\ThinkTemplate.class.php 第 807 行.
NOTIC: [8192] preg_replace(): The /e modifier is deprecated, use preg_replace_callback instead D:\www\elm\Core\Lib\Template\ThinkTemplate.class.php 第 807 行.
NOTIC: [8192] preg_replace(): The /e modifier is deprecated, use preg_replace_callback instead D:\www\elm\Core\Lib\Template\ThinkTemplate.class.php 第 807 行.
NOTIC: [8192] preg_replace(): The /e modifier is deprecated, use preg_replace_callback instead D:\www\elm\Core\Lib\Template\ThinkTemplate.class.php 第 807 行.
NOTIC: [8192] preg_replace(): The /e modifier is deprecated, use preg_replace_callback instead D:\www\elm\Core\Lib\Template\ThinkTemplate.class.php 第 807 行.
NOTIC: [8192] preg_replace(): The /e modifier is deprecated, use preg_replace_callback instead D:\www\elm\Core\Lib\Template\ThinkTemplate.class.php 第 807 行.
NOTIC: [8192] preg_replace(): The /e modifier is deprecated, use preg_replace_callback instead D:\www\elm\Core\Lib\Template\ThinkTemplate.class.php 第 807 行.
NOTIC: [8192] preg_replace(): The /e modifier is deprecated, use preg_replace_callback instead D:\www\elm\Core\Lib\Template\ThinkTemplate.class.php 第 807 行.
NOTIC: [8192] preg_replace(): The /e modifier is deprecated, use preg_replace_callback instead D:\www\elm\Core\Lib\Template\ThinkTemplate.class.php 第 807 行.
NOTIC: [8192] preg_replace(): The /e modifier is deprecated, use preg_replace_callback instead D:\www\elm\Core\Lib\Template\ThinkTemplate.class.php 第 807 行.
NOTIC: [8192] preg_replace(): The /e modifier is deprecated, use preg_replace_callback instead D:\www\elm\Core\Lib\Template\ThinkTemplate.class.php 第 807 行.
NOTIC: [8192] preg_replace(): The /e modifier is deprecated, use preg_replace_callback instead D:\www\elm\Core\Lib\Template\ThinkTemplate.class.php 第 807 行.
NOTIC: [8192] preg_replace(): The /e modifier is deprecated, use preg_replace_callback instead D:\www\elm\Core\Lib\Template\ThinkTemplate.class.php 第 807 行.
NOTIC: [8192] preg_replace(): The /e modifier is deprecated, use preg_replace_callback instead D:\www\elm\Core\Lib\Template\ThinkTemplate.class.php 第 807 行.
NOTIC: [8192] preg_replace(): The /e modifier is deprecated, use preg_replace_callback instead D:\www\elm\Core\Lib\Template\ThinkTemplate.class.php 第 807 行.
NOTIC: [8192] preg_replace(): The /e modifier is deprecated, use preg_replace_callback instead D:\www\elm\Core\Lib\Template\ThinkTemplate.class.php 第 807 行.
NOTIC: [8192] preg_replace(): The /e modifier is deprecated, use preg_replace_callback instead D:\www\elm\Core\Lib\Template\ThinkTemplate.class.php 第 807 行.
NOTIC: [8192] preg_replace(): The /e modifier is deprecated, use preg_replace_callback instead D:\www\elm\Core\Lib\Template\ThinkTemplate.class.php 第 807 行.
NOTIC: [8192] preg_replace(): The /e modifier is deprecated, use preg_replace_callback instead D:\www\elm\Core\Lib\Template\ThinkTemplate.class.php 第 807 行.
NOTIC: [8192] preg_replace(): The /e modifier is deprecated, use preg_replace_callback instead D:\www\elm\Core\Lib\Template\ThinkTemplate.class.php 第 807 行.
NOTIC: [8192] preg_replace(): The /e modifier is deprecated, use preg_replace_callback instead D:\www\elm\Core\Lib\Template\ThinkTemplate.class.php 第 807 行.
NOTIC: [8192] preg_replace(): The /e modifier is deprecated, use preg_replace_callback instead D:\www\elm\Core\Lib\Template\ThinkTemplate.class.php 第 807 行.
NOTIC: [8192] preg_replace(): The /e modifier is deprecated, use preg_replace_callback instead D:\www\elm\Core\Lib\Template\ThinkTemplate.class.php 第 807 行.
NOTIC: [8192] preg_replace(): The /e modifier is deprecated, use preg_replace_callback instead D:\www\elm\Core\Lib\Template\ThinkTemplate.class.php 第 807 行.
NOTIC: [8192] preg_replace(): The /e modifier is deprecated, use preg_replace_callback instead D:\www\elm\Core\Lib\Template\ThinkTemplate.class.php 第 807 行.
NOTIC: [8192] preg_replace(): The /e modifier is deprecated, use preg_replace_callback instead D:\www\elm\Core\Lib\Template\ThinkTemplate.class.php 第 807 行.
NOTIC: [8192] preg_replace(): The /e modifier is deprecated, use preg_replace_callback instead D:\www\elm\Core\Lib\Template\ThinkTemplate.class.php 第 807 行.
NOTIC: [8192] preg_replace(): The /e modifier is deprecated, use preg_replace_callback instead D:\www\elm\Core\Lib\Template\ThinkTemplate.class.php 第 807 行.
NOTIC: [8192] preg_replace(): The /e modifier is deprecated, use preg_replace_callback instead D:\www\elm\Core\Lib\Template\ThinkTemplate.class.php 第 807 行.
NOTIC: [8192] preg_replace(): The /e modifier is deprecated, use preg_replace_callback instead D:\www\elm\Core\Lib\Template\ThinkTemplate.class.php 第 807 行.
NOTIC: [8192] preg_replace(): The /e modifier is deprecated, use preg_replace_callback instead D:\www\elm\Core\Lib\Template\ThinkTemplate.class.php 第 807 行.
NOTIC: [8192] preg_replace(): The /e modifier is deprecated, use preg_replace_callback instead D:\www\elm\Core\Lib\Template\ThinkTemplate.class.php 第 807 行.
NOTIC: [8192] preg_replace(): The /e modifier is deprecated, use preg_replace_callback instead D:\www\elm\Core\Lib\Template\ThinkTemplate.class.php 第 807 行.
NOTIC: [8192] preg_replace(): The /e modifier is deprecated, use preg_replace_callback instead D:\www\elm\Core\Lib\Template\ThinkTemplate.class.php 第 807 行.
NOTIC: [8192] preg_replace(): The /e modifier is deprecated, use preg_replace_callback instead D:\www\elm\Core\Lib\Template\ThinkTemplate.class.php 第 807 行.
NOTIC: [8192] preg_replace(): The /e modifier is deprecated, use preg_replace_callback instead D:\www\elm\Core\Lib\Template\ThinkTemplate.class.php 第 807 行.
NOTIC: [8192] preg_replace(): The /e modifier is deprecated, use preg_replace_callback instead D:\www\elm\Core\Lib\Template\ThinkTemplate.class.php 第 807 行.
NOTIC: [8192] preg_replace(): The /e modifier is deprecated, use preg_replace_callback instead D:\www\elm\Core\Lib\Template\ThinkTemplate.class.php 第 807 行.
NOTIC: [8192] preg_replace(): The /e modifier is deprecated, use preg_replace_callback instead D:\www\elm\Core\Lib\Template\ThinkTemplate.class.php 第 807 行.
NOTIC: [8192] preg_replace(): The /e modifier is deprecated, use preg_replace_callback instead D:\www\elm\Core\Lib\Template\ThinkTemplate.class.php 第 807 行.
NOTIC: [8192] preg_replace(): The /e modifier is deprecated, use preg_replace_callback instead D:\www\elm\Core\Lib\Template\ThinkTemplate.class.php 第 807 行.
NOTIC: [8192] preg_replace(): The /e modifier is deprecated, use preg_replace_callback instead D:\www\elm\Core\Lib\Template\ThinkTemplate.class.php 第 807 行.
NOTIC: [8192] preg_replace(): The /e modifier is deprecated, use preg_replace_callback instead D:\www\elm\Core\Lib\Template\ThinkTemplate.class.php 第 807 行.
NOTIC: [8192] preg_replace(): The /e modifier is deprecated, use preg_replace_callback instead D:\www\elm\Core\Lib\Template\ThinkTemplate.class.php 第 807 行.
NOTIC: [8192] preg_replace(): The /e modifier is deprecated, use preg_replace_callback instead D:\www\elm\Core\Lib\Template\ThinkTemplate.class.php 第 807 行.
NOTIC: [8192] preg_replace(): The /e modifier is deprecated, use preg_replace_callback instead D:\www\elm\Core\Lib\Template\ThinkTemplate.class.php 第 807 行.
NOTIC: [8192] preg_replace(): The /e modifier is deprecated, use preg_replace_callback instead D:\www\elm\Core\Lib\Template\ThinkTemplate.class.php 第 807 行.
NOTIC: [8192] preg_replace(): The /e modifier is deprecated, use preg_replace_callback instead D:\www\elm\Core\Lib\Template\ThinkTemplate.class.php 第 807 行.
NOTIC: [8192] preg_replace(): The /e modifier is deprecated, use preg_replace_callback instead D:\www\elm\Core\Lib\Template\ThinkTemplate.class.php 第 807 行.
NOTIC: [8192] preg_replace(): The /e modifier is deprecated, use preg_replace_callback instead D:\www\elm\Core\Lib\Template\ThinkTemplate.class.php 第 807 行.
NOTIC: [8192] preg_replace(): The /e modifier is deprecated, use preg_replace_callback instead D:\www\elm\Core\Lib\Template\ThinkTemplate.class.php 第 807 行.
NOTIC: [8192] preg_replace(): The /e modifier is deprecated, use preg_replace_callback instead D:\www\elm\Core\Lib\Template\ThinkTemplate.class.php 第 807 行.
NOTIC: [8192] preg_replace(): The /e modifier is deprecated, use preg_replace_callback instead D:\www\elm\Core\Lib\Template\ThinkTemplate.class.php 第 807 行.
NOTIC: [8192] preg_replace(): The /e modifier is deprecated, use preg_replace_callback instead D:\www\elm\Core\Lib\Template\ThinkTemplate.class.php 第 807 行.
NOTIC: [8192] preg_replace(): The /e modifier is deprecated, use preg_replace_callback instead D:\www\elm\Core\Lib\Template\ThinkTemplate.class.php 第 807 行.
NOTIC: [8192] preg_replace(): The /e modifier is deprecated, use preg_replace_callback instead D:\www\elm\Core\Lib\Template\ThinkTemplate.class.php 第 807 行.
NOTIC: [8192] preg_replace(): The /e modifier is deprecated, use preg_replace_callback instead D:\www\elm\Core\Lib\Template\ThinkTemplate.class.php 第 807 行.
NOTIC: [8192] preg_replace(): The /e modifier is deprecated, use preg_replace_callback instead D:\www\elm\Core\Lib\Template\ThinkTemplate.class.php 第 807 行.
NOTIC: [8192] preg_replace(): The /e modifier is deprecated, use preg_replace_callback instead D:\www\elm\Core\Lib\Template\ThinkTemplate.class.php 第 807 行.
NOTIC: [8192] preg_replace(): The /e modifier is deprecated, use preg_replace_callback instead D:\www\elm\Core\Lib\Template\ThinkTemplate.class.php 第 807 行.
NOTIC: [8192] preg_replace(): The /e modifier is deprecated, use preg_replace_callback instead D:\www\elm\Core\Lib\Template\ThinkTemplate.class.php 第 807 行.
NOTIC: [8192] preg_replace(): The /e modifier is deprecated, use preg_replace_callback instead D:\www\elm\Core\Lib\Template\ThinkTemplate.class.php 第 807 行.
NOTIC: [8192] preg_replace(): The /e modifier is deprecated, use preg_replace_callback instead D:\www\elm\Core\Lib\Template\ThinkTemplate.class.php 第 807 行.
NOTIC: [8192] preg_replace(): The /e modifier is deprecated, use preg_replace_callback instead D:\www\elm\Core\Lib\Template\ThinkTemplate.class.php 第 797 行.
NOTIC: [8192] preg_replace(): The /e modifier is deprecated, use preg_replace_callback instead D:\www\elm\Core\Lib\Template\ThinkTemplate.class.php 第 797 行.
NOTIC: [8192] preg_replace(): The /e modifier is deprecated, use preg_replace_callback instead D:\www\elm\Core\Lib\Template\ThinkTemplate.class.php 第 797 行.
NOTIC: [8192] preg_replace(): The /e modifier is deprecated, use preg_replace_callback instead D:\www\elm\Core\Lib\Template\ThinkTemplate.class.php 第 797 行.
NOTIC: [8192] preg_replace(): The /e modifier is deprecated, use preg_replace_callback instead D:\www\elm\Core\Lib\Template\ThinkTemplate.class.php 第 797 行.
NOTIC: [8192] preg_replace(): The /e modifier is deprecated, use preg_replace_callback instead D:\www\elm\Core\Lib\Template\ThinkTemplate.class.php 第 797 行.
NOTIC: [8192] preg_replace(): The /e modifier is deprecated, use preg_replace_callback instead D:\www\elm\Core\Lib\Template\ThinkTemplate.class.php 第 807 行.
NOTIC: [8192] preg_replace(): The /e modifier is deprecated, use preg_replace_callback instead D:\www\elm\Core\Lib\Template\ThinkTemplate.class.php 第 807 行.
NOTIC: [8192] preg_replace(): The /e modifier is deprecated, use preg_replace_callback instead D:\www\elm\Core\Lib\Template\ThinkTemplate.class.php 第 807 行.
NOTIC: [8192] preg_replace(): The /e modifier is deprecated, use preg_replace_callback instead D:\www\elm\Core\Lib\Template\ThinkTemplate.class.php 第 393 行.
NOTIC: [8192] preg_replace(): The /e modifier is deprecated, use preg_replace_callback instead D:\www\elm\Core\Lib\Template\ThinkTemplate.class.php 第 273 行.
INFO: ParseTemplate Behavior ::run [ RunTime:0.013000s ]
INFO: [ view_parse ] --END-- [ RunTime:0.013000s ]
INFO: [ view_filter ] --START--
INFO: ContentReplace Behavior ::run [ RunTime:0.001000s ]
INFO: TokenBuild Behavior ::run [ RunTime:0.000000s ]
INFO: WriteHtmlCache Behavior ::run [ RunTime:0.000000s ]
INFO: ShowRuntime Behavior ::run [ RunTime:0.000000s ]
INFO: [ view_filter ] --END-- [ RunTime:0.001000s ]
INFO: [ view_end ] --START--
INFO: ShowPageTrace Behavior ::run [ RunTime:0.001001s ]
INFO: [ view_end ] --END-- [ RunTime:0.001001s ]

[ 2016-01-15T11:11:47+08:00 ] 127.0.0.1 /index.php/Index/f7
INFO: [ route_check ] --START--
INFO: CheckRoute Behavior ::run [ RunTime:0.001000s ]
INFO: [ route_check ] --END-- [ RunTime:0.001000s ]
NOTIC: [8192] preg_replace(): The /e modifier is deprecated, use preg_replace_callback instead D:\www\elm\Core\Lib\Core\Dispatcher.class.php 第 263 行.
INFO: [ app_begin ] --START--
INFO: ReadHtmlCache Behavior ::run [ RunTime:0.001000s ]
INFO: [ app_begin ] --END-- [ RunTime:0.001000s ]
NOTIC: [8] Undefined index: openid D:\www\elm\App\Njs\Home\Action\BaseAction.class.php 第 26 行.
NOTIC: [8192] mysql_connect(): The mysql extension is deprecated and will be removed in the future: use mysqli or PDO instead D:\www\elm\Core\Lib\Driver\Db\DbMysql.class.php 第 109 行.
SQL: SHOW COLUMNS FROM `cat_time` [ RunTime:0.002000s ]
ERR: 1146:Table 'cat.cat_time' doesn't exist
 [ SQL语句 ] : SHOW COLUMNS FROM `cat_time`
NOTIC: [8192] preg_replace(): The /e modifier is deprecated, use preg_replace_callback instead D:\www\elm\Core\Lib\Core\Db.class.php 第 1207 行.
SQL: SELECT * FROM `cat_time` WHERE ( `time` = '2016-01-15' ) LIMIT 1   [ RunTime:0.000000s ]
ERR: 1146:Table 'cat.cat_time' doesn't exist
 [ SQL语句 ] : SELECT * FROM `cat_time` WHERE ( `time` = '2016-01-15' ) LIMIT 1  
SQL: INSERT INTO `cat_time` (`time`,`no`) VALUES ('2016-01-15',1) [ RunTime:0.000000s ]
ERR: 1146:Table 'cat.cat_time' doesn't exist
 [ SQL语句 ] : INSERT INTO `cat_time` (`time`,`no`) VALUES ('2016-01-15',1)
SQL: SHOW COLUMNS FROM `cat_config` [ RunTime:0.002001s ]
NOTIC: [8192] preg_replace(): The /e modifier is deprecated, use preg_replace_callback instead D:\www\elm\Core\Lib\Core\Db.class.php 第 1207 行.
SQL: SELECT * FROM `cat_config`  [ RunTime:0.000000s ]
NOTIC: [2] file_get_contents(jsapi_ticket.json): failed to open stream: No such file or directory D:\www\elm\Core\Extend\Vendor\Wx\Jssdk.php 第 48 行.
NOTIC: [8] Trying to get property of non-object D:\www\elm\Core\Extend\Vendor\Wx\Jssdk.php 第 49 行.
NOTIC: [2] file_get_contents(access_token.json): failed to open stream: No such file or directory D:\www\elm\Core\Extend\Vendor\Wx\Jssdk.php 第 72 行.
NOTIC: [8] Trying to get property of non-object D:\www\elm\Core\Extend\Vendor\Wx\Jssdk.php 第 73 行.
NOTIC: [8] Undefined property: stdClass::$access_token D:\www\elm\Core\Extend\Vendor\Wx\Jssdk.php 第 78 行.
NOTIC: [8] Undefined property: stdClass::$ticket D:\www\elm\Core\Extend\Vendor\Wx\Jssdk.php 第 55 行.
SQL: SHOW COLUMNS FROM `cat_account` [ RunTime:0.003000s ]
NOTIC: [8192] preg_replace(): The /e modifier is deprecated, use preg_replace_callback instead D:\www\elm\Core\Lib\Core\Db.class.php 第 1207 行.
SQL: SELECT * FROM `cat_account` WHERE ( `openid` = 'ooJsMuBae9b3XHJVptSqp1Jr9Tw4' ) LIMIT 1   [ RunTime:0.000000s ]
NOTIC: [8] Undefined index: nickname D:\www\elm\App\Njs\Home\Action\BaseAction.class.php 第 47 行.
SQL: UPDATE `cat_account` SET `nickname`=null WHERE ( `openid` = 'ooJsMuBae9b3XHJVptSqp1Jr9Tw4' ) [ RunTime:0.000000s ]
INFO: [ view_parse ] --START--
NOTIC: [8192] preg_replace(): The /e modifier is deprecated, use preg_replace_callback instead D:\www\elm\Core\Lib\Template\ThinkTemplate.class.php 第 545 行.
NOTIC: [8192] preg_replace(): The /e modifier is deprecated, use preg_replace_callback instead D:\www\elm\Core\Lib\Template\ThinkTemplate.class.php 第 335 行.
NOTIC: [8192] preg_replace(): The /e modifier is deprecated, use preg_replace_callback instead D:\www\elm\Core\Lib\Template\ThinkTemplate.class.php 第 807 行.
NOTIC: [8192] preg_replace(): The /e modifier is deprecated, use preg_replace_callback instead D:\www\elm\Core\Lib\Template\ThinkTemplate.class.php 第 807 行.
NOTIC: [8192] preg_replace(): The /e modifier is deprecated, use preg_replace_callback instead D:\www\elm\Core\Lib\Template\ThinkTemplate.class.php 第 807 行.
NOTIC: [8192] preg_replace(): The /e modifier is deprecated, use preg_replace_callback instead D:\www\elm\Core\Lib\Template\ThinkTemplate.class.php 第 807 行.
NOTIC: [8192] preg_replace(): The /e modifier is deprecated, use preg_replace_callback instead D:\www\elm\Core\Lib\Template\ThinkTemplate.class.php 第 807 行.
NOTIC: [8192] preg_replace(): The /e modifier is deprecated, use preg_replace_callback instead D:\www\elm\Core\Lib\Template\ThinkTemplate.class.php 第 807 行.
NOTIC: [8192] preg_replace(): The /e modifier is deprecated, use preg_replace_callback instead D:\www\elm\Core\Lib\Template\ThinkTemplate.class.php 第 807 行.
NOTIC: [8192] preg_replace(): The /e modifier is deprecated, use preg_replace_callback instead D:\www\elm\Core\Lib\Template\ThinkTemplate.class.php 第 807 行.
NOTIC: [8192] preg_replace(): The /e modifier is deprecated, use preg_replace_callback instead D:\www\elm\Core\Lib\Template\ThinkTemplate.class.php 第 807 行.
NOTIC: [8192] preg_replace(): The /e modifier is deprecated, use preg_replace_callback instead D:\www\elm\Core\Lib\Template\ThinkTemplate.class.php 第 807 行.
NOTIC: [8192] preg_replace(): The /e modifier is deprecated, use preg_replace_callback instead D:\www\elm\Core\Lib\Template\ThinkTemplate.class.php 第 807 行.
NOTIC: [8192] preg_replace(): The /e modifier is deprecated, use preg_replace_callback instead D:\www\elm\Core\Lib\Template\ThinkTemplate.class.php 第 807 行.
NOTIC: [8192] preg_replace(): The /e modifier is deprecated, use preg_replace_callback instead D:\www\elm\Core\Lib\Template\ThinkTemplate.class.php 第 797 行.
NOTIC: [8192] preg_replace(): The /e modifier is deprecated, use preg_replace_callback instead D:\www\elm\Core\Lib\Template\ThinkTemplate.class.php 第 797 行.
NOTIC: [8192] preg_replace(): The /e modifier is deprecated, use preg_replace_callback instead D:\www\elm\Core\Lib\Template\ThinkTemplate.class.php 第 807 行.
NOTIC: [8192] preg_replace(): The /e modifier is deprecated, use preg_replace_callback instead D:\www\elm\Core\Lib\Template\ThinkTemplate.class.php 第 807 行.
NOTIC: [8192] preg_replace(): The /e modifier is deprecated, use preg_replace_callback instead D:\www\elm\Core\Lib\Template\ThinkTemplate.class.php 第 807 行.
NOTIC: [8192] preg_replace(): The /e modifier is deprecated, use preg_replace_callback instead D:\www\elm\Core\Lib\Template\ThinkTemplate.class.php 第 797 行.
NOTIC: [8192] preg_replace(): The /e modifier is deprecated, use preg_replace_callback instead D:\www\elm\Core\Lib\Template\ThinkTemplate.class.php 第 807 行.
NOTIC: [8192] preg_replace(): The /e modifier is deprecated, use preg_replace_callback instead D:\www\elm\Core\Lib\Template\ThinkTemplate.class.php 第 807 行.
NOTIC: [8192] preg_replace(): The /e modifier is deprecated, use preg_replace_callback instead D:\www\elm\Core\Lib\Template\ThinkTemplate.class.php 第 807 行.
NOTIC: [8192] preg_replace(): The /e modifier is deprecated, use preg_replace_callback instead D:\www\elm\Core\Lib\Template\ThinkTemplate.class.php 第 807 行.
NOTIC: [8192] preg_replace(): The /e modifier is deprecated, use preg_replace_callback instead D:\www\elm\Core\Lib\Template\ThinkTemplate.class.php 第 807 行.
NOTIC: [8192] preg_replace(): The /e modifier is deprecated, use preg_replace_callback instead D:\www\elm\Core\Lib\Template\ThinkTemplate.class.php 第 807 行.
NOTIC: [8192] preg_replace(): The /e modifier is deprecated, use preg_replace_callback instead D:\www\elm\Core\Lib\Template\ThinkTemplate.class.php 第 807 行.
NOTIC: [8192] preg_replace(): The /e modifier is deprecated, use preg_replace_callback instead D:\www\elm\Core\Lib\Template\ThinkTemplate.class.php 第 807 行.
NOTIC: [8192] preg_replace(): The /e modifier is deprecated, use preg_replace_callback instead D:\www\elm\Core\Lib\Template\ThinkTemplate.class.php 第 807 行.
NOTIC: [8192] preg_replace(): The /e modifier is deprecated, use preg_replace_callback instead D:\www\elm\Core\Lib\Template\ThinkTemplate.class.php 第 807 行.
NOTIC: [8192] preg_replace(): The /e modifier is deprecated, use preg_replace_callback instead D:\www\elm\Core\Lib\Template\ThinkTemplate.class.php 第 807 行.
NOTIC: [8192] preg_replace(): The /e modifier is deprecated, use preg_replace_callback instead D:\www\elm\Core\Lib\Template\ThinkTemplate.class.php 第 807 行.
NOTIC: [8192] preg_replace(): The /e modifier is deprecated, use preg_replace_callback instead D:\www\elm\Core\Lib\Template\ThinkTemplate.class.php 第 807 行.
NOTIC: [8192] preg_replace(): The /e modifier is deprecated, use preg_replace_callback instead D:\www\elm\Core\Lib\Template\ThinkTemplate.class.php 第 807 行.
NOTIC: [8192] preg_replace(): The /e modifier is deprecated, use preg_replace_callback instead D:\www\elm\Core\Lib\Template\ThinkTemplate.class.php 第 807 行.
NOTIC: [8192] preg_replace(): The /e modifier is deprecated, use preg_replace_callback instead D:\www\elm\Core\Lib\Template\ThinkTemplate.class.php 第 807 行.
NOTIC: [8192] preg_replace(): The /e modifier is deprecated, use preg_replace_callback instead D:\www\elm\Core\Lib\Template\ThinkTemplate.class.php 第 807 行.
NOTIC: [8192] preg_replace(): The /e modifier is deprecated, use preg_replace_callback instead D:\www\elm\Core\Lib\Template\ThinkTemplate.class.php 第 807 行.
NOTIC: [8192] preg_replace(): The /e modifier is deprecated, use preg_replace_callback instead D:\www\elm\Core\Lib\Template\ThinkTemplate.class.php 第 807 行.
NOTIC: [8192] preg_replace(): The /e modifier is deprecated, use preg_replace_callback instead D:\www\elm\Core\Lib\Template\ThinkTemplate.class.php 第 807 行.
NOTIC: [8192] preg_replace(): The /e modifier is deprecated, use preg_replace_callback instead D:\www\elm\Core\Lib\Template\ThinkTemplate.class.php 第 807 行.
NOTIC: [8192] preg_replace(): The /e modifier is deprecated, use preg_replace_callback instead D:\www\elm\Core\Lib\Template\ThinkTemplate.class.php 第 807 行.
NOTIC: [8192] preg_replace(): The /e modifier is deprecated, use preg_replace_callback instead D:\www\elm\Core\Lib\Template\ThinkTemplate.class.php 第 807 行.
NOTIC: [8192] preg_replace(): The /e modifier is deprecated, use preg_replace_callback instead D:\www\elm\Core\Lib\Template\ThinkTemplate.class.php 第 807 行.
NOTIC: [8192] preg_replace(): The /e modifier is deprecated, use preg_replace_callback instead D:\www\elm\Core\Lib\Template\ThinkTemplate.class.php 第 807 行.
NOTIC: [8192] preg_replace(): The /e modifier is deprecated, use preg_replace_callback instead D:\www\elm\Core\Lib\Template\ThinkTemplate.class.php 第 807 行.
NOTIC: [8192] preg_replace(): The /e modifier is deprecated, use preg_replace_callback instead D:\www\elm\Core\Lib\Template\ThinkTemplate.class.php 第 807 行.
NOTIC: [8192] preg_replace(): The /e modifier is deprecated, use preg_replace_callback instead D:\www\elm\Core\Lib\Template\ThinkTemplate.class.php 第 807 行.
NOTIC: [8192] preg_replace(): The /e modifier is deprecated, use preg_replace_callback instead D:\www\elm\Core\Lib\Template\ThinkTemplate.class.php 第 807 行.
NOTIC: [8192] preg_replace(): The /e modifier is deprecated, use preg_replace_callback instead D:\www\elm\Core\Lib\Template\ThinkTemplate.class.php 第 807 行.
NOTIC: [8192] preg_replace(): The /e modifier is deprecated, use preg_replace_callback instead D:\www\elm\Core\Lib\Template\ThinkTemplate.class.php 第 807 行.
NOTIC: [8192] preg_replace(): The /e modifier is deprecated, use preg_replace_callback instead D:\www\elm\Core\Lib\Template\ThinkTemplate.class.php 第 807 行.
NOTIC: [8192] preg_replace(): The /e modifier is deprecated, use preg_replace_callback instead D:\www\elm\Core\Lib\Template\ThinkTemplate.class.php 第 807 行.
NOTIC: [8192] preg_replace(): The /e modifier is deprecated, use preg_replace_callback instead D:\www\elm\Core\Lib\Template\ThinkTemplate.class.php 第 807 行.
NOTIC: [8192] preg_replace(): The /e modifier is deprecated, use preg_replace_callback instead D:\www\elm\Core\Lib\Template\ThinkTemplate.class.php 第 807 行.
NOTIC: [8192] preg_replace(): The /e modifier is deprecated, use preg_replace_callback instead D:\www\elm\Core\Lib\Template\ThinkTemplate.class.php 第 807 行.
NOTIC: [8192] preg_replace(): The /e modifier is deprecated, use preg_replace_callback instead D:\www\elm\Core\Lib\Template\ThinkTemplate.class.php 第 807 行.
NOTIC: [8192] preg_replace(): The /e modifier is deprecated, use preg_replace_callback instead D:\www\elm\Core\Lib\Template\ThinkTemplate.class.php 第 807 行.
NOTIC: [8192] preg_replace(): The /e modifier is deprecated, use preg_replace_callback instead D:\www\elm\Core\Lib\Template\ThinkTemplate.class.php 第 807 行.
NOTIC: [8192] preg_replace(): The /e modifier is deprecated, use preg_replace_callback instead D:\www\elm\Core\Lib\Template\ThinkTemplate.class.php 第 807 行.
NOTIC: [8192] preg_replace(): The /e modifier is deprecated, use preg_replace_callback instead D:\www\elm\Core\Lib\Template\ThinkTemplate.class.php 第 807 行.
NOTIC: [8192] preg_replace(): The /e modifier is deprecated, use preg_replace_callback instead D:\www\elm\Core\Lib\Template\ThinkTemplate.class.php 第 807 行.
NOTIC: [8192] preg_replace(): The /e modifier is deprecated, use preg_replace_callback instead D:\www\elm\Core\Lib\Template\ThinkTemplate.class.php 第 807 行.
NOTIC: [8192] preg_replace(): The /e modifier is deprecated, use preg_replace_callback instead D:\www\elm\Core\Lib\Template\ThinkTemplate.class.php 第 807 行.
NOTIC: [8192] preg_replace(): The /e modifier is deprecated, use preg_replace_callback instead D:\www\elm\Core\Lib\Template\ThinkTemplate.class.php 第 807 行.
NOTIC: [8192] preg_replace(): The /e modifier is deprecated, use preg_replace_callback instead D:\www\elm\Core\Lib\Template\ThinkTemplate.class.php 第 807 行.
NOTIC: [8192] preg_replace(): The /e modifier is deprecated, use preg_replace_callback instead D:\www\elm\Core\Lib\Template\ThinkTemplate.class.php 第 807 行.
NOTIC: [8192] preg_replace(): The /e modifier is deprecated, use preg_replace_callback instead D:\www\elm\Core\Lib\Template\ThinkTemplate.class.php 第 807 行.
NOTIC: [8192] preg_replace(): The /e modifier is deprecated, use preg_replace_callback instead D:\www\elm\Core\Lib\Template\ThinkTemplate.class.php 第 807 行.
NOTIC: [8192] preg_replace(): The /e modifier is deprecated, use preg_replace_callback instead D:\www\elm\Core\Lib\Template\ThinkTemplate.class.php 第 807 行.
NOTIC: [8192] preg_replace(): The /e modifier is deprecated, use preg_replace_callback instead D:\www\elm\Core\Lib\Template\ThinkTemplate.class.php 第 807 行.
NOTIC: [8192] preg_replace(): The /e modifier is deprecated, use preg_replace_callback instead D:\www\elm\Core\Lib\Template\ThinkTemplate.class.php 第 807 行.
NOTIC: [8192] preg_replace(): The /e modifier is deprecated, use preg_replace_callback instead D:\www\elm\Core\Lib\Template\ThinkTemplate.class.php 第 807 行.
NOTIC: [8192] preg_replace(): The /e modifier is deprecated, use preg_replace_callback instead D:\www\elm\Core\Lib\Template\ThinkTemplate.class.php 第 807 行.
NOTIC: [8192] preg_replace(): The /e modifier is deprecated, use preg_replace_callback instead D:\www\elm\Core\Lib\Template\ThinkTemplate.class.php 第 807 行.
NOTIC: [8192] preg_replace(): The /e modifier is deprecated, use preg_replace_callback instead D:\www\elm\Core\Lib\Template\ThinkTemplate.class.php 第 807 行.
NOTIC: [8192] preg_replace(): The /e modifier is deprecated, use preg_replace_callback instead D:\www\elm\Core\Lib\Template\ThinkTemplate.class.php 第 807 行.
NOTIC: [8192] preg_replace(): The /e modifier is deprecated, use preg_replace_callback instead D:\www\elm\Core\Lib\Template\ThinkTemplate.class.php 第 807 行.
NOTIC: [8192] preg_replace(): The /e modifier is deprecated, use preg_replace_callback instead D:\www\elm\Core\Lib\Template\ThinkTemplate.class.php 第 807 行.
NOTIC: [8192] preg_replace(): The /e modifier is deprecated, use preg_replace_callback instead D:\www\elm\Core\Lib\Template\ThinkTemplate.class.php 第 807 行.
NOTIC: [8192] preg_replace(): The /e modifier is deprecated, use preg_replace_callback instead D:\www\elm\Core\Lib\Template\ThinkTemplate.class.php 第 807 行.
NOTIC: [8192] preg_replace(): The /e modifier is deprecated, use preg_replace_callback instead D:\www\elm\Core\Lib\Template\ThinkTemplate.class.php 第 807 行.
NOTIC: [8192] preg_replace(): The /e modifier is deprecated, use preg_replace_callback instead D:\www\elm\Core\Lib\Template\ThinkTemplate.class.php 第 807 行.
NOTIC: [8192] preg_replace(): The /e modifier is deprecated, use preg_replace_callback instead D:\www\elm\Core\Lib\Template\ThinkTemplate.class.php 第 807 行.
NOTIC: [8192] preg_replace(): The /e modifier is deprecated, use preg_replace_callback instead D:\www\elm\Core\Lib\Template\ThinkTemplate.class.php 第 807 行.
NOTIC: [8192] preg_replace(): The /e modifier is deprecated, use preg_replace_callback instead D:\www\elm\Core\Lib\Template\ThinkTemplate.class.php 第 807 行.
NOTIC: [8192] preg_replace(): The /e modifier is deprecated, use preg_replace_callback instead D:\www\elm\Core\Lib\Template\ThinkTemplate.class.php 第 797 行.
NOTIC: [8192] preg_replace(): The /e modifier is deprecated, use preg_replace_callback instead D:\www\elm\Core\Lib\Template\ThinkTemplate.class.php 第 797 行.
NOTIC: [8192] preg_replace(): The /e modifier is deprecated, use preg_replace_callback instead D:\www\elm\Core\Lib\Template\ThinkTemplate.class.php 第 797 行.
NOTIC: [8192] preg_replace(): The /e modifier is deprecated, use preg_replace_callback instead D:\www\elm\Core\Lib\Template\ThinkTemplate.class.php 第 797 行.
NOTIC: [8192] preg_replace(): The /e modifier is deprecated, use preg_replace_callback instead D:\www\elm\Core\Lib\Template\ThinkTemplate.class.php 第 797 行.
NOTIC: [8192] preg_replace(): The /e modifier is deprecated, use preg_replace_callback instead D:\www\elm\Core\Lib\Template\ThinkTemplate.class.php 第 797 行.
NOTIC: [8192] preg_replace(): The /e modifier is deprecated, use preg_replace_callback instead D:\www\elm\Core\Lib\Template\ThinkTemplate.class.php 第 807 行.
NOTIC: [8192] preg_replace(): The /e modifier is deprecated, use preg_replace_callback instead D:\www\elm\Core\Lib\Template\ThinkTemplate.class.php 第 807 行.
NOTIC: [8192] preg_replace(): The /e modifier is deprecated, use preg_replace_callback instead D:\www\elm\Core\Lib\Template\ThinkTemplate.class.php 第 807 行.
NOTIC: [8192] preg_replace(): The /e modifier is deprecated, use preg_replace_callback instead D:\www\elm\Core\Lib\Template\ThinkTemplate.class.php 第 393 行.
NOTIC: [8192] preg_replace(): The /e modifier is deprecated, use preg_replace_callback instead D:\www\elm\Core\Lib\Template\ThinkTemplate.class.php 第 273 行.
INFO: ParseTemplate Behavior ::run [ RunTime:0.009001s ]
INFO: [ view_parse ] --END-- [ RunTime:0.010001s ]
INFO: [ view_filter ] --START--
INFO: ContentReplace Behavior ::run [ RunTime:0.000000s ]
INFO: TokenBuild Behavior ::run [ RunTime:0.000000s ]
INFO: WriteHtmlCache Behavior ::run [ RunTime:0.000000s ]
INFO: ShowRuntime Behavior ::run [ RunTime:0.001000s ]
INFO: [ view_filter ] --END-- [ RunTime:0.001000s ]
INFO: [ view_end ] --START--
INFO: ShowPageTrace Behavior ::run [ RunTime:0.000000s ]
INFO: [ view_end ] --END-- [ RunTime:0.000000s ]

[ 2016-01-15T11:12:00+08:00 ] 127.0.0.1 /
INFO: [ app_begin ] --START--
INFO: ReadHtmlCache Behavior ::run [ RunTime:0.000000s ]
INFO: [ app_begin ] --END-- [ RunTime:0.000000s ]
NOTIC: [8192] mysql_connect(): The mysql extension is deprecated and will be removed in the future: use mysqli or PDO instead D:\www\elm\Core\Lib\Driver\Db\DbMysql.class.php 第 109 行.
SQL: SHOW COLUMNS FROM `cat_time` [ RunTime:0.001000s ]
ERR: 1146:Table 'cat.cat_time' doesn't exist
 [ SQL语句 ] : SHOW COLUMNS FROM `cat_time`
NOTIC: [8192] preg_replace(): The /e modifier is deprecated, use preg_replace_callback instead D:\www\elm\Core\Lib\Core\Db.class.php 第 1207 行.
SQL: SELECT * FROM `cat_time` WHERE ( `time` = '2016-01-15' ) LIMIT 1   [ RunTime:0.000000s ]
ERR: 1146:Table 'cat.cat_time' doesn't exist
 [ SQL语句 ] : SELECT * FROM `cat_time` WHERE ( `time` = '2016-01-15' ) LIMIT 1  
SQL: INSERT INTO `cat_time` (`time`,`no`) VALUES ('2016-01-15',1) [ RunTime:0.000000s ]
ERR: 1146:Table 'cat.cat_time' doesn't exist
 [ SQL语句 ] : INSERT INTO `cat_time` (`time`,`no`) VALUES ('2016-01-15',1)
SQL: SHOW COLUMNS FROM `cat_config` [ RunTime:0.002000s ]
NOTIC: [8192] preg_replace(): The /e modifier is deprecated, use preg_replace_callback instead D:\www\elm\Core\Lib\Core\Db.class.php 第 1207 行.
SQL: SELECT * FROM `cat_config`  [ RunTime:0.000000s ]
NOTIC: [2] file_get_contents(jsapi_ticket.json): failed to open stream: No such file or directory D:\www\elm\Core\Extend\Vendor\Wx\Jssdk.php 第 48 行.
NOTIC: [8] Trying to get property of non-object D:\www\elm\Core\Extend\Vendor\Wx\Jssdk.php 第 49 行.
NOTIC: [2] file_get_contents(access_token.json): failed to open stream: No such file or directory D:\www\elm\Core\Extend\Vendor\Wx\Jssdk.php 第 72 行.
NOTIC: [8] Trying to get property of non-object D:\www\elm\Core\Extend\Vendor\Wx\Jssdk.php 第 73 行.
NOTIC: [8] Undefined property: stdClass::$access_token D:\www\elm\Core\Extend\Vendor\Wx\Jssdk.php 第 78 行.
NOTIC: [8] Undefined property: stdClass::$ticket D:\www\elm\Core\Extend\Vendor\Wx\Jssdk.php 第 55 行.
SQL: SHOW COLUMNS FROM `cat_account` [ RunTime:0.003001s ]
NOTIC: [8192] preg_replace(): The /e modifier is deprecated, use preg_replace_callback instead D:\www\elm\Core\Lib\Core\Db.class.php 第 1207 行.
SQL: SELECT * FROM `cat_account` WHERE ( `openid` = 'ooJsMuBae9b3XHJVptSqp1Jr9Tw4' ) LIMIT 1   [ RunTime:0.000000s ]
NOTIC: [8] Undefined index: nickname D:\www\elm\App\Njs\Home\Action\BaseAction.class.php 第 47 行.
SQL: UPDATE `cat_account` SET `nickname`=null WHERE ( `openid` = 'ooJsMuBae9b3XHJVptSqp1Jr9Tw4' ) [ RunTime:0.000000s ]
INFO: [ view_parse ] --START--
NOTIC: [8192] preg_replace(): The /e modifier is deprecated, use preg_replace_callback instead D:\www\elm\Core\Lib\Template\ThinkTemplate.class.php 第 545 行.
NOTIC: [8192] preg_replace(): The /e modifier is deprecated, use preg_replace_callback instead D:\www\elm\Core\Lib\Template\ThinkTemplate.class.php 第 335 行.
NOTIC: [8192] preg_replace(): The /e modifier is deprecated, use preg_replace_callback instead D:\www\elm\Core\Lib\Template\ThinkTemplate.class.php 第 807 行.
NOTIC: [8192] preg_replace(): The /e modifier is deprecated, use preg_replace_callback instead D:\www\elm\Core\Lib\Template\ThinkTemplate.class.php 第 807 行.
NOTIC: [8192] preg_replace(): The /e modifier is deprecated, use preg_replace_callback instead D:\www\elm\Core\Lib\Template\ThinkTemplate.class.php 第 807 行.
NOTIC: [8192] preg_replace(): The /e modifier is deprecated, use preg_replace_callback instead D:\www\elm\Core\Lib\Template\ThinkTemplate.class.php 第 807 行.
NOTIC: [8192] preg_replace(): The /e modifier is deprecated, use preg_replace_callback instead D:\www\elm\Core\Lib\Template\ThinkTemplate.class.php 第 807 行.
NOTIC: [8192] preg_replace(): The /e modifier is deprecated, use preg_replace_callback instead D:\www\elm\Core\Lib\Template\ThinkTemplate.class.php 第 807 行.
NOTIC: [8192] preg_replace(): The /e modifier is deprecated, use preg_replace_callback instead D:\www\elm\Core\Lib\Template\ThinkTemplate.class.php 第 807 行.
NOTIC: [8192] preg_replace(): The /e modifier is deprecated, use preg_replace_callback instead D:\www\elm\Core\Lib\Template\ThinkTemplate.class.php 第 807 行.
NOTIC: [8192] preg_replace(): The /e modifier is deprecated, use preg_replace_callback instead D:\www\elm\Core\Lib\Template\ThinkTemplate.class.php 第 807 行.
NOTIC: [8192] preg_replace(): The /e modifier is deprecated, use preg_replace_callback instead D:\www\elm\Core\Lib\Template\ThinkTemplate.class.php 第 807 行.
NOTIC: [8192] preg_replace(): The /e modifier is deprecated, use preg_replace_callback instead D:\www\elm\Core\Lib\Template\ThinkTemplate.class.php 第 807 行.
NOTIC: [8192] preg_replace(): The /e modifier is deprecated, use preg_replace_callback instead D:\www\elm\Core\Lib\Template\ThinkTemplate.class.php 第 807 行.
NOTIC: [8192] preg_replace(): The /e modifier is deprecated, use preg_replace_callback instead D:\www\elm\Core\Lib\Template\ThinkTemplate.class.php 第 797 行.
NOTIC: [8192] preg_replace(): The /e modifier is deprecated, use preg_replace_callback instead D:\www\elm\Core\Lib\Template\ThinkTemplate.class.php 第 797 行.
NOTIC: [8192] preg_replace(): The /e modifier is deprecated, use preg_replace_callback instead D:\www\elm\Core\Lib\Template\ThinkTemplate.class.php 第 807 行.
NOTIC: [8192] preg_replace(): The /e modifier is deprecated, use preg_replace_callback instead D:\www\elm\Core\Lib\Template\ThinkTemplate.class.php 第 807 行.
NOTIC: [8192] preg_replace(): The /e modifier is deprecated, use preg_replace_callback instead D:\www\elm\Core\Lib\Template\ThinkTemplate.class.php 第 807 行.
NOTIC: [8192] preg_replace(): The /e modifier is deprecated, use preg_replace_callback instead D:\www\elm\Core\Lib\Template\ThinkTemplate.class.php 第 797 行.
NOTIC: [8192] preg_replace(): The /e modifier is deprecated, use preg_replace_callback instead D:\www\elm\Core\Lib\Template\ThinkTemplate.class.php 第 807 行.
NOTIC: [8192] preg_replace(): The /e modifier is deprecated, use preg_replace_callback instead D:\www\elm\Core\Lib\Template\ThinkTemplate.class.php 第 807 行.
NOTIC: [8192] preg_replace(): The /e modifier is deprecated, use preg_replace_callback instead D:\www\elm\Core\Lib\Template\ThinkTemplate.class.php 第 807 行.
NOTIC: [8192] preg_replace(): The /e modifier is deprecated, use preg_replace_callback instead D:\www\elm\Core\Lib\Template\ThinkTemplate.class.php 第 807 行.
NOTIC: [8192] preg_replace(): The /e modifier is deprecated, use preg_replace_callback instead D:\www\elm\Core\Lib\Template\ThinkTemplate.class.php 第 807 行.
NOTIC: [8192] preg_replace(): The /e modifier is deprecated, use preg_replace_callback instead D:\www\elm\Core\Lib\Template\ThinkTemplate.class.php 第 807 行.
NOTIC: [8192] preg_replace(): The /e modifier is deprecated, use preg_replace_callback instead D:\www\elm\Core\Lib\Template\ThinkTemplate.class.php 第 807 行.
NOTIC: [8192] preg_replace(): The /e modifier is deprecated, use preg_replace_callback instead D:\www\elm\Core\Lib\Template\ThinkTemplate.class.php 第 807 行.
NOTIC: [8192] preg_replace(): The /e modifier is deprecated, use preg_replace_callback instead D:\www\elm\Core\Lib\Template\ThinkTemplate.class.php 第 807 行.
NOTIC: [8192] preg_replace(): The /e modifier is deprecated, use preg_replace_callback instead D:\www\elm\Core\Lib\Template\ThinkTemplate.class.php 第 807 行.
NOTIC: [8192] preg_replace(): The /e modifier is deprecated, use preg_replace_callback instead D:\www\elm\Core\Lib\Template\ThinkTemplate.class.php 第 807 行.
NOTIC: [8192] preg_replace(): The /e modifier is deprecated, use preg_replace_callback instead D:\www\elm\Core\Lib\Template\ThinkTemplate.class.php 第 807 行.
NOTIC: [8192] preg_replace(): The /e modifier is deprecated, use preg_replace_callback instead D:\www\elm\Core\Lib\Template\ThinkTemplate.class.php 第 807 行.
NOTIC: [8192] preg_replace(): The /e modifier is deprecated, use preg_replace_callback instead D:\www\elm\Core\Lib\Template\ThinkTemplate.class.php 第 807 行.
NOTIC: [8192] preg_replace(): The /e modifier is deprecated, use preg_replace_callback instead D:\www\elm\Core\Lib\Template\ThinkTemplate.class.php 第 807 行.
NOTIC: [8192] preg_replace(): The /e modifier is deprecated, use preg_replace_callback instead D:\www\elm\Core\Lib\Template\ThinkTemplate.class.php 第 807 行.
NOTIC: [8192] preg_replace(): The /e modifier is deprecated, use preg_replace_callback instead D:\www\elm\Core\Lib\Template\ThinkTemplate.class.php 第 807 行.
NOTIC: [8192] preg_replace(): The /e modifier is deprecated, use preg_replace_callback instead D:\www\elm\Core\Lib\Template\ThinkTemplate.class.php 第 807 行.
NOTIC: [8192] preg_replace(): The /e modifier is deprecated, use preg_replace_callback instead D:\www\elm\Core\Lib\Template\ThinkTemplate.class.php 第 807 行.
NOTIC: [8192] preg_replace(): The /e modifier is deprecated, use preg_replace_callback instead D:\www\elm\Core\Lib\Template\ThinkTemplate.class.php 第 807 行.
NOTIC: [8192] preg_replace(): The /e modifier is deprecated, use preg_replace_callback instead D:\www\elm\Core\Lib\Template\ThinkTemplate.class.php 第 807 行.
NOTIC: [8192] preg_replace(): The /e modifier is deprecated, use preg_replace_callback instead D:\www\elm\Core\Lib\Template\ThinkTemplate.class.php 第 807 行.
NOTIC: [8192] preg_replace(): The /e modifier is deprecated, use preg_replace_callback instead D:\www\elm\Core\Lib\Template\ThinkTemplate.class.php 第 807 行.
NOTIC: [8192] preg_replace(): The /e modifier is deprecated, use preg_replace_callback instead D:\www\elm\Core\Lib\Template\ThinkTemplate.class.php 第 807 行.
NOTIC: [8192] preg_replace(): The /e modifier is deprecated, use preg_replace_callback instead D:\www\elm\Core\Lib\Template\ThinkTemplate.class.php 第 807 行.
NOTIC: [8192] preg_replace(): The /e modifier is deprecated, use preg_replace_callback instead D:\www\elm\Core\Lib\Template\ThinkTemplate.class.php 第 807 行.
NOTIC: [8192] preg_replace(): The /e modifier is deprecated, use preg_replace_callback instead D:\www\elm\Core\Lib\Template\ThinkTemplate.class.php 第 807 行.
NOTIC: [8192] preg_replace(): The /e modifier is deprecated, use preg_replace_callback instead D:\www\elm\Core\Lib\Template\ThinkTemplate.class.php 第 807 行.
NOTIC: [8192] preg_replace(): The /e modifier is deprecated, use preg_replace_callback instead D:\www\elm\Core\Lib\Template\ThinkTemplate.class.php 第 807 行.
NOTIC: [8192] preg_replace(): The /e modifier is deprecated, use preg_replace_callback instead D:\www\elm\Core\Lib\Template\ThinkTemplate.class.php 第 807 行.
NOTIC: [8192] preg_replace(): The /e modifier is deprecated, use preg_replace_callback instead D:\www\elm\Core\Lib\Template\ThinkTemplate.class.php 第 807 行.
NOTIC: [8192] preg_replace(): The /e modifier is deprecated, use preg_replace_callback instead D:\www\elm\Core\Lib\Template\ThinkTemplate.class.php 第 807 行.
NOTIC: [8192] preg_replace(): The /e modifier is deprecated, use preg_replace_callback instead D:\www\elm\Core\Lib\Template\ThinkTemplate.class.php 第 807 行.
NOTIC: [8192] preg_replace(): The /e modifier is deprecated, use preg_replace_callback instead D:\www\elm\Core\Lib\Template\ThinkTemplate.class.php 第 807 行.
NOTIC: [8192] preg_replace(): The /e modifier is deprecated, use preg_replace_callback instead D:\www\elm\Core\Lib\Template\ThinkTemplate.class.php 第 807 行.
NOTIC: [8192] preg_replace(): The /e modifier is deprecated, use preg_replace_callback instead D:\www\elm\Core\Lib\Template\ThinkTemplate.class.php 第 807 行.
NOTIC: [8192] preg_replace(): The /e modifier is deprecated, use preg_replace_callback instead D:\www\elm\Core\Lib\Template\ThinkTemplate.class.php 第 807 行.
NOTIC: [8192] preg_replace(): The /e modifier is deprecated, use preg_replace_callback instead D:\www\elm\Core\Lib\Template\ThinkTemplate.class.php 第 807 行.
NOTIC: [8192] preg_replace(): The /e modifier is deprecated, use preg_replace_callback instead D:\www\elm\Core\Lib\Template\ThinkTemplate.class.php 第 807 行.
NOTIC: [8192] preg_replace(): The /e modifier is deprecated, use preg_replace_callback instead D:\www\elm\Core\Lib\Template\ThinkTemplate.class.php 第 807 行.
NOTIC: [8192] preg_replace(): The /e modifier is deprecated, use preg_replace_callback instead D:\www\elm\Core\Lib\Template\ThinkTemplate.class.php 第 807 行.
NOTIC: [8192] preg_replace(): The /e modifier is deprecated, use preg_replace_callback instead D:\www\elm\Core\Lib\Template\ThinkTemplate.class.php 第 807 行.
NOTIC: [8192] preg_replace(): The /e modifier is deprecated, use preg_replace_callback instead D:\www\elm\Core\Lib\Template\ThinkTemplate.class.php 第 807 行.
NOTIC: [8192] preg_replace(): The /e modifier is deprecated, use preg_replace_callback instead D:\www\elm\Core\Lib\Template\ThinkTemplate.class.php 第 807 行.
NOTIC: [8192] preg_replace(): The /e modifier is deprecated, use preg_replace_callback instead D:\www\elm\Core\Lib\Template\ThinkTemplate.class.php 第 807 行.
NOTIC: [8192] preg_replace(): The /e modifier is deprecated, use preg_replace_callback instead D:\www\elm\Core\Lib\Template\ThinkTemplate.class.php 第 807 行.
NOTIC: [8192] preg_replace(): The /e modifier is deprecated, use preg_replace_callback instead D:\www\elm\Core\Lib\Template\ThinkTemplate.class.php 第 807 行.
NOTIC: [8192] preg_replace(): The /e modifier is deprecated, use preg_replace_callback instead D:\www\elm\Core\Lib\Template\ThinkTemplate.class.php 第 807 行.
NOTIC: [8192] preg_replace(): The /e modifier is deprecated, use preg_replace_callback instead D:\www\elm\Core\Lib\Template\ThinkTemplate.class.php 第 807 行.
NOTIC: [8192] preg_replace(): The /e modifier is deprecated, use preg_replace_callback instead D:\www\elm\Core\Lib\Template\ThinkTemplate.class.php 第 807 行.
NOTIC: [8192] preg_replace(): The /e modifier is deprecated, use preg_replace_callback instead D:\www\elm\Core\Lib\Template\ThinkTemplate.class.php 第 807 行.
NOTIC: [8192] preg_replace(): The /e modifier is deprecated, use preg_replace_callback instead D:\www\elm\Core\Lib\Template\ThinkTemplate.class.php 第 807 行.
NOTIC: [8192] preg_replace(): The /e modifier is deprecated, use preg_replace_callback instead D:\www\elm\Core\Lib\Template\ThinkTemplate.class.php 第 807 行.
NOTIC: [8192] preg_replace(): The /e modifier is deprecated, use preg_replace_callback instead D:\www\elm\Core\Lib\Template\ThinkTemplate.class.php 第 807 行.
NOTIC: [8192] preg_replace(): The /e modifier is deprecated, use preg_replace_callback instead D:\www\elm\Core\Lib\Template\ThinkTemplate.class.php 第 807 行.
NOTIC: [8192] preg_replace(): The /e modifier is deprecated, use preg_replace_callback instead D:\www\elm\Core\Lib\Template\ThinkTemplate.class.php 第 807 行.
NOTIC: [8192] preg_replace(): The /e modifier is deprecated, use preg_replace_callback instead D:\www\elm\Core\Lib\Template\ThinkTemplate.class.php 第 807 行.
NOTIC: [8192] preg_replace(): The /e modifier is deprecated, use preg_replace_callback instead D:\www\elm\Core\Lib\Template\ThinkTemplate.class.php 第 807 行.
NOTIC: [8192] preg_replace(): The /e modifier is deprecated, use preg_replace_callback instead D:\www\elm\Core\Lib\Template\ThinkTemplate.class.php 第 807 行.
NOTIC: [8192] preg_replace(): The /e modifier is deprecated, use preg_replace_callback instead D:\www\elm\Core\Lib\Template\ThinkTemplate.class.php 第 807 行.
NOTIC: [8192] preg_replace(): The /e modifier is deprecated, use preg_replace_callback instead D:\www\elm\Core\Lib\Template\ThinkTemplate.class.php 第 807 行.
NOTIC: [8192] preg_replace(): The /e modifier is deprecated, use preg_replace_callback instead D:\www\elm\Core\Lib\Template\ThinkTemplate.class.php 第 807 行.
NOTIC: [8192] preg_replace(): The /e modifier is deprecated, use preg_replace_callback instead D:\www\elm\Core\Lib\Template\ThinkTemplate.class.php 第 807 行.
NOTIC: [8192] preg_replace(): The /e modifier is deprecated, use preg_replace_callback instead D:\www\elm\Core\Lib\Template\ThinkTemplate.class.php 第 807 行.
NOTIC: [8192] preg_replace(): The /e modifier is deprecated, use preg_replace_callback instead D:\www\elm\Core\Lib\Template\ThinkTemplate.class.php 第 807 行.
NOTIC: [8192] preg_replace(): The /e modifier is deprecated, use preg_replace_callback instead D:\www\elm\Core\Lib\Template\ThinkTemplate.class.php 第 807 行.
NOTIC: [8192] preg_replace(): The /e modifier is deprecated, use preg_replace_callback instead D:\www\elm\Core\Lib\Template\ThinkTemplate.class.php 第 797 行.
NOTIC: [8192] preg_replace(): The /e modifier is deprecated, use preg_replace_callback instead D:\www\elm\Core\Lib\Template\ThinkTemplate.class.php 第 797 行.
NOTIC: [8192] preg_replace(): The /e modifier is deprecated, use preg_replace_callback instead D:\www\elm\Core\Lib\Template\ThinkTemplate.class.php 第 797 行.
NOTIC: [8192] preg_replace(): The /e modifier is deprecated, use preg_replace_callback instead D:\www\elm\Core\Lib\Template\ThinkTemplate.class.php 第 797 行.
NOTIC: [8192] preg_replace(): The /e modifier is deprecated, use preg_replace_callback instead D:\www\elm\Core\Lib\Template\ThinkTemplate.class.php 第 797 行.
NOTIC: [8192] preg_replace(): The /e modifier is deprecated, use preg_replace_callback instead D:\www\elm\Core\Lib\Template\ThinkTemplate.class.php 第 797 行.
NOTIC: [8192] preg_replace(): The /e modifier is deprecated, use preg_replace_callback instead D:\www\elm\Core\Lib\Template\ThinkTemplate.class.php 第 807 行.
NOTIC: [8192] preg_replace(): The /e modifier is deprecated, use preg_replace_callback instead D:\www\elm\Core\Lib\Template\ThinkTemplate.class.php 第 807 行.
NOTIC: [8192] preg_replace(): The /e modifier is deprecated, use preg_replace_callback instead D:\www\elm\Core\Lib\Template\ThinkTemplate.class.php 第 807 行.
NOTIC: [8192] preg_replace(): The /e modifier is deprecated, use preg_replace_callback instead D:\www\elm\Core\Lib\Template\ThinkTemplate.class.php 第 393 行.
NOTIC: [8192] preg_replace(): The /e modifier is deprecated, use preg_replace_callback instead D:\www\elm\Core\Lib\Template\ThinkTemplate.class.php 第 273 行.
INFO: ParseTemplate Behavior ::run [ RunTime:0.004000s ]
INFO: [ view_parse ] --END-- [ RunTime:0.004000s ]
INFO: [ view_filter ] --START--
INFO: ContentReplace Behavior ::run [ RunTime:0.000000s ]
INFO: TokenBuild Behavior ::run [ RunTime:0.000000s ]
INFO: WriteHtmlCache Behavior ::run [ RunTime:0.001000s ]
INFO: ShowRuntime Behavior ::run [ RunTime:0.000000s ]
INFO: [ view_filter ] --END-- [ RunTime:0.001000s ]
INFO: [ view_end ] --START--
INFO: ShowPageTrace Behavior ::run [ RunTime:0.000000s ]
INFO: [ view_end ] --END-- [ RunTime:0.000000s ]

[ 2016-01-15T11:12:02+08:00 ] 127.0.0.1 /index.php/Index/f1
INFO: [ route_check ] --START--
INFO: CheckRoute Behavior ::run [ RunTime:0.000000s ]
INFO: [ route_check ] --END-- [ RunTime:0.000000s ]
NOTIC: [8192] preg_replace(): The /e modifier is deprecated, use preg_replace_callback instead D:\www\elm\Core\Lib\Core\Dispatcher.class.php 第 263 行.
INFO: [ app_begin ] --START--
INFO: ReadHtmlCache Behavior ::run [ RunTime:0.000000s ]
INFO: [ app_begin ] --END-- [ RunTime:0.000000s ]
NOTIC: [8] Undefined index: openid D:\www\elm\App\Njs\Home\Action\BaseAction.class.php 第 26 行.
NOTIC: [8192] mysql_connect(): The mysql extension is deprecated and will be removed in the future: use mysqli or PDO instead D:\www\elm\Core\Lib\Driver\Db\DbMysql.class.php 第 109 行.
SQL: SHOW COLUMNS FROM `cat_time` [ RunTime:0.002000s ]
ERR: 1146:Table 'cat.cat_time' doesn't exist
 [ SQL语句 ] : SHOW COLUMNS FROM `cat_time`
NOTIC: [8192] preg_replace(): The /e modifier is deprecated, use preg_replace_callback instead D:\www\elm\Core\Lib\Core\Db.class.php 第 1207 行.
SQL: SELECT * FROM `cat_time` WHERE ( `time` = '2016-01-15' ) LIMIT 1   [ RunTime:0.000000s ]
ERR: 1146:Table 'cat.cat_time' doesn't exist
 [ SQL语句 ] : SELECT * FROM `cat_time` WHERE ( `time` = '2016-01-15' ) LIMIT 1  
SQL: INSERT INTO `cat_time` (`time`,`no`) VALUES ('2016-01-15',1) [ RunTime:0.001000s ]
ERR: 1146:Table 'cat.cat_time' doesn't exist
 [ SQL语句 ] : INSERT INTO `cat_time` (`time`,`no`) VALUES ('2016-01-15',1)
SQL: SHOW COLUMNS FROM `cat_config` [ RunTime:0.001001s ]
NOTIC: [8192] preg_replace(): The /e modifier is deprecated, use preg_replace_callback instead D:\www\elm\Core\Lib\Core\Db.class.php 第 1207 行.
SQL: SELECT * FROM `cat_config`  [ RunTime:0.000000s ]
NOTIC: [2] file_get_contents(jsapi_ticket.json): failed to open stream: No such file or directory D:\www\elm\Core\Extend\Vendor\Wx\Jssdk.php 第 48 行.
NOTIC: [8] Trying to get property of non-object D:\www\elm\Core\Extend\Vendor\Wx\Jssdk.php 第 49 行.
NOTIC: [2] file_get_contents(access_token.json): failed to open stream: No such file or directory D:\www\elm\Core\Extend\Vendor\Wx\Jssdk.php 第 72 行.
NOTIC: [8] Trying to get property of non-object D:\www\elm\Core\Extend\Vendor\Wx\Jssdk.php 第 73 行.
NOTIC: [8] Undefined property: stdClass::$access_token D:\www\elm\Core\Extend\Vendor\Wx\Jssdk.php 第 78 行.
NOTIC: [8] Undefined property: stdClass::$ticket D:\www\elm\Core\Extend\Vendor\Wx\Jssdk.php 第 55 行.
SQL: SHOW COLUMNS FROM `cat_account` [ RunTime:0.002000s ]
NOTIC: [8192] preg_replace(): The /e modifier is deprecated, use preg_replace_callback instead D:\www\elm\Core\Lib\Core\Db.class.php 第 1207 行.
SQL: SELECT * FROM `cat_account` WHERE ( `openid` = 'ooJsMuBae9b3XHJVptSqp1Jr9Tw4' ) LIMIT 1   [ RunTime:0.000000s ]
NOTIC: [8] Undefined index: nickname D:\www\elm\App\Njs\Home\Action\BaseAction.class.php 第 47 行.
SQL: UPDATE `cat_account` SET `nickname`=null WHERE ( `openid` = 'ooJsMuBae9b3XHJVptSqp1Jr9Tw4' ) [ RunTime:0.000000s ]
INFO: [ view_parse ] --START--
NOTIC: [8192] preg_replace(): The /e modifier is deprecated, use preg_replace_callback instead D:\www\elm\Core\Lib\Template\ThinkTemplate.class.php 第 545 行.
NOTIC: [8192] preg_replace(): The /e modifier is deprecated, use preg_replace_callback instead D:\www\elm\Core\Lib\Template\ThinkTemplate.class.php 第 335 行.
NOTIC: [8192] preg_replace(): The /e modifier is deprecated, use preg_replace_callback instead D:\www\elm\Core\Lib\Template\ThinkTemplate.class.php 第 807 行.
NOTIC: [8192] preg_replace(): The /e modifier is deprecated, use preg_replace_callback instead D:\www\elm\Core\Lib\Template\ThinkTemplate.class.php 第 807 行.
NOTIC: [8192] preg_replace(): The /e modifier is deprecated, use preg_replace_callback instead D:\www\elm\Core\Lib\Template\ThinkTemplate.class.php 第 807 行.
NOTIC: [8192] preg_replace(): The /e modifier is deprecated, use preg_replace_callback instead D:\www\elm\Core\Lib\Template\ThinkTemplate.class.php 第 807 行.
NOTIC: [8192] preg_replace(): The /e modifier is deprecated, use preg_replace_callback instead D:\www\elm\Core\Lib\Template\ThinkTemplate.class.php 第 807 行.
NOTIC: [8192] preg_replace(): The /e modifier is deprecated, use preg_replace_callback instead D:\www\elm\Core\Lib\Template\ThinkTemplate.class.php 第 807 行.
NOTIC: [8192] preg_replace(): The /e modifier is deprecated, use preg_replace_callback instead D:\www\elm\Core\Lib\Template\ThinkTemplate.class.php 第 807 行.
NOTIC: [8192] preg_replace(): The /e modifier is deprecated, use preg_replace_callback instead D:\www\elm\Core\Lib\Template\ThinkTemplate.class.php 第 807 行.
NOTIC: [8192] preg_replace(): The /e modifier is deprecated, use preg_replace_callback instead D:\www\elm\Core\Lib\Template\ThinkTemplate.class.php 第 807 行.
NOTIC: [8192] preg_replace(): The /e modifier is deprecated, use preg_replace_callback instead D:\www\elm\Core\Lib\Template\ThinkTemplate.class.php 第 807 行.
NOTIC: [8192] preg_replace(): The /e modifier is deprecated, use preg_replace_callback instead D:\www\elm\Core\Lib\Template\ThinkTemplate.class.php 第 807 行.
NOTIC: [8192] preg_replace(): The /e modifier is deprecated, use preg_replace_callback instead D:\www\elm\Core\Lib\Template\ThinkTemplate.class.php 第 807 行.
NOTIC: [8192] preg_replace(): The /e modifier is deprecated, use preg_replace_callback instead D:\www\elm\Core\Lib\Template\ThinkTemplate.class.php 第 797 行.
NOTIC: [8192] preg_replace(): The /e modifier is deprecated, use preg_replace_callback instead D:\www\elm\Core\Lib\Template\ThinkTemplate.class.php 第 797 行.
NOTIC: [8192] preg_replace(): The /e modifier is deprecated, use preg_replace_callback instead D:\www\elm\Core\Lib\Template\ThinkTemplate.class.php 第 807 行.
NOTIC: [8192] preg_replace(): The /e modifier is deprecated, use preg_replace_callback instead D:\www\elm\Core\Lib\Template\ThinkTemplate.class.php 第 807 行.
NOTIC: [8192] preg_replace(): The /e modifier is deprecated, use preg_replace_callback instead D:\www\elm\Core\Lib\Template\ThinkTemplate.class.php 第 807 行.
NOTIC: [8192] preg_replace(): The /e modifier is deprecated, use preg_replace_callback instead D:\www\elm\Core\Lib\Template\ThinkTemplate.class.php 第 797 行.
NOTIC: [8192] preg_replace(): The /e modifier is deprecated, use preg_replace_callback instead D:\www\elm\Core\Lib\Template\ThinkTemplate.class.php 第 807 行.
NOTIC: [8192] preg_replace(): The /e modifier is deprecated, use preg_replace_callback instead D:\www\elm\Core\Lib\Template\ThinkTemplate.class.php 第 807 行.
NOTIC: [8192] preg_replace(): The /e modifier is deprecated, use preg_replace_callback instead D:\www\elm\Core\Lib\Template\ThinkTemplate.class.php 第 807 行.
NOTIC: [8192] preg_replace(): The /e modifier is deprecated, use preg_replace_callback instead D:\www\elm\Core\Lib\Template\ThinkTemplate.class.php 第 807 行.
NOTIC: [8192] preg_replace(): The /e modifier is deprecated, use preg_replace_callback instead D:\www\elm\Core\Lib\Template\ThinkTemplate.class.php 第 807 行.
NOTIC: [8192] preg_replace(): The /e modifier is deprecated, use preg_replace_callback instead D:\www\elm\Core\Lib\Template\ThinkTemplate.class.php 第 807 行.
NOTIC: [8192] preg_replace(): The /e modifier is deprecated, use preg_replace_callback instead D:\www\elm\Core\Lib\Template\ThinkTemplate.class.php 第 807 行.
NOTIC: [8192] preg_replace(): The /e modifier is deprecated, use preg_replace_callback instead D:\www\elm\Core\Lib\Template\ThinkTemplate.class.php 第 807 行.
NOTIC: [8192] preg_replace(): The /e modifier is deprecated, use preg_replace_callback instead D:\www\elm\Core\Lib\Template\ThinkTemplate.class.php 第 807 行.
NOTIC: [8192] preg_replace(): The /e modifier is deprecated, use preg_replace_callback instead D:\www\elm\Core\Lib\Template\ThinkTemplate.class.php 第 807 行.
NOTIC: [8192] preg_replace(): The /e modifier is deprecated, use preg_replace_callback instead D:\www\elm\Core\Lib\Template\ThinkTemplate.class.php 第 807 行.
NOTIC: [8192] preg_replace(): The /e modifier is deprecated, use preg_replace_callback instead D:\www\elm\Core\Lib\Template\ThinkTemplate.class.php 第 807 行.
NOTIC: [8192] preg_replace(): The /e modifier is deprecated, use preg_replace_callback instead D:\www\elm\Core\Lib\Template\ThinkTemplate.class.php 第 807 行.
NOTIC: [8192] preg_replace(): The /e modifier is deprecated, use preg_replace_callback instead D:\www\elm\Core\Lib\Template\ThinkTemplate.class.php 第 807 行.
NOTIC: [8192] preg_replace(): The /e modifier is deprecated, use preg_replace_callback instead D:\www\elm\Core\Lib\Template\ThinkTemplate.class.php 第 807 行.
NOTIC: [8192] preg_replace(): The /e modifier is deprecated, use preg_replace_callback instead D:\www\elm\Core\Lib\Template\ThinkTemplate.class.php 第 807 行.
NOTIC: [8192] preg_replace(): The /e modifier is deprecated, use preg_replace_callback instead D:\www\elm\Core\Lib\Template\ThinkTemplate.class.php 第 807 行.
NOTIC: [8192] preg_replace(): The /e modifier is deprecated, use preg_replace_callback instead D:\www\elm\Core\Lib\Template\ThinkTemplate.class.php 第 807 行.
NOTIC: [8192] preg_replace(): The /e modifier is deprecated, use preg_replace_callback instead D:\www\elm\Core\Lib\Template\ThinkTemplate.class.php 第 807 行.
NOTIC: [8192] preg_replace(): The /e modifier is deprecated, use preg_replace_callback instead D:\www\elm\Core\Lib\Template\ThinkTemplate.class.php 第 807 行.
NOTIC: [8192] preg_replace(): The /e modifier is deprecated, use preg_replace_callback instead D:\www\elm\Core\Lib\Template\ThinkTemplate.class.php 第 807 行.
NOTIC: [8192] preg_replace(): The /e modifier is deprecated, use preg_replace_callback instead D:\www\elm\Core\Lib\Template\ThinkTemplate.class.php 第 807 行.
NOTIC: [8192] preg_replace(): The /e modifier is deprecated, use preg_replace_callback instead D:\www\elm\Core\Lib\Template\ThinkTemplate.class.php 第 807 行.
NOTIC: [8192] preg_replace(): The /e modifier is deprecated, use preg_replace_callback instead D:\www\elm\Core\Lib\Template\ThinkTemplate.class.php 第 807 行.
NOTIC: [8192] preg_replace(): The /e modifier is deprecated, use preg_replace_callback instead D:\www\elm\Core\Lib\Template\ThinkTemplate.class.php 第 807 行.
NOTIC: [8192] preg_replace(): The /e modifier is deprecated, use preg_replace_callback instead D:\www\elm\Core\Lib\Template\ThinkTemplate.class.php 第 807 行.
NOTIC: [8192] preg_replace(): The /e modifier is deprecated, use preg_replace_callback instead D:\www\elm\Core\Lib\Template\ThinkTemplate.class.php 第 807 行.
NOTIC: [8192] preg_replace(): The /e modifier is deprecated, use preg_replace_callback instead D:\www\elm\Core\Lib\Template\ThinkTemplate.class.php 第 807 行.
NOTIC: [8192] preg_replace(): The /e modifier is deprecated, use preg_replace_callback instead D:\www\elm\Core\Lib\Template\ThinkTemplate.class.php 第 807 行.
NOTIC: [8192] preg_replace(): The /e modifier is deprecated, use preg_replace_callback instead D:\www\elm\Core\Lib\Template\ThinkTemplate.class.php 第 807 行.
NOTIC: [8192] preg_replace(): The /e modifier is deprecated, use preg_replace_callback instead D:\www\elm\Core\Lib\Template\ThinkTemplate.class.php 第 807 行.
NOTIC: [8192] preg_replace(): The /e modifier is deprecated, use preg_replace_callback instead D:\www\elm\Core\Lib\Template\ThinkTemplate.class.php 第 807 行.
NOTIC: [8192] preg_replace(): The /e modifier is deprecated, use preg_replace_callback instead D:\www\elm\Core\Lib\Template\ThinkTemplate.class.php 第 807 行.
NOTIC: [8192] preg_replace(): The /e modifier is deprecated, use preg_replace_callback instead D:\www\elm\Core\Lib\Template\ThinkTemplate.class.php 第 807 行.
NOTIC: [8192] preg_replace(): The /e modifier is deprecated, use preg_replace_callback instead D:\www\elm\Core\Lib\Template\ThinkTemplate.class.php 第 807 行.
NOTIC: [8192] preg_replace(): The /e modifier is deprecated, use preg_replace_callback instead D:\www\elm\Core\Lib\Template\ThinkTemplate.class.php 第 807 行.
NOTIC: [8192] preg_replace(): The /e modifier is deprecated, use preg_replace_callback instead D:\www\elm\Core\Lib\Template\ThinkTemplate.class.php 第 807 行.
NOTIC: [8192] preg_replace(): The /e modifier is deprecated, use preg_replace_callback instead D:\www\elm\Core\Lib\Template\ThinkTemplate.class.php 第 807 行.
NOTIC: [8192] preg_replace(): The /e modifier is deprecated, use preg_replace_callback instead D:\www\elm\Core\Lib\Template\ThinkTemplate.class.php 第 807 行.
NOTIC: [8192] preg_replace(): The /e modifier is deprecated, use preg_replace_callback instead D:\www\elm\Core\Lib\Template\ThinkTemplate.class.php 第 807 行.
NOTIC: [8192] preg_replace(): The /e modifier is deprecated, use preg_replace_callback instead D:\www\elm\Core\Lib\Template\ThinkTemplate.class.php 第 807 行.
NOTIC: [8192] preg_replace(): The /e modifier is deprecated, use preg_replace_callback instead D:\www\elm\Core\Lib\Template\ThinkTemplate.class.php 第 807 行.
NOTIC: [8192] preg_replace(): The /e modifier is deprecated, use preg_replace_callback instead D:\www\elm\Core\Lib\Template\ThinkTemplate.class.php 第 807 行.
NOTIC: [8192] preg_replace(): The /e modifier is deprecated, use preg_replace_callback instead D:\www\elm\Core\Lib\Template\ThinkTemplate.class.php 第 807 行.
NOTIC: [8192] preg_replace(): The /e modifier is deprecated, use preg_replace_callback instead D:\www\elm\Core\Lib\Template\ThinkTemplate.class.php 第 807 行.
NOTIC: [8192] preg_replace(): The /e modifier is deprecated, use preg_replace_callback instead D:\www\elm\Core\Lib\Template\ThinkTemplate.class.php 第 807 行.
NOTIC: [8192] preg_replace(): The /e modifier is deprecated, use preg_replace_callback instead D:\www\elm\Core\Lib\Template\ThinkTemplate.class.php 第 807 行.
NOTIC: [8192] preg_replace(): The /e modifier is deprecated, use preg_replace_callback instead D:\www\elm\Core\Lib\Template\ThinkTemplate.class.php 第 807 行.
NOTIC: [8192] preg_replace(): The /e modifier is deprecated, use preg_replace_callback instead D:\www\elm\Core\Lib\Template\ThinkTemplate.class.php 第 807 行.
NOTIC: [8192] preg_replace(): The /e modifier is deprecated, use preg_replace_callback instead D:\www\elm\Core\Lib\Template\ThinkTemplate.class.php 第 807 行.
NOTIC: [8192] preg_replace(): The /e modifier is deprecated, use preg_replace_callback instead D:\www\elm\Core\Lib\Template\ThinkTemplate.class.php 第 807 行.
NOTIC: [8192] preg_replace(): The /e modifier is deprecated, use preg_replace_callback instead D:\www\elm\Core\Lib\Template\ThinkTemplate.class.php 第 807 行.
NOTIC: [8192] preg_replace(): The /e modifier is deprecated, use preg_replace_callback instead D:\www\elm\Core\Lib\Template\ThinkTemplate.class.php 第 807 行.
NOTIC: [8192] preg_replace(): The /e modifier is deprecated, use preg_replace_callback instead D:\www\elm\Core\Lib\Template\ThinkTemplate.class.php 第 807 行.
NOTIC: [8192] preg_replace(): The /e modifier is deprecated, use preg_replace_callback instead D:\www\elm\Core\Lib\Template\ThinkTemplate.class.php 第 807 行.
NOTIC: [8192] preg_replace(): The /e modifier is deprecated, use preg_replace_callback instead D:\www\elm\Core\Lib\Template\ThinkTemplate.class.php 第 807 行.
NOTIC: [8192] preg_replace(): The /e modifier is deprecated, use preg_replace_callback instead D:\www\elm\Core\Lib\Template\ThinkTemplate.class.php 第 807 行.
NOTIC: [8192] preg_replace(): The /e modifier is deprecated, use preg_replace_callback instead D:\www\elm\Core\Lib\Template\ThinkTemplate.class.php 第 807 行.
NOTIC: [8192] preg_replace(): The /e modifier is deprecated, use preg_replace_callback instead D:\www\elm\Core\Lib\Template\ThinkTemplate.class.php 第 807 行.
NOTIC: [8192] preg_replace(): The /e modifier is deprecated, use preg_replace_callback instead D:\www\elm\Core\Lib\Template\ThinkTemplate.class.php 第 807 行.
NOTIC: [8192] preg_replace(): The /e modifier is deprecated, use preg_replace_callback instead D:\www\elm\Core\Lib\Template\ThinkTemplate.class.php 第 807 行.
NOTIC: [8192] preg_replace(): The /e modifier is deprecated, use preg_replace_callback instead D:\www\elm\Core\Lib\Template\ThinkTemplate.class.php 第 807 行.
NOTIC: [8192] preg_replace(): The /e modifier is deprecated, use preg_replace_callback instead D:\www\elm\Core\Lib\Template\ThinkTemplate.class.php 第 807 行.
NOTIC: [8192] preg_replace(): The /e modifier is deprecated, use preg_replace_callback instead D:\www\elm\Core\Lib\Template\ThinkTemplate.class.php 第 807 行.
NOTIC: [8192] preg_replace(): The /e modifier is deprecated, use preg_replace_callback instead D:\www\elm\Core\Lib\Template\ThinkTemplate.class.php 第 807 行.
NOTIC: [8192] preg_replace(): The /e modifier is deprecated, use preg_replace_callback instead D:\www\elm\Core\Lib\Template\ThinkTemplate.class.php 第 807 行.
NOTIC: [8192] preg_replace(): The /e modifier is deprecated, use preg_replace_callback instead D:\www\elm\Core\Lib\Template\ThinkTemplate.class.php 第 797 行.
NOTIC: [8192] preg_replace(): The /e modifier is deprecated, use preg_replace_callback instead D:\www\elm\Core\Lib\Template\ThinkTemplate.class.php 第 797 行.
NOTIC: [8192] preg_replace(): The /e modifier is deprecated, use preg_replace_callback instead D:\www\elm\Core\Lib\Template\ThinkTemplate.class.php 第 797 行.
NOTIC: [8192] preg_replace(): The /e modifier is deprecated, use preg_replace_callback instead D:\www\elm\Core\Lib\Template\ThinkTemplate.class.php 第 797 行.
NOTIC: [8192] preg_replace(): The /e modifier is deprecated, use preg_replace_callback instead D:\www\elm\Core\Lib\Template\ThinkTemplate.class.php 第 797 行.
NOTIC: [8192] preg_replace(): The /e modifier is deprecated, use preg_replace_callback instead D:\www\elm\Core\Lib\Template\ThinkTemplate.class.php 第 797 行.
NOTIC: [8192] preg_replace(): The /e modifier is deprecated, use preg_replace_callback instead D:\www\elm\Core\Lib\Template\ThinkTemplate.class.php 第 807 行.
NOTIC: [8192] preg_replace(): The /e modifier is deprecated, use preg_replace_callback instead D:\www\elm\Core\Lib\Template\ThinkTemplate.class.php 第 807 行.
NOTIC: [8192] preg_replace(): The /e modifier is deprecated, use preg_replace_callback instead D:\www\elm\Core\Lib\Template\ThinkTemplate.class.php 第 807 行.
NOTIC: [8192] preg_replace(): The /e modifier is deprecated, use preg_replace_callback instead D:\www\elm\Core\Lib\Template\ThinkTemplate.class.php 第 393 行.
NOTIC: [8192] preg_replace(): The /e modifier is deprecated, use preg_replace_callback instead D:\www\elm\Core\Lib\Template\ThinkTemplate.class.php 第 273 行.
INFO: ParseTemplate Behavior ::run [ RunTime:0.051003s ]
INFO: [ view_parse ] --END-- [ RunTime:0.051003s ]
INFO: [ view_filter ] --START--
INFO: ContentReplace Behavior ::run [ RunTime:0.000000s ]
INFO: TokenBuild Behavior ::run [ RunTime:0.001000s ]
INFO: WriteHtmlCache Behavior ::run [ RunTime:0.000000s ]
INFO: ShowRuntime Behavior ::run [ RunTime:0.000000s ]
INFO: [ view_filter ] --END-- [ RunTime:0.001000s ]
INFO: [ view_end ] --START--
INFO: ShowPageTrace Behavior ::run [ RunTime:0.000000s ]
INFO: [ view_end ] --END-- [ RunTime:0.001000s ]

[ 2016-01-15T11:12:03+08:00 ] 127.0.0.1 /index.php/Index/1music
INFO: [ route_check ] --START--
INFO: CheckRoute Behavior ::run [ RunTime:0.000000s ]
INFO: [ route_check ] --END-- [ RunTime:0.000000s ]
NOTIC: [8192] preg_replace(): The /e modifier is deprecated, use preg_replace_callback instead D:\www\elm\Core\Lib\Core\Dispatcher.class.php 第 263 行.
INFO: [ app_begin ] --START--
INFO: ReadHtmlCache Behavior ::run [ RunTime:0.000000s ]
INFO: [ app_begin ] --END-- [ RunTime:0.000000s ]
NOTIC: [8] Undefined index: openid D:\www\elm\App\Njs\Home\Action\BaseAction.class.php 第 26 行.
NOTIC: [8192] mysql_connect(): The mysql extension is deprecated and will be removed in the future: use mysqli or PDO instead D:\www\elm\Core\Lib\Driver\Db\DbMysql.class.php 第 109 行.
SQL: SHOW COLUMNS FROM `cat_time` [ RunTime:0.002000s ]
ERR: 1146:Table 'cat.cat_time' doesn't exist
 [ SQL语句 ] : SHOW COLUMNS FROM `cat_time`
NOTIC: [8192] preg_replace(): The /e modifier is deprecated, use preg_replace_callback instead D:\www\elm\Core\Lib\Core\Db.class.php 第 1207 行.
SQL: SELECT * FROM `cat_time` WHERE ( `time` = '2016-01-15' ) LIMIT 1   [ RunTime:0.000000s ]
ERR: 1146:Table 'cat.cat_time' doesn't exist
 [ SQL语句 ] : SELECT * FROM `cat_time` WHERE ( `time` = '2016-01-15' ) LIMIT 1  
SQL: INSERT INTO `cat_time` (`time`,`no`) VALUES ('2016-01-15',1) [ RunTime:0.000000s ]
ERR: 1146:Table 'cat.cat_time' doesn't exist
 [ SQL语句 ] : INSERT INTO `cat_time` (`time`,`no`) VALUES ('2016-01-15',1)
SQL: SHOW COLUMNS FROM `cat_config` [ RunTime:0.002000s ]
NOTIC: [8192] preg_replace(): The /e modifier is deprecated, use preg_replace_callback instead D:\www\elm\Core\Lib\Core\Db.class.php 第 1207 行.
SQL: SELECT * FROM `cat_config`  [ RunTime:0.000000s ]
NOTIC: [2] file_get_contents(jsapi_ticket.json): failed to open stream: No such file or directory D:\www\elm\Core\Extend\Vendor\Wx\Jssdk.php 第 48 行.
NOTIC: [8] Trying to get property of non-object D:\www\elm\Core\Extend\Vendor\Wx\Jssdk.php 第 49 行.
NOTIC: [2] file_get_contents(access_token.json): failed to open stream: No such file or directory D:\www\elm\Core\Extend\Vendor\Wx\Jssdk.php 第 72 行.
NOTIC: [8] Trying to get property of non-object D:\www\elm\Core\Extend\Vendor\Wx\Jssdk.php 第 73 行.
NOTIC: [8] Undefined property: stdClass::$access_token D:\www\elm\Core\Extend\Vendor\Wx\Jssdk.php 第 78 行.
NOTIC: [8] Undefined property: stdClass::$ticket D:\www\elm\Core\Extend\Vendor\Wx\Jssdk.php 第 55 行.
SQL: SHOW COLUMNS FROM `cat_account` [ RunTime:0.002000s ]
NOTIC: [8192] preg_replace(): The /e modifier is deprecated, use preg_replace_callback instead D:\www\elm\Core\Lib\Core\Db.class.php 第 1207 行.
SQL: SELECT * FROM `cat_account` WHERE ( `openid` = 'ooJsMuBae9b3XHJVptSqp1Jr9Tw4' ) LIMIT 1   [ RunTime:0.000000s ]
NOTIC: [8] Undefined index: nickname D:\www\elm\App\Njs\Home\Action\BaseAction.class.php 第 47 行.
SQL: UPDATE `cat_account` SET `nickname`=null WHERE ( `openid` = 'ooJsMuBae9b3XHJVptSqp1Jr9Tw4' ) [ RunTime:0.000000s ]
ERR: 非法操作:1music

[ 2016-01-15T11:12:18+08:00 ] 127.0.0.1 /index.php/Index/f7
INFO: [ route_check ] --START--
INFO: CheckRoute Behavior ::run [ RunTime:0.001000s ]
INFO: [ route_check ] --END-- [ RunTime:0.001000s ]
NOTIC: [8192] preg_replace(): The /e modifier is deprecated, use preg_replace_callback instead D:\www\elm\Core\Lib\Core\Dispatcher.class.php 第 263 行.
INFO: [ app_begin ] --START--
INFO: ReadHtmlCache Behavior ::run [ RunTime:0.000000s ]
INFO: [ app_begin ] --END-- [ RunTime:0.000000s ]
NOTIC: [8] Undefined index: openid D:\www\elm\App\Njs\Home\Action\BaseAction.class.php 第 26 行.
NOTIC: [8192] mysql_connect(): The mysql extension is deprecated and will be removed in the future: use mysqli or PDO instead D:\www\elm\Core\Lib\Driver\Db\DbMysql.class.php 第 109 行.
SQL: SHOW COLUMNS FROM `cat_time` [ RunTime:0.002000s ]
ERR: 1146:Table 'cat.cat_time' doesn't exist
 [ SQL语句 ] : SHOW COLUMNS FROM `cat_time`
NOTIC: [8192] preg_replace(): The /e modifier is deprecated, use preg_replace_callback instead D:\www\elm\Core\Lib\Core\Db.class.php 第 1207 行.
SQL: SELECT * FROM `cat_time` WHERE ( `time` = '2016-01-15' ) LIMIT 1   [ RunTime:0.000000s ]
ERR: 1146:Table 'cat.cat_time' doesn't exist
 [ SQL语句 ] : SELECT * FROM `cat_time` WHERE ( `time` = '2016-01-15' ) LIMIT 1  
SQL: INSERT INTO `cat_time` (`time`,`no`) VALUES ('2016-01-15',1) [ RunTime:0.001000s ]
ERR: 1146:Table 'cat.cat_time' doesn't exist
 [ SQL语句 ] : INSERT INTO `cat_time` (`time`,`no`) VALUES ('2016-01-15',1)
SQL: SHOW COLUMNS FROM `cat_config` [ RunTime:0.002000s ]
NOTIC: [8192] preg_replace(): The /e modifier is deprecated, use preg_replace_callback instead D:\www\elm\Core\Lib\Core\Db.class.php 第 1207 行.
SQL: SELECT * FROM `cat_config`  [ RunTime:0.000000s ]
NOTIC: [2] file_get_contents(jsapi_ticket.json): failed to open stream: No such file or directory D:\www\elm\Core\Extend\Vendor\Wx\Jssdk.php 第 48 行.
NOTIC: [8] Trying to get property of non-object D:\www\elm\Core\Extend\Vendor\Wx\Jssdk.php 第 49 行.
NOTIC: [2] file_get_contents(access_token.json): failed to open stream: No such file or directory D:\www\elm\Core\Extend\Vendor\Wx\Jssdk.php 第 72 行.
NOTIC: [8] Trying to get property of non-object D:\www\elm\Core\Extend\Vendor\Wx\Jssdk.php 第 73 行.
NOTIC: [8] Undefined property: stdClass::$access_token D:\www\elm\Core\Extend\Vendor\Wx\Jssdk.php 第 78 行.
NOTIC: [8] Undefined property: stdClass::$ticket D:\www\elm\Core\Extend\Vendor\Wx\Jssdk.php 第 55 行.
SQL: SHOW COLUMNS FROM `cat_account` [ RunTime:0.002001s ]
NOTIC: [8192] preg_replace(): The /e modifier is deprecated, use preg_replace_callback instead D:\www\elm\Core\Lib\Core\Db.class.php 第 1207 行.
SQL: SELECT * FROM `cat_account` WHERE ( `openid` = 'ooJsMuBae9b3XHJVptSqp1Jr9Tw4' ) LIMIT 1   [ RunTime:0.000000s ]
NOTIC: [8] Undefined index: nickname D:\www\elm\App\Njs\Home\Action\BaseAction.class.php 第 47 行.
SQL: UPDATE `cat_account` SET `nickname`=null WHERE ( `openid` = 'ooJsMuBae9b3XHJVptSqp1Jr9Tw4' ) [ RunTime:0.000000s ]
INFO: [ view_parse ] --START--
NOTIC: [8192] preg_replace(): The /e modifier is deprecated, use preg_replace_callback instead D:\www\elm\Core\Lib\Template\ThinkTemplate.class.php 第 545 行.
NOTIC: [8192] preg_replace(): The /e modifier is deprecated, use preg_replace_callback instead D:\www\elm\Core\Lib\Template\ThinkTemplate.class.php 第 335 行.
NOTIC: [8192] preg_replace(): The /e modifier is deprecated, use preg_replace_callback instead D:\www\elm\Core\Lib\Template\ThinkTemplate.class.php 第 807 行.
NOTIC: [8192] preg_replace(): The /e modifier is deprecated, use preg_replace_callback instead D:\www\elm\Core\Lib\Template\ThinkTemplate.class.php 第 807 行.
NOTIC: [8192] preg_replace(): The /e modifier is deprecated, use preg_replace_callback instead D:\www\elm\Core\Lib\Template\ThinkTemplate.class.php 第 807 行.
NOTIC: [8192] preg_replace(): The /e modifier is deprecated, use preg_replace_callback instead D:\www\elm\Core\Lib\Template\ThinkTemplate.class.php 第 807 行.
NOTIC: [8192] preg_replace(): The /e modifier is deprecated, use preg_replace_callback instead D:\www\elm\Core\Lib\Template\ThinkTemplate.class.php 第 807 行.
NOTIC: [8192] preg_replace(): The /e modifier is deprecated, use preg_replace_callback instead D:\www\elm\Core\Lib\Template\ThinkTemplate.class.php 第 807 行.
NOTIC: [8192] preg_replace(): The /e modifier is deprecated, use preg_replace_callback instead D:\www\elm\Core\Lib\Template\ThinkTemplate.class.php 第 807 行.
NOTIC: [8192] preg_replace(): The /e modifier is deprecated, use preg_replace_callback instead D:\www\elm\Core\Lib\Template\ThinkTemplate.class.php 第 807 行.
NOTIC: [8192] preg_replace(): The /e modifier is deprecated, use preg_replace_callback instead D:\www\elm\Core\Lib\Template\ThinkTemplate.class.php 第 807 行.
NOTIC: [8192] preg_replace(): The /e modifier is deprecated, use preg_replace_callback instead D:\www\elm\Core\Lib\Template\ThinkTemplate.class.php 第 807 行.
NOTIC: [8192] preg_replace(): The /e modifier is deprecated, use preg_replace_callback instead D:\www\elm\Core\Lib\Template\ThinkTemplate.class.php 第 807 行.
NOTIC: [8192] preg_replace(): The /e modifier is deprecated, use preg_replace_callback instead D:\www\elm\Core\Lib\Template\ThinkTemplate.class.php 第 807 行.
NOTIC: [8192] preg_replace(): The /e modifier is deprecated, use preg_replace_callback instead D:\www\elm\Core\Lib\Template\ThinkTemplate.class.php 第 797 行.
NOTIC: [8192] preg_replace(): The /e modifier is deprecated, use preg_replace_callback instead D:\www\elm\Core\Lib\Template\ThinkTemplate.class.php 第 797 行.
NOTIC: [8192] preg_replace(): The /e modifier is deprecated, use preg_replace_callback instead D:\www\elm\Core\Lib\Template\ThinkTemplate.class.php 第 807 行.
NOTIC: [8192] preg_replace(): The /e modifier is deprecated, use preg_replace_callback instead D:\www\elm\Core\Lib\Template\ThinkTemplate.class.php 第 807 行.
NOTIC: [8192] preg_replace(): The /e modifier is deprecated, use preg_replace_callback instead D:\www\elm\Core\Lib\Template\ThinkTemplate.class.php 第 807 行.
NOTIC: [8192] preg_replace(): The /e modifier is deprecated, use preg_replace_callback instead D:\www\elm\Core\Lib\Template\ThinkTemplate.class.php 第 797 行.
NOTIC: [8192] preg_replace(): The /e modifier is deprecated, use preg_replace_callback instead D:\www\elm\Core\Lib\Template\ThinkTemplate.class.php 第 807 行.
NOTIC: [8192] preg_replace(): The /e modifier is deprecated, use preg_replace_callback instead D:\www\elm\Core\Lib\Template\ThinkTemplate.class.php 第 807 行.
NOTIC: [8192] preg_replace(): The /e modifier is deprecated, use preg_replace_callback instead D:\www\elm\Core\Lib\Template\ThinkTemplate.class.php 第 807 行.
NOTIC: [8192] preg_replace(): The /e modifier is deprecated, use preg_replace_callback instead D:\www\elm\Core\Lib\Template\ThinkTemplate.class.php 第 807 行.
NOTIC: [8192] preg_replace(): The /e modifier is deprecated, use preg_replace_callback instead D:\www\elm\Core\Lib\Template\ThinkTemplate.class.php 第 807 行.
NOTIC: [8192] preg_replace(): The /e modifier is deprecated, use preg_replace_callback instead D:\www\elm\Core\Lib\Template\ThinkTemplate.class.php 第 807 行.
NOTIC: [8192] preg_replace(): The /e modifier is deprecated, use preg_replace_callback instead D:\www\elm\Core\Lib\Template\ThinkTemplate.class.php 第 807 行.
NOTIC: [8192] preg_replace(): The /e modifier is deprecated, use preg_replace_callback instead D:\www\elm\Core\Lib\Template\ThinkTemplate.class.php 第 807 行.
NOTIC: [8192] preg_replace(): The /e modifier is deprecated, use preg_replace_callback instead D:\www\elm\Core\Lib\Template\ThinkTemplate.class.php 第 807 行.
NOTIC: [8192] preg_replace(): The /e modifier is deprecated, use preg_replace_callback instead D:\www\elm\Core\Lib\Template\ThinkTemplate.class.php 第 807 行.
NOTIC: [8192] preg_replace(): The /e modifier is deprecated, use preg_replace_callback instead D:\www\elm\Core\Lib\Template\ThinkTemplate.class.php 第 807 行.
NOTIC: [8192] preg_replace(): The /e modifier is deprecated, use preg_replace_callback instead D:\www\elm\Core\Lib\Template\ThinkTemplate.class.php 第 807 行.
NOTIC: [8192] preg_replace(): The /e modifier is deprecated, use preg_replace_callback instead D:\www\elm\Core\Lib\Template\ThinkTemplate.class.php 第 807 行.
NOTIC: [8192] preg_replace(): The /e modifier is deprecated, use preg_replace_callback instead D:\www\elm\Core\Lib\Template\ThinkTemplate.class.php 第 807 行.
NOTIC: [8192] preg_replace(): The /e modifier is deprecated, use preg_replace_callback instead D:\www\elm\Core\Lib\Template\ThinkTemplate.class.php 第 807 行.
NOTIC: [8192] preg_replace(): The /e modifier is deprecated, use preg_replace_callback instead D:\www\elm\Core\Lib\Template\ThinkTemplate.class.php 第 807 行.
NOTIC: [8192] preg_replace(): The /e modifier is deprecated, use preg_replace_callback instead D:\www\elm\Core\Lib\Template\ThinkTemplate.class.php 第 807 行.
NOTIC: [8192] preg_replace(): The /e modifier is deprecated, use preg_replace_callback instead D:\www\elm\Core\Lib\Template\ThinkTemplate.class.php 第 807 行.
NOTIC: [8192] preg_replace(): The /e modifier is deprecated, use preg_replace_callback instead D:\www\elm\Core\Lib\Template\ThinkTemplate.class.php 第 807 行.
NOTIC: [8192] preg_replace(): The /e modifier is deprecated, use preg_replace_callback instead D:\www\elm\Core\Lib\Template\ThinkTemplate.class.php 第 807 行.
NOTIC: [8192] preg_replace(): The /e modifier is deprecated, use preg_replace_callback instead D:\www\elm\Core\Lib\Template\ThinkTemplate.class.php 第 807 行.
NOTIC: [8192] preg_replace(): The /e modifier is deprecated, use preg_replace_callback instead D:\www\elm\Core\Lib\Template\ThinkTemplate.class.php 第 807 行.
NOTIC: [8192] preg_replace(): The /e modifier is deprecated, use preg_replace_callback instead D:\www\elm\Core\Lib\Template\ThinkTemplate.class.php 第 807 行.
NOTIC: [8192] preg_replace(): The /e modifier is deprecated, use preg_replace_callback instead D:\www\elm\Core\Lib\Template\ThinkTemplate.class.php 第 807 行.
NOTIC: [8192] preg_replace(): The /e modifier is deprecated, use preg_replace_callback instead D:\www\elm\Core\Lib\Template\ThinkTemplate.class.php 第 807 行.
NOTIC: [8192] preg_replace(): The /e modifier is deprecated, use preg_replace_callback instead D:\www\elm\Core\Lib\Template\ThinkTemplate.class.php 第 807 行.
NOTIC: [8192] preg_replace(): The /e modifier is deprecated, use preg_replace_callback instead D:\www\elm\Core\Lib\Template\ThinkTemplate.class.php 第 807 行.
NOTIC: [8192] preg_replace(): The /e modifier is deprecated, use preg_replace_callback instead D:\www\elm\Core\Lib\Template\ThinkTemplate.class.php 第 807 行.
NOTIC: [8192] preg_replace(): The /e modifier is deprecated, use preg_replace_callback instead D:\www\elm\Core\Lib\Template\ThinkTemplate.class.php 第 807 行.
NOTIC: [8192] preg_replace(): The /e modifier is deprecated, use preg_replace_callback instead D:\www\elm\Core\Lib\Template\ThinkTemplate.class.php 第 807 行.
NOTIC: [8192] preg_replace(): The /e modifier is deprecated, use preg_replace_callback instead D:\www\elm\Core\Lib\Template\ThinkTemplate.class.php 第 807 行.
NOTIC: [8192] preg_replace(): The /e modifier is deprecated, use preg_replace_callback instead D:\www\elm\Core\Lib\Template\ThinkTemplate.class.php 第 807 行.
NOTIC: [8192] preg_replace(): The /e modifier is deprecated, use preg_replace_callback instead D:\www\elm\Core\Lib\Template\ThinkTemplate.class.php 第 807 行.
NOTIC: [8192] preg_replace(): The /e modifier is deprecated, use preg_replace_callback instead D:\www\elm\Core\Lib\Template\ThinkTemplate.class.php 第 807 行.
NOTIC: [8192] preg_replace(): The /e modifier is deprecated, use preg_replace_callback instead D:\www\elm\Core\Lib\Template\ThinkTemplate.class.php 第 807 行.
NOTIC: [8192] preg_replace(): The /e modifier is deprecated, use preg_replace_callback instead D:\www\elm\Core\Lib\Template\ThinkTemplate.class.php 第 807 行.
NOTIC: [8192] preg_replace(): The /e modifier is deprecated, use preg_replace_callback instead D:\www\elm\Core\Lib\Template\ThinkTemplate.class.php 第 807 行.
NOTIC: [8192] preg_replace(): The /e modifier is deprecated, use preg_replace_callback instead D:\www\elm\Core\Lib\Template\ThinkTemplate.class.php 第 807 行.
NOTIC: [8192] preg_replace(): The /e modifier is deprecated, use preg_replace_callback instead D:\www\elm\Core\Lib\Template\ThinkTemplate.class.php 第 807 行.
NOTIC: [8192] preg_replace(): The /e modifier is deprecated, use preg_replace_callback instead D:\www\elm\Core\Lib\Template\ThinkTemplate.class.php 第 807 行.
NOTIC: [8192] preg_replace(): The /e modifier is deprecated, use preg_replace_callback instead D:\www\elm\Core\Lib\Template\ThinkTemplate.class.php 第 807 行.
NOTIC: [8192] preg_replace(): The /e modifier is deprecated, use preg_replace_callback instead D:\www\elm\Core\Lib\Template\ThinkTemplate.class.php 第 807 行.
NOTIC: [8192] preg_replace(): The /e modifier is deprecated, use preg_replace_callback instead D:\www\elm\Core\Lib\Template\ThinkTemplate.class.php 第 807 行.
NOTIC: [8192] preg_replace(): The /e modifier is deprecated, use preg_replace_callback instead D:\www\elm\Core\Lib\Template\ThinkTemplate.class.php 第 807 行.
NOTIC: [8192] preg_replace(): The /e modifier is deprecated, use preg_replace_callback instead D:\www\elm\Core\Lib\Template\ThinkTemplate.class.php 第 807 行.
NOTIC: [8192] preg_replace(): The /e modifier is deprecated, use preg_replace_callback instead D:\www\elm\Core\Lib\Template\ThinkTemplate.class.php 第 807 行.
NOTIC: [8192] preg_replace(): The /e modifier is deprecated, use preg_replace_callback instead D:\www\elm\Core\Lib\Template\ThinkTemplate.class.php 第 807 行.
NOTIC: [8192] preg_replace(): The /e modifier is deprecated, use preg_replace_callback instead D:\www\elm\Core\Lib\Template\ThinkTemplate.class.php 第 807 行.
NOTIC: [8192] preg_replace(): The /e modifier is deprecated, use preg_replace_callback instead D:\www\elm\Core\Lib\Template\ThinkTemplate.class.php 第 807 行.
NOTIC: [8192] preg_replace(): The /e modifier is deprecated, use preg_replace_callback instead D:\www\elm\Core\Lib\Template\ThinkTemplate.class.php 第 807 行.
NOTIC: [8192] preg_replace(): The /e modifier is deprecated, use preg_replace_callback instead D:\www\elm\Core\Lib\Template\ThinkTemplate.class.php 第 807 行.
NOTIC: [8192] preg_replace(): The /e modifier is deprecated, use preg_replace_callback instead D:\www\elm\Core\Lib\Template\ThinkTemplate.class.php 第 807 行.
NOTIC: [8192] preg_replace(): The /e modifier is deprecated, use preg_replace_callback instead D:\www\elm\Core\Lib\Template\ThinkTemplate.class.php 第 807 行.
NOTIC: [8192] preg_replace(): The /e modifier is deprecated, use preg_replace_callback instead D:\www\elm\Core\Lib\Template\ThinkTemplate.class.php 第 807 行.
NOTIC: [8192] preg_replace(): The /e modifier is deprecated, use preg_replace_callback instead D:\www\elm\Core\Lib\Template\ThinkTemplate.class.php 第 807 行.
NOTIC: [8192] preg_replace(): The /e modifier is deprecated, use preg_replace_callback instead D:\www\elm\Core\Lib\Template\ThinkTemplate.class.php 第 807 行.
NOTIC: [8192] preg_replace(): The /e modifier is deprecated, use preg_replace_callback instead D:\www\elm\Core\Lib\Template\ThinkTemplate.class.php 第 807 行.
NOTIC: [8192] preg_replace(): The /e modifier is deprecated, use preg_replace_callback instead D:\www\elm\Core\Lib\Template\ThinkTemplate.class.php 第 807 行.
NOTIC: [8192] preg_replace(): The /e modifier is deprecated, use preg_replace_callback instead D:\www\elm\Core\Lib\Template\ThinkTemplate.class.php 第 807 行.
NOTIC: [8192] preg_replace(): The /e modifier is deprecated, use preg_replace_callback instead D:\www\elm\Core\Lib\Template\ThinkTemplate.class.php 第 807 行.
NOTIC: [8192] preg_replace(): The /e modifier is deprecated, use preg_replace_callback instead D:\www\elm\Core\Lib\Template\ThinkTemplate.class.php 第 807 行.
NOTIC: [8192] preg_replace(): The /e modifier is deprecated, use preg_replace_callback instead D:\www\elm\Core\Lib\Template\ThinkTemplate.class.php 第 807 行.
NOTIC: [8192] preg_replace(): The /e modifier is deprecated, use preg_replace_callback instead D:\www\elm\Core\Lib\Template\ThinkTemplate.class.php 第 807 行.
NOTIC: [8192] preg_replace(): The /e modifier is deprecated, use preg_replace_callback instead D:\www\elm\Core\Lib\Template\ThinkTemplate.class.php 第 807 行.
NOTIC: [8192] preg_replace(): The /e modifier is deprecated, use preg_replace_callback instead D:\www\elm\Core\Lib\Template\ThinkTemplate.class.php 第 807 行.
NOTIC: [8192] preg_replace(): The /e modifier is deprecated, use preg_replace_callback instead D:\www\elm\Core\Lib\Template\ThinkTemplate.class.php 第 807 行.
NOTIC: [8192] preg_replace(): The /e modifier is deprecated, use preg_replace_callback instead D:\www\elm\Core\Lib\Template\ThinkTemplate.class.php 第 797 行.
NOTIC: [8192] preg_replace(): The /e modifier is deprecated, use preg_replace_callback instead D:\www\elm\Core\Lib\Template\ThinkTemplate.class.php 第 797 行.
NOTIC: [8192] preg_replace(): The /e modifier is deprecated, use preg_replace_callback instead D:\www\elm\Core\Lib\Template\ThinkTemplate.class.php 第 797 行.
NOTIC: [8192] preg_replace(): The /e modifier is deprecated, use preg_replace_callback instead D:\www\elm\Core\Lib\Template\ThinkTemplate.class.php 第 797 行.
NOTIC: [8192] preg_replace(): The /e modifier is deprecated, use preg_replace_callback instead D:\www\elm\Core\Lib\Template\ThinkTemplate.class.php 第 797 行.
NOTIC: [8192] preg_replace(): The /e modifier is deprecated, use preg_replace_callback instead D:\www\elm\Core\Lib\Template\ThinkTemplate.class.php 第 797 行.
NOTIC: [8192] preg_replace(): The /e modifier is deprecated, use preg_replace_callback instead D:\www\elm\Core\Lib\Template\ThinkTemplate.class.php 第 807 行.
NOTIC: [8192] preg_replace(): The /e modifier is deprecated, use preg_replace_callback instead D:\www\elm\Core\Lib\Template\ThinkTemplate.class.php 第 807 行.
NOTIC: [8192] preg_replace(): The /e modifier is deprecated, use preg_replace_callback instead D:\www\elm\Core\Lib\Template\ThinkTemplate.class.php 第 807 行.
NOTIC: [8192] preg_replace(): The /e modifier is deprecated, use preg_replace_callback instead D:\www\elm\Core\Lib\Template\ThinkTemplate.class.php 第 393 行.
NOTIC: [8192] preg_replace(): The /e modifier is deprecated, use preg_replace_callback instead D:\www\elm\Core\Lib\Template\ThinkTemplate.class.php 第 273 行.
INFO: ParseTemplate Behavior ::run [ RunTime:0.004000s ]
INFO: [ view_parse ] --END-- [ RunTime:0.004000s ]
INFO: [ view_filter ] --START--
INFO: ContentReplace Behavior ::run [ RunTime:0.000000s ]
INFO: TokenBuild Behavior ::run [ RunTime:0.000000s ]
INFO: WriteHtmlCache Behavior ::run [ RunTime:0.000000s ]
INFO: ShowRuntime Behavior ::run [ RunTime:0.000000s ]
INFO: [ view_filter ] --END-- [ RunTime:0.000000s ]
INFO: [ view_end ] --START--
INFO: ShowPageTrace Behavior ::run [ RunTime:0.001000s ]
INFO: [ view_end ] --END-- [ RunTime:0.001000s ]

