[ 2015-10-28T00:07:08+08:00 ] 127.0.0.1 /index.php/Index/index
INFO: [ route_check ] --START--
INFO: CheckRoute Behavior ::run [ RunTime:0.001326s ]
INFO: [ route_check ] --END-- [ RunTime:0.001577s ]
INFO: [ app_begin ] --START--
INFO: ReadHtmlCache Behavior ::run [ RunTime:0.000828s ]
INFO: [ app_begin ] --END-- [ RunTime:0.000976s ]
NOTIC: [8] Undefined index: zr D:\www\Cat\App\Njs\Home\Action\IndexAction.class.php 第 11 行.
SQL: SHOW COLUMNS FROM `cat_cat` [ RunTime:0.002958s ]
SQL: SELECT * FROM `cat_cat` ORDER BY id desc  [ RunTime:0.000380s ]
INFO: [ view_parse ] --START--
NOTIC: [8] Undefined variable: signPackage D:\www\Cat\Cache\Cache\Home\a5aef03df8827ea3bb45129cefc150b5.php 第 128 行.
NOTIC: [8] Undefined variable: signPackage D:\www\Cat\Cache\Cache\Home\a5aef03df8827ea3bb45129cefc150b5.php 第 129 行.
NOTIC: [8] Undefined variable: signPackage D:\www\Cat\Cache\Cache\Home\a5aef03df8827ea3bb45129cefc150b5.php 第 130 行.
NOTIC: [8] Undefined variable: signPackage D:\www\Cat\Cache\Cache\Home\a5aef03df8827ea3bb45129cefc150b5.php 第 131 行.
INFO: ParseTemplate Behavior ::run [ RunTime:0.014009s ]
INFO: [ view_parse ] --END-- [ RunTime:0.014174s ]
INFO: [ view_filter ] --START--
INFO: ContentReplace Behavior ::run [ RunTime:0.000709s ]
INFO: TokenBuild Behavior ::run [ RunTime:0.000620s ]
INFO: WriteHtmlCache Behavior ::run [ RunTime:0.000416s ]
INFO: ShowRuntime Behavior ::run [ RunTime:0.000720s ]
INFO: [ view_filter ] --END-- [ RunTime:0.002907s ]
INFO: [ view_end ] --START--
INFO: ShowPageTrace Behavior ::run [ RunTime:0.000736s ]
INFO: [ view_end ] --END-- [ RunTime:0.000893s ]

[ 2015-10-28T00:08:33+08:00 ] 127.0.0.1 /index.php/Index/index
INFO: [ route_check ] --START--
INFO: CheckRoute Behavior ::run [ RunTime:0.001218s ]
INFO: [ route_check ] --END-- [ RunTime:0.001415s ]
INFO: [ app_begin ] --START--
INFO: ReadHtmlCache Behavior ::run [ RunTime:0.000828s ]
INFO: [ app_begin ] --END-- [ RunTime:0.000995s ]
NOTIC: [8] Undefined index: zr D:\www\Cat\App\Njs\Home\Action\IndexAction.class.php 第 11 行.
SQL: SHOW COLUMNS FROM `cat_cat` [ RunTime:0.004032s ]
SQL: SELECT * FROM `cat_cat` ORDER BY id desc  [ RunTime:0.000438s ]
INFO: [ view_parse ] --START--
NOTIC: [8] Undefined variable: signPackage D:\www\Cat\Cache\Cache\Home\a5aef03df8827ea3bb45129cefc150b5.php 第 127 行.
NOTIC: [8] Undefined variable: signPackage D:\www\Cat\Cache\Cache\Home\a5aef03df8827ea3bb45129cefc150b5.php 第 128 行.
NOTIC: [8] Undefined variable: signPackage D:\www\Cat\Cache\Cache\Home\a5aef03df8827ea3bb45129cefc150b5.php 第 129 行.
NOTIC: [8] Undefined variable: signPackage D:\www\Cat\Cache\Cache\Home\a5aef03df8827ea3bb45129cefc150b5.php 第 130 行.
INFO: ParseTemplate Behavior ::run [ RunTime:0.015722s ]
INFO: [ view_parse ] --END-- [ RunTime:0.015881s ]
INFO: [ view_filter ] --START--
INFO: ContentReplace Behavior ::run [ RunTime:0.000690s ]
INFO: TokenBuild Behavior ::run [ RunTime:0.000616s ]
INFO: WriteHtmlCache Behavior ::run [ RunTime:0.000428s ]
INFO: ShowRuntime Behavior ::run [ RunTime:0.000710s ]
INFO: [ view_filter ] --END-- [ RunTime:0.002850s ]
INFO: [ view_end ] --START--
INFO: ShowPageTrace Behavior ::run [ RunTime:0.000741s ]
INFO: [ view_end ] --END-- [ RunTime:0.000900s ]

[ 2015-10-28T00:09:07+08:00 ] 127.0.0.1 /index.php/Index/index
INFO: [ route_check ] --START--
INFO: CheckRoute Behavior ::run [ RunTime:0.001744s ]
INFO: [ route_check ] --END-- [ RunTime:0.002148s ]
INFO: [ app_begin ] --START--
INFO: ReadHtmlCache Behavior ::run [ RunTime:0.001423s ]
INFO: [ app_begin ] --END-- [ RunTime:0.001906s ]
NOTIC: [8] Undefined index: zr D:\www\Cat\App\Njs\Home\Action\IndexAction.class.php 第 11 行.
SQL: SHOW COLUMNS FROM `cat_cat` [ RunTime:0.005260s ]
SQL: SELECT * FROM `cat_cat` ORDER BY id desc  [ RunTime:0.000624s ]
INFO: [ view_parse ] --START--
NOTIC: [8] Undefined variable: signPackage D:\www\Cat\Cache\Cache\Home\a5aef03df8827ea3bb45129cefc150b5.php 第 127 行.
NOTIC: [8] Undefined variable: signPackage D:\www\Cat\Cache\Cache\Home\a5aef03df8827ea3bb45129cefc150b5.php 第 128 行.
NOTIC: [8] Undefined variable: signPackage D:\www\Cat\Cache\Cache\Home\a5aef03df8827ea3bb45129cefc150b5.php 第 129 行.
NOTIC: [8] Undefined variable: signPackage D:\www\Cat\Cache\Cache\Home\a5aef03df8827ea3bb45129cefc150b5.php 第 130 行.
INFO: ParseTemplate Behavior ::run [ RunTime:0.013928s ]
INFO: [ view_parse ] --END-- [ RunTime:0.014096s ]
INFO: [ view_filter ] --START--
INFO: ContentReplace Behavior ::run [ RunTime:0.000740s ]
INFO: TokenBuild Behavior ::run [ RunTime:0.000537s ]
INFO: WriteHtmlCache Behavior ::run [ RunTime:0.000337s ]
INFO: ShowRuntime Behavior ::run [ RunTime:0.000673s ]
INFO: [ view_filter ] --END-- [ RunTime:0.002701s ]
INFO: [ view_end ] --START--
INFO: ShowPageTrace Behavior ::run [ RunTime:0.000678s ]
INFO: [ view_end ] --END-- [ RunTime:0.000825s ]

[ 2015-10-28T00:09:16+08:00 ] 127.0.0.1 /index.php/Index/index
INFO: [ route_check ] --START--
INFO: CheckRoute Behavior ::run [ RunTime:0.001531s ]
INFO: [ route_check ] --END-- [ RunTime:0.001844s ]
INFO: [ app_begin ] --START--
INFO: ReadHtmlCache Behavior ::run [ RunTime:0.001619s ]
INFO: [ app_begin ] --END-- [ RunTime:0.001833s ]
NOTIC: [8] Undefined index: zr D:\www\Cat\App\Njs\Home\Action\IndexAction.class.php 第 11 行.
SQL: SHOW COLUMNS FROM `cat_cat` [ RunTime:0.005022s ]
SQL: SELECT * FROM `cat_cat` ORDER BY id desc  [ RunTime:0.000493s ]
INFO: [ view_parse ] --START--
NOTIC: [8] Undefined variable: signPackage D:\www\Cat\Cache\Cache\Home\a5aef03df8827ea3bb45129cefc150b5.php 第 127 行.
NOTIC: [8] Undefined variable: signPackage D:\www\Cat\Cache\Cache\Home\a5aef03df8827ea3bb45129cefc150b5.php 第 128 行.
NOTIC: [8] Undefined variable: signPackage D:\www\Cat\Cache\Cache\Home\a5aef03df8827ea3bb45129cefc150b5.php 第 129 行.
NOTIC: [8] Undefined variable: signPackage D:\www\Cat\Cache\Cache\Home\a5aef03df8827ea3bb45129cefc150b5.php 第 130 行.
INFO: ParseTemplate Behavior ::run [ RunTime:0.013965s ]
INFO: [ view_parse ] --END-- [ RunTime:0.014227s ]
INFO: [ view_filter ] --START--
INFO: ContentReplace Behavior ::run [ RunTime:0.000808s ]
INFO: TokenBuild Behavior ::run [ RunTime:0.000646s ]
INFO: WriteHtmlCache Behavior ::run [ RunTime:0.000522s ]
INFO: ShowRuntime Behavior ::run [ RunTime:0.000868s ]
INFO: [ view_filter ] --END-- [ RunTime:0.003253s ]
INFO: [ view_end ] --START--
INFO: ShowPageTrace Behavior ::run [ RunTime:0.000930s ]
INFO: [ view_end ] --END-- [ RunTime:0.001083s ]

[ 2015-10-28T00:10:51+08:00 ] 127.0.0.1 /index.php/Index/index
INFO: [ route_check ] --START--
INFO: CheckRoute Behavior ::run [ RunTime:0.003693s ]
INFO: [ route_check ] --END-- [ RunTime:0.004243s ]
INFO: [ app_begin ] --START--
INFO: ReadHtmlCache Behavior ::run [ RunTime:0.001423s ]
INFO: [ app_begin ] --END-- [ RunTime:0.001754s ]
NOTIC: [8] Undefined index: zr D:\www\Cat\App\Njs\Home\Action\IndexAction.class.php 第 11 行.
SQL: SHOW COLUMNS FROM `cat_cat` [ RunTime:0.003182s ]
SQL: SELECT * FROM `cat_cat` ORDER BY id desc  [ RunTime:0.000431s ]
INFO: [ view_parse ] --START--
NOTIC: [8] Undefined variable: signPackage D:\www\Cat\Cache\Cache\Home\a5aef03df8827ea3bb45129cefc150b5.php 第 127 行.
NOTIC: [8] Undefined variable: signPackage D:\www\Cat\Cache\Cache\Home\a5aef03df8827ea3bb45129cefc150b5.php 第 128 行.
NOTIC: [8] Undefined variable: signPackage D:\www\Cat\Cache\Cache\Home\a5aef03df8827ea3bb45129cefc150b5.php 第 129 行.
NOTIC: [8] Undefined variable: signPackage D:\www\Cat\Cache\Cache\Home\a5aef03df8827ea3bb45129cefc150b5.php 第 130 行.
INFO: ParseTemplate Behavior ::run [ RunTime:0.013882s ]
INFO: [ view_parse ] --END-- [ RunTime:0.014040s ]
INFO: [ view_filter ] --START--
INFO: ContentReplace Behavior ::run [ RunTime:0.000718s ]
INFO: TokenBuild Behavior ::run [ RunTime:0.000601s ]
INFO: WriteHtmlCache Behavior ::run [ RunTime:0.000405s ]
INFO: ShowRuntime Behavior ::run [ RunTime:0.000718s ]
INFO: [ view_filter ] --END-- [ RunTime:0.002864s ]
INFO: [ view_end ] --START--
INFO: ShowPageTrace Behavior ::run [ RunTime:0.000975s ]
INFO: [ view_end ] --END-- [ RunTime:0.001159s ]

[ 2015-10-28T00:15:48+08:00 ] 127.0.0.1 /index.php/Index/index
INFO: [ route_check ] --START--
INFO: CheckRoute Behavior ::run [ RunTime:0.001122s ]
INFO: [ route_check ] --END-- [ RunTime:0.001315s ]
INFO: [ app_begin ] --START--
INFO: ReadHtmlCache Behavior ::run [ RunTime:0.000774s ]
INFO: [ app_begin ] --END-- [ RunTime:0.000928s ]
NOTIC: [8] Undefined index: zr D:\www\Cat\App\Njs\Home\Action\IndexAction.class.php 第 11 行.
SQL: SHOW COLUMNS FROM `cat_cat` [ RunTime:0.002960s ]
SQL: SELECT * FROM `cat_cat` ORDER BY id desc  [ RunTime:0.000388s ]
INFO: [ view_parse ] --START--
NOTIC: [8] Undefined variable: signPackage D:\www\Cat\Cache\Cache\Home\a5aef03df8827ea3bb45129cefc150b5.php 第 127 行.
NOTIC: [8] Undefined variable: signPackage D:\www\Cat\Cache\Cache\Home\a5aef03df8827ea3bb45129cefc150b5.php 第 128 行.
NOTIC: [8] Undefined variable: signPackage D:\www\Cat\Cache\Cache\Home\a5aef03df8827ea3bb45129cefc150b5.php 第 129 行.
NOTIC: [8] Undefined variable: signPackage D:\www\Cat\Cache\Cache\Home\a5aef03df8827ea3bb45129cefc150b5.php 第 130 行.
INFO: ParseTemplate Behavior ::run [ RunTime:0.013473s ]
INFO: [ view_parse ] --END-- [ RunTime:0.013635s ]
INFO: [ view_filter ] --START--
INFO: ContentReplace Behavior ::run [ RunTime:0.000911s ]
INFO: TokenBuild Behavior ::run [ RunTime:0.000760s ]
INFO: WriteHtmlCache Behavior ::run [ RunTime:0.000563s ]
INFO: ShowRuntime Behavior ::run [ RunTime:0.000902s ]
INFO: [ view_filter ] --END-- [ RunTime:0.003579s ]
INFO: [ view_end ] --START--
INFO: ShowPageTrace Behavior ::run [ RunTime:0.000911s ]
INFO: [ view_end ] --END-- [ RunTime:0.001074s ]

[ 2015-10-28T00:19:08+08:00 ] 127.0.0.1 /index.php/Index/getvote?id=13
INFO: [ route_check ] --START--
INFO: CheckRoute Behavior ::run [ RunTime:0.001716s ]
INFO: [ route_check ] --END-- [ RunTime:0.002072s ]
INFO: [ app_begin ] --START--
INFO: ReadHtmlCache Behavior ::run [ RunTime:0.001021s ]
INFO: [ app_begin ] --END-- [ RunTime:0.001221s ]
SQL: SHOW COLUMNS FROM `cat_cat` [ RunTime:0.004367s ]
SQL: SELECT * FROM `cat_cat` WHERE ( `id` = 13 ) AND ( `is_show` = 1 ) LIMIT 1   [ RunTime:0.000504s ]
INFO: [ view_parse ] --START--
NOTIC: [8] Undefined variable: signPackage D:\www\Cat\Cache\Cache\Home\dd3c014e0babb2d04eee368a44e5b629.php 第 93 行.
NOTIC: [8] Undefined variable: signPackage D:\www\Cat\Cache\Cache\Home\dd3c014e0babb2d04eee368a44e5b629.php 第 94 行.
NOTIC: [8] Undefined variable: signPackage D:\www\Cat\Cache\Cache\Home\dd3c014e0babb2d04eee368a44e5b629.php 第 95 行.
NOTIC: [8] Undefined variable: signPackage D:\www\Cat\Cache\Cache\Home\dd3c014e0babb2d04eee368a44e5b629.php 第 96 行.
INFO: ParseTemplate Behavior ::run [ RunTime:0.014380s ]
INFO: [ view_parse ] --END-- [ RunTime:0.014574s ]
INFO: [ view_filter ] --START--
INFO: ContentReplace Behavior ::run [ RunTime:0.000710s ]
INFO: TokenBuild Behavior ::run [ RunTime:0.000939s ]
INFO: WriteHtmlCache Behavior ::run [ RunTime:0.000606s ]
INFO: ShowRuntime Behavior ::run [ RunTime:0.000760s ]
INFO: [ view_filter ] --END-- [ RunTime:0.003453s ]
INFO: [ view_end ] --START--
INFO: ShowPageTrace Behavior ::run [ RunTime:0.000752s ]
INFO: [ view_end ] --END-- [ RunTime:0.000900s ]

[ 2015-10-28T00:19:27+08:00 ] 127.0.0.1 /index.php/Index/getvote?id=13
INFO: [ route_check ] --START--
INFO: CheckRoute Behavior ::run [ RunTime:0.001328s ]
INFO: [ route_check ] --END-- [ RunTime:0.001584s ]
INFO: [ app_begin ] --START--
INFO: ReadHtmlCache Behavior ::run [ RunTime:0.001315s ]
INFO: [ app_begin ] --END-- [ RunTime:0.001555s ]
SQL: SHOW COLUMNS FROM `cat_cat` [ RunTime:0.003564s ]
SQL: SELECT * FROM `cat_cat` WHERE ( `id` = 13 ) AND ( `is_show` = 1 ) LIMIT 1   [ RunTime:0.000561s ]
INFO: [ view_parse ] --START--
NOTIC: [8] Undefined variable: signPackage D:\www\Cat\Cache\Cache\Home\dd3c014e0babb2d04eee368a44e5b629.php 第 93 行.
NOTIC: [8] Undefined variable: signPackage D:\www\Cat\Cache\Cache\Home\dd3c014e0babb2d04eee368a44e5b629.php 第 94 行.
NOTIC: [8] Undefined variable: signPackage D:\www\Cat\Cache\Cache\Home\dd3c014e0babb2d04eee368a44e5b629.php 第 95 行.
NOTIC: [8] Undefined variable: signPackage D:\www\Cat\Cache\Cache\Home\dd3c014e0babb2d04eee368a44e5b629.php 第 96 行.
INFO: ParseTemplate Behavior ::run [ RunTime:0.013336s ]
INFO: [ view_parse ] --END-- [ RunTime:0.013651s ]
INFO: [ view_filter ] --START--
INFO: ContentReplace Behavior ::run [ RunTime:0.000743s ]
INFO: TokenBuild Behavior ::run [ RunTime:0.000605s ]
INFO: WriteHtmlCache Behavior ::run [ RunTime:0.000583s ]
INFO: ShowRuntime Behavior ::run [ RunTime:0.001101s ]
INFO: [ view_filter ] --END-- [ RunTime:0.003510s ]
INFO: [ view_end ] --START--
INFO: ShowPageTrace Behavior ::run [ RunTime:0.000900s ]
INFO: [ view_end ] --END-- [ RunTime:0.001065s ]

[ 2015-10-28T00:35:55+08:00 ] 127.0.0.1 /index.php/Index/index
INFO: [ route_check ] --START--
INFO: CheckRoute Behavior ::run [ RunTime:0.001363s ]
INFO: [ route_check ] --END-- [ RunTime:0.001679s ]
INFO: [ app_begin ] --START--
INFO: ReadHtmlCache Behavior ::run [ RunTime:0.001003s ]
INFO: [ app_begin ] --END-- [ RunTime:0.001194s ]
NOTIC: [8] Undefined index: zr D:\www\Cat\App\Njs\Home\Action\IndexAction.class.php 第 11 行.
SQL: SHOW COLUMNS FROM `cat_cat` [ RunTime:0.003361s ]
SQL: SELECT * FROM `cat_cat` ORDER BY id desc  [ RunTime:0.000484s ]
INFO: [ view_parse ] --START--
NOTIC: [8] Undefined variable: signPackage D:\www\Cat\Cache\Cache\Home\a5aef03df8827ea3bb45129cefc150b5.php 第 127 行.
NOTIC: [8] Undefined variable: signPackage D:\www\Cat\Cache\Cache\Home\a5aef03df8827ea3bb45129cefc150b5.php 第 128 行.
NOTIC: [8] Undefined variable: signPackage D:\www\Cat\Cache\Cache\Home\a5aef03df8827ea3bb45129cefc150b5.php 第 129 行.
NOTIC: [8] Undefined variable: signPackage D:\www\Cat\Cache\Cache\Home\a5aef03df8827ea3bb45129cefc150b5.php 第 130 行.
INFO: ParseTemplate Behavior ::run [ RunTime:0.015474s ]
INFO: [ view_parse ] --END-- [ RunTime:0.015644s ]
INFO: [ view_filter ] --START--
INFO: ContentReplace Behavior ::run [ RunTime:0.000759s ]
INFO: TokenBuild Behavior ::run [ RunTime:0.000694s ]
INFO: WriteHtmlCache Behavior ::run [ RunTime:0.000469s ]
INFO: ShowRuntime Behavior ::run [ RunTime:0.000800s ]
INFO: [ view_filter ] --END-- [ RunTime:0.003158s ]
INFO: [ view_end ] --START--
INFO: ShowPageTrace Behavior ::run [ RunTime:0.000813s ]
INFO: [ view_end ] --END-- [ RunTime:0.000964s ]

[ 2015-10-28T00:35:56+08:00 ] 127.0.0.1 /index.php/Index/baoming
INFO: [ route_check ] --START--
INFO: CheckRoute Behavior ::run [ RunTime:0.001076s ]
INFO: [ route_check ] --END-- [ RunTime:0.001272s ]
INFO: [ app_begin ] --START--
INFO: ReadHtmlCache Behavior ::run [ RunTime:0.000815s ]
INFO: [ app_begin ] --END-- [ RunTime:0.000981s ]
SQL: SHOW COLUMNS FROM `cat_cat` [ RunTime:0.003627s ]
SQL: SELECT * FROM `cat_cat` WHERE ( `openid` = 'ooJsMuBae9b3XHJVptSqp1Jr9Tw4' ) LIMIT 1   [ RunTime:0.000452s ]
INFO: [ view_parse ] --START--
NOTIC: [8] Undefined variable: signPackage D:\www\Cat\Cache\Cache\Home\cecdba2df375e22775e7d1586fc95a09.php 第 249 行.
NOTIC: [8] Undefined variable: signPackage D:\www\Cat\Cache\Cache\Home\cecdba2df375e22775e7d1586fc95a09.php 第 250 行.
NOTIC: [8] Undefined variable: signPackage D:\www\Cat\Cache\Cache\Home\cecdba2df375e22775e7d1586fc95a09.php 第 251 行.
NOTIC: [8] Undefined variable: signPackage D:\www\Cat\Cache\Cache\Home\cecdba2df375e22775e7d1586fc95a09.php 第 252 行.
INFO: ParseTemplate Behavior ::run [ RunTime:0.010558s ]
INFO: [ view_parse ] --END-- [ RunTime:0.010716s ]
INFO: [ view_filter ] --START--
INFO: ContentReplace Behavior ::run [ RunTime:0.000734s ]
INFO: TokenBuild Behavior ::run [ RunTime:0.000665s ]
INFO: WriteHtmlCache Behavior ::run [ RunTime:0.000542s ]
INFO: ShowRuntime Behavior ::run [ RunTime:0.000832s ]
INFO: [ view_filter ] --END-- [ RunTime:0.003185s ]
INFO: [ view_end ] --START--
INFO: ShowPageTrace Behavior ::run [ RunTime:0.000884s ]
INFO: [ view_end ] --END-- [ RunTime:0.001035s ]

[ 2015-10-28T00:36:23+08:00 ] 127.0.0.1 /index.php/Index/savebao
INFO: [ route_check ] --START--
INFO: CheckRoute Behavior ::run [ RunTime:0.002185s ]
INFO: [ route_check ] --END-- [ RunTime:0.002452s ]
INFO: [ app_begin ] --START--
INFO: ReadHtmlCache Behavior ::run [ RunTime:0.000747s ]
INFO: [ app_begin ] --END-- [ RunTime:0.000909s ]
NOTIC: [8] Use of undefined constant __PUBLIC__ - assumed '__PUBLIC__' D:\www\Cat\App\Njs\Home\Action\IndexAction.class.php 第 55 行.
NOTIC: [8] Use of undefined constant __PUBLIC__ - assumed '__PUBLIC__' D:\www\Cat\App\Njs\Home\Action\IndexAction.class.php 第 65 行.
NOTIC: [8] Undefined offset: 2 D:\www\Cat\App\Njs\Home\Action\IndexAction.class.php 第 67 行.
NOTIC: [8] Undefined offset: 3 D:\www\Cat\App\Njs\Home\Action\IndexAction.class.php 第 76 行.
SQL: SHOW COLUMNS FROM `cat_cat` [ RunTime:0.003450s ]
SQL: INSERT INTO `cat_cat` (`name`,`people`,`phone`,`xy`,`openid`,`time`,`img1`,`img2`) VALUES ('rgret','dsfer','18782147286','sdfdsf','ooJsMuBae9b3XHJVptSqp1Jr9Tw4','2015-10-28 00:36:22','__PUBLIC__/Upload/562fa806066a1.jpg','__PUBLIC__/Upload/562fa80609735.jpg') [ RunTime:0.074463s ]
INFO: [ view_parse ] --START--
INFO: ParseTemplate Behavior ::run [ RunTime:0.008455s ]
INFO: [ view_parse ] --END-- [ RunTime:0.008757s ]
INFO: [ view_filter ] --START--
INFO: ContentReplace Behavior ::run [ RunTime:0.000861s ]
INFO: TokenBuild Behavior ::run [ RunTime:0.001387s ]
INFO: WriteHtmlCache Behavior ::run [ RunTime:0.000843s ]
INFO: ShowRuntime Behavior ::run [ RunTime:0.001807s ]
INFO: [ view_filter ] --END-- [ RunTime:0.005548s ]
INFO: [ view_end ] --START--
INFO: ShowPageTrace Behavior ::run [ RunTime:0.001101s ]
INFO: [ view_end ] --END-- [ RunTime:0.001265s ]

[ 2015-10-28T00:36:24+08:00 ] 127.0.0.1 /index.php/Index/getvote?id=14
INFO: [ route_check ] --START--
INFO: CheckRoute Behavior ::run [ RunTime:0.001115s ]
INFO: [ route_check ] --END-- [ RunTime:0.001326s ]
INFO: [ app_begin ] --START--
INFO: ReadHtmlCache Behavior ::run [ RunTime:0.001108s ]
INFO: [ app_begin ] --END-- [ RunTime:0.001354s ]
SQL: SHOW COLUMNS FROM `cat_cat` [ RunTime:0.003043s ]
SQL: SELECT * FROM `cat_cat` WHERE ( `id` = 14 ) AND ( `is_show` = 1 ) LIMIT 1   [ RunTime:0.000399s ]
INFO: [ view_parse ] --START--
NOTIC: [8] Undefined variable: signPackage D:\www\Cat\Cache\Cache\Home\dd3c014e0babb2d04eee368a44e5b629.php 第 95 行.
NOTIC: [8] Undefined variable: signPackage D:\www\Cat\Cache\Cache\Home\dd3c014e0babb2d04eee368a44e5b629.php 第 96 行.
NOTIC: [8] Undefined variable: signPackage D:\www\Cat\Cache\Cache\Home\dd3c014e0babb2d04eee368a44e5b629.php 第 97 行.
NOTIC: [8] Undefined variable: signPackage D:\www\Cat\Cache\Cache\Home\dd3c014e0babb2d04eee368a44e5b629.php 第 98 行.
INFO: ParseTemplate Behavior ::run [ RunTime:0.012594s ]
INFO: [ view_parse ] --END-- [ RunTime:0.012761s ]
INFO: [ view_filter ] --START--
INFO: ContentReplace Behavior ::run [ RunTime:0.000716s ]
INFO: TokenBuild Behavior ::run [ RunTime:0.001305s ]
INFO: WriteHtmlCache Behavior ::run [ RunTime:0.001079s ]
INFO: ShowRuntime Behavior ::run [ RunTime:0.001236s ]
INFO: [ view_filter ] --END-- [ RunTime:0.004969s ]
INFO: [ view_end ] --START--
INFO: ShowPageTrace Behavior ::run [ RunTime:0.001470s ]
INFO: [ view_end ] --END-- [ RunTime:0.001733s ]

[ 2015-10-28T00:38:04+08:00 ] 127.0.0.1 /index.php/Index/index
INFO: [ route_check ] --START--
INFO: CheckRoute Behavior ::run [ RunTime:0.001409s ]
INFO: [ route_check ] --END-- [ RunTime:0.001640s ]
INFO: [ app_begin ] --START--
INFO: ReadHtmlCache Behavior ::run [ RunTime:0.000932s ]
INFO: [ app_begin ] --END-- [ RunTime:0.001116s ]
NOTIC: [8] Undefined index: zr D:\www\Cat\App\Njs\Home\Action\IndexAction.class.php 第 11 行.
SQL: SHOW COLUMNS FROM `cat_cat` [ RunTime:0.003469s ]
SQL: SELECT * FROM `cat_cat` ORDER BY id desc  [ RunTime:0.000469s ]
INFO: [ view_parse ] --START--
NOTIC: [8] Undefined variable: signPackage D:\www\Cat\Cache\Cache\Home\a5aef03df8827ea3bb45129cefc150b5.php 第 127 行.
NOTIC: [8] Undefined variable: signPackage D:\www\Cat\Cache\Cache\Home\a5aef03df8827ea3bb45129cefc150b5.php 第 128 行.
NOTIC: [8] Undefined variable: signPackage D:\www\Cat\Cache\Cache\Home\a5aef03df8827ea3bb45129cefc150b5.php 第 129 行.
NOTIC: [8] Undefined variable: signPackage D:\www\Cat\Cache\Cache\Home\a5aef03df8827ea3bb45129cefc150b5.php 第 130 行.
INFO: ParseTemplate Behavior ::run [ RunTime:0.015473s ]
INFO: [ view_parse ] --END-- [ RunTime:0.015717s ]
INFO: [ view_filter ] --START--
INFO: ContentReplace Behavior ::run [ RunTime:0.000979s ]
INFO: TokenBuild Behavior ::run [ RunTime:0.000696s ]
INFO: WriteHtmlCache Behavior ::run [ RunTime:0.000476s ]
INFO: ShowRuntime Behavior ::run [ RunTime:0.000766s ]
INFO: [ view_filter ] --END-- [ RunTime:0.003456s ]
INFO: [ view_end ] --START--
INFO: ShowPageTrace Behavior ::run [ RunTime:0.000761s ]
INFO: [ view_end ] --END-- [ RunTime:0.000924s ]

[ 2015-10-28T00:41:01+08:00 ] 127.0.0.1 /index.php/Index/index
INFO: [ route_check ] --START--
INFO: CheckRoute Behavior ::run [ RunTime:0.001085s ]
INFO: [ route_check ] --END-- [ RunTime:0.001318s ]
INFO: [ app_begin ] --START--
INFO: ReadHtmlCache Behavior ::run [ RunTime:0.001120s ]
INFO: [ app_begin ] --END-- [ RunTime:0.001335s ]
NOTIC: [8] Undefined index: zr D:\www\Cat\App\Njs\Home\Action\IndexAction.class.php 第 11 行.
SQL: SHOW COLUMNS FROM `cat_cat` [ RunTime:0.003310s ]
SQL: SELECT * FROM `cat_cat` ORDER BY id desc  [ RunTime:0.000510s ]
INFO: [ view_parse ] --START--
NOTIC: [8] Undefined variable: signPackage D:\www\Cat\Cache\Cache\Home\a5aef03df8827ea3bb45129cefc150b5.php 第 127 行.
NOTIC: [8] Undefined variable: signPackage D:\www\Cat\Cache\Cache\Home\a5aef03df8827ea3bb45129cefc150b5.php 第 128 行.
NOTIC: [8] Undefined variable: signPackage D:\www\Cat\Cache\Cache\Home\a5aef03df8827ea3bb45129cefc150b5.php 第 129 行.
NOTIC: [8] Undefined variable: signPackage D:\www\Cat\Cache\Cache\Home\a5aef03df8827ea3bb45129cefc150b5.php 第 130 行.
INFO: ParseTemplate Behavior ::run [ RunTime:0.013566s ]
INFO: [ view_parse ] --END-- [ RunTime:0.013723s ]
INFO: [ view_filter ] --START--
INFO: ContentReplace Behavior ::run [ RunTime:0.000694s ]
INFO: TokenBuild Behavior ::run [ RunTime:0.000601s ]
INFO: WriteHtmlCache Behavior ::run [ RunTime:0.000417s ]
INFO: ShowRuntime Behavior ::run [ RunTime:0.000730s ]
INFO: [ view_filter ] --END-- [ RunTime:0.002947s ]
INFO: [ view_end ] --START--
INFO: ShowPageTrace Behavior ::run [ RunTime:0.001263s ]
INFO: [ view_end ] --END-- [ RunTime:0.001521s ]

[ 2015-10-28T00:51:56+08:00 ] 127.0.0.1 /index.php/Index/getvote?id=14
INFO: [ route_check ] --START--
INFO: CheckRoute Behavior ::run [ RunTime:0.001286s ]
INFO: [ route_check ] --END-- [ RunTime:0.001524s ]
INFO: [ app_begin ] --START--
INFO: ReadHtmlCache Behavior ::run [ RunTime:0.000978s ]
INFO: [ app_begin ] --END-- [ RunTime:0.001148s ]
SQL: SHOW COLUMNS FROM `cat_cat` [ RunTime:0.004250s ]
SQL: SELECT * FROM `cat_cat` WHERE ( `id` = 14 ) AND ( `is_show` = 1 ) LIMIT 1   [ RunTime:0.000760s ]
INFO: [ view_parse ] --START--
NOTIC: [8] Undefined variable: signPackage D:\www\Cat\Cache\Cache\Home\dd3c014e0babb2d04eee368a44e5b629.php 第 98 行.
NOTIC: [8] Undefined variable: signPackage D:\www\Cat\Cache\Cache\Home\dd3c014e0babb2d04eee368a44e5b629.php 第 99 行.
NOTIC: [8] Undefined variable: signPackage D:\www\Cat\Cache\Cache\Home\dd3c014e0babb2d04eee368a44e5b629.php 第 100 行.
NOTIC: [8] Undefined variable: signPackage D:\www\Cat\Cache\Cache\Home\dd3c014e0babb2d04eee368a44e5b629.php 第 101 行.
INFO: ParseTemplate Behavior ::run [ RunTime:0.014524s ]
INFO: [ view_parse ] --END-- [ RunTime:0.014752s ]
INFO: [ view_filter ] --START--
INFO: ContentReplace Behavior ::run [ RunTime:0.000787s ]
INFO: TokenBuild Behavior ::run [ RunTime:0.000682s ]
INFO: WriteHtmlCache Behavior ::run [ RunTime:0.000586s ]
INFO: ShowRuntime Behavior ::run [ RunTime:0.001037s ]
INFO: [ view_filter ] --END-- [ RunTime:0.003546s ]
INFO: [ view_end ] --START--
INFO: ShowPageTrace Behavior ::run [ RunTime:0.001059s ]
INFO: [ view_end ] --END-- [ RunTime:0.001221s ]

[ 2015-10-28T00:51:58+08:00 ] 127.0.0.1 /index.php/Index/vote
INFO: [ route_check ] --START--
INFO: CheckRoute Behavior ::run [ RunTime:0.001036s ]
INFO: [ route_check ] --END-- [ RunTime:0.001207s ]
INFO: [ app_begin ] --START--
INFO: ReadHtmlCache Behavior ::run [ RunTime:0.000847s ]
INFO: [ app_begin ] --END-- [ RunTime:0.000977s ]
SQL: SHOW COLUMNS FROM `cat_vote` [ RunTime:0.070836s ]
SQL: SELECT * FROM `cat_vote` WHERE ( `openid` = 'ooJsMuBae9b3XHJVptSqp1Jr9Tw4' ) AND (  (`time` BETWEEN '2015-10-28 00:00:00' AND '2015-10-28 00:51:58' ) ) AND ( `cat_id` = 14 ) LIMIT 1   [ RunTime:0.000421s ]
NOTIC: [8] Undefined index: nickname D:\www\Cat\App\Njs\Home\Action\IndexAction.class.php 第 117 行.
SQL: INSERT INTO `cat_vote` (`cat_id`,`name`,`openid`,`time`) VALUES (14,null,'ooJsMuBae9b3XHJVptSqp1Jr9Tw4','2015-10-28 00:51:58') [ RunTime:0.238800s ]
SQL: SHOW COLUMNS FROM `cat_cat` [ RunTime:0.004440s ]
SQL: UPDATE `cat_cat` SET `vote`=vote+1 WHERE ( `id` = 14 ) [ RunTime:0.114302s ]

[ 2015-10-28T00:51:59+08:00 ] 127.0.0.1 /index.php/Index/getvote?id=14
INFO: [ route_check ] --START--
INFO: CheckRoute Behavior ::run [ RunTime:0.001657s ]
INFO: [ route_check ] --END-- [ RunTime:0.001938s ]
INFO: [ app_begin ] --START--
INFO: ReadHtmlCache Behavior ::run [ RunTime:0.001239s ]
INFO: [ app_begin ] --END-- [ RunTime:0.001443s ]
SQL: SHOW COLUMNS FROM `cat_cat` [ RunTime:0.004661s ]
SQL: SELECT * FROM `cat_cat` WHERE ( `id` = 14 ) AND ( `is_show` = 1 ) LIMIT 1   [ RunTime:0.000434s ]
INFO: [ view_parse ] --START--
NOTIC: [8] Undefined variable: signPackage D:\www\Cat\Cache\Cache\Home\dd3c014e0babb2d04eee368a44e5b629.php 第 98 行.
NOTIC: [8] Undefined variable: signPackage D:\www\Cat\Cache\Cache\Home\dd3c014e0babb2d04eee368a44e5b629.php 第 99 行.
NOTIC: [8] Undefined variable: signPackage D:\www\Cat\Cache\Cache\Home\dd3c014e0babb2d04eee368a44e5b629.php 第 100 行.
NOTIC: [8] Undefined variable: signPackage D:\www\Cat\Cache\Cache\Home\dd3c014e0babb2d04eee368a44e5b629.php 第 101 行.
INFO: ParseTemplate Behavior ::run [ RunTime:0.014076s ]
INFO: [ view_parse ] --END-- [ RunTime:0.014297s ]
INFO: [ view_filter ] --START--
INFO: ContentReplace Behavior ::run [ RunTime:0.001229s ]
INFO: TokenBuild Behavior ::run [ RunTime:0.000935s ]
INFO: WriteHtmlCache Behavior ::run [ RunTime:0.000702s ]
INFO: ShowRuntime Behavior ::run [ RunTime:0.001888s ]
INFO: [ view_filter ] --END-- [ RunTime:0.005489s ]
INFO: [ view_end ] --START--
INFO: ShowPageTrace Behavior ::run [ RunTime:0.001804s ]
INFO: [ view_end ] --END-- [ RunTime:0.002177s ]

[ 2015-10-28T00:52:00+08:00 ] 127.0.0.1 /index.php/Index/vote
INFO: [ route_check ] --START--
INFO: CheckRoute Behavior ::run [ RunTime:0.001061s ]
INFO: [ route_check ] --END-- [ RunTime:0.001237s ]
INFO: [ app_begin ] --START--
INFO: ReadHtmlCache Behavior ::run [ RunTime:0.000787s ]
INFO: [ app_begin ] --END-- [ RunTime:0.000927s ]
SQL: SHOW COLUMNS FROM `cat_vote` [ RunTime:0.002778s ]
SQL: SELECT * FROM `cat_vote` WHERE ( `openid` = 'ooJsMuBae9b3XHJVptSqp1Jr9Tw4' ) AND (  (`time` BETWEEN '2015-10-28 00:00:00' AND '2015-10-28 00:52:00' ) ) AND ( `cat_id` = 14 ) LIMIT 1   [ RunTime:0.025278s ]

[ 2015-10-28T00:52:33+08:00 ] 127.0.0.1 /index.php/Index/getvote?id=14
INFO: [ route_check ] --START--
INFO: CheckRoute Behavior ::run [ RunTime:0.001843s ]
INFO: [ route_check ] --END-- [ RunTime:0.002224s ]
INFO: [ app_begin ] --START--
INFO: ReadHtmlCache Behavior ::run [ RunTime:0.000958s ]
INFO: [ app_begin ] --END-- [ RunTime:0.001257s ]
SQL: SHOW COLUMNS FROM `cat_cat` [ RunTime:0.003462s ]
SQL: SELECT * FROM `cat_cat` WHERE ( `id` = 14 ) AND ( `is_show` = 1 ) LIMIT 1   [ RunTime:0.000406s ]
INFO: [ view_parse ] --START--
NOTIC: [8] Undefined variable: signPackage D:\www\Cat\Cache\Cache\Home\dd3c014e0babb2d04eee368a44e5b629.php 第 98 行.
NOTIC: [8] Undefined variable: signPackage D:\www\Cat\Cache\Cache\Home\dd3c014e0babb2d04eee368a44e5b629.php 第 99 行.
NOTIC: [8] Undefined variable: signPackage D:\www\Cat\Cache\Cache\Home\dd3c014e0babb2d04eee368a44e5b629.php 第 100 行.
NOTIC: [8] Undefined variable: signPackage D:\www\Cat\Cache\Cache\Home\dd3c014e0babb2d04eee368a44e5b629.php 第 101 行.
INFO: ParseTemplate Behavior ::run [ RunTime:0.015937s ]
INFO: [ view_parse ] --END-- [ RunTime:0.016106s ]
INFO: [ view_filter ] --START--
INFO: ContentReplace Behavior ::run [ RunTime:0.000694s ]
INFO: TokenBuild Behavior ::run [ RunTime:0.000793s ]
INFO: WriteHtmlCache Behavior ::run [ RunTime:0.000567s ]
INFO: ShowRuntime Behavior ::run [ RunTime:0.000804s ]
INFO: [ view_filter ] --END-- [ RunTime:0.003311s ]
INFO: [ view_end ] --START--
INFO: ShowPageTrace Behavior ::run [ RunTime:0.000777s ]
INFO: [ view_end ] --END-- [ RunTime:0.000937s ]

[ 2015-10-28T00:52:34+08:00 ] 127.0.0.1 /index.php/Index/vote
INFO: [ route_check ] --START--
INFO: CheckRoute Behavior ::run [ RunTime:0.000873s ]
INFO: [ route_check ] --END-- [ RunTime:0.001053s ]
INFO: [ app_begin ] --START--
INFO: ReadHtmlCache Behavior ::run [ RunTime:0.000808s ]
INFO: [ app_begin ] --END-- [ RunTime:0.000931s ]
SQL: SHOW COLUMNS FROM `cat_vote` [ RunTime:0.003065s ]
SQL: SELECT * FROM `cat_vote` WHERE ( `openid` = 'ooJsMuBae9b3XHJVptSqp1Jr9Tw4' ) AND (  (`time` BETWEEN '2015-10-28 00:00:00' AND '2015-10-28 00:52:34' ) ) AND ( `cat_id` = 14 ) LIMIT 1   [ RunTime:0.000364s ]

[ 2015-10-28T00:53:22+08:00 ] 127.0.0.1 /index.php/Index/getvote?id=13
INFO: [ route_check ] --START--
INFO: CheckRoute Behavior ::run [ RunTime:0.001090s ]
INFO: [ route_check ] --END-- [ RunTime:0.001374s ]
INFO: [ app_begin ] --START--
INFO: ReadHtmlCache Behavior ::run [ RunTime:0.000958s ]
INFO: [ app_begin ] --END-- [ RunTime:0.001127s ]
SQL: SHOW COLUMNS FROM `cat_cat` [ RunTime:0.004666s ]
SQL: SELECT * FROM `cat_cat` WHERE ( `id` = 13 ) AND ( `is_show` = 1 ) LIMIT 1   [ RunTime:0.000425s ]
INFO: [ view_parse ] --START--
NOTIC: [8] Undefined variable: signPackage D:\www\Cat\Cache\Cache\Home\dd3c014e0babb2d04eee368a44e5b629.php 第 98 行.
NOTIC: [8] Undefined variable: signPackage D:\www\Cat\Cache\Cache\Home\dd3c014e0babb2d04eee368a44e5b629.php 第 99 行.
NOTIC: [8] Undefined variable: signPackage D:\www\Cat\Cache\Cache\Home\dd3c014e0babb2d04eee368a44e5b629.php 第 100 行.
NOTIC: [8] Undefined variable: signPackage D:\www\Cat\Cache\Cache\Home\dd3c014e0babb2d04eee368a44e5b629.php 第 101 行.
INFO: ParseTemplate Behavior ::run [ RunTime:0.012050s ]
INFO: [ view_parse ] --END-- [ RunTime:0.012207s ]
INFO: [ view_filter ] --START--
INFO: ContentReplace Behavior ::run [ RunTime:0.000625s ]
INFO: TokenBuild Behavior ::run [ RunTime:0.000803s ]
INFO: WriteHtmlCache Behavior ::run [ RunTime:0.000601s ]
INFO: ShowRuntime Behavior ::run [ RunTime:0.001198s ]
INFO: [ view_filter ] --END-- [ RunTime:0.003709s ]
INFO: [ view_end ] --START--
INFO: ShowPageTrace Behavior ::run [ RunTime:0.001152s ]
INFO: [ view_end ] --END-- [ RunTime:0.001362s ]

[ 2015-10-28T00:53:24+08:00 ] 127.0.0.1 /index.php/Index/vote
INFO: [ route_check ] --START--
INFO: CheckRoute Behavior ::run [ RunTime:0.000878s ]
INFO: [ route_check ] --END-- [ RunTime:0.001063s ]
INFO: [ app_begin ] --START--
INFO: ReadHtmlCache Behavior ::run [ RunTime:0.000833s ]
INFO: [ app_begin ] --END-- [ RunTime:0.000961s ]
SQL: SHOW COLUMNS FROM `cat_vote` [ RunTime:0.003323s ]
SQL: SELECT * FROM `cat_vote` WHERE ( `openid` = 'ooJsMuBae9b3XHJVptSqp1Jr9Tw4' ) AND (  (`time` BETWEEN '2015-10-28 00:00:00' AND '2015-10-28 00:53:24' ) ) AND ( `cat_id` = 13 ) LIMIT 1   [ RunTime:0.000522s ]
NOTIC: [8] Undefined index: nickname D:\www\Cat\App\Njs\Home\Action\IndexAction.class.php 第 117 行.
SQL: INSERT INTO `cat_vote` (`cat_id`,`name`,`openid`,`time`) VALUES (13,null,'ooJsMuBae9b3XHJVptSqp1Jr9Tw4','2015-10-28 00:53:24') [ RunTime:0.198783s ]
SQL: SHOW COLUMNS FROM `cat_cat` [ RunTime:0.071728s ]
SQL: UPDATE `cat_cat` SET `vote`=vote+1 WHERE ( `id` = 13 ) [ RunTime:0.174391s ]

[ 2015-10-28T00:53:26+08:00 ] 127.0.0.1 /index.php/Index/getvote?id=13
INFO: [ route_check ] --START--
INFO: CheckRoute Behavior ::run [ RunTime:0.001034s ]
INFO: [ route_check ] --END-- [ RunTime:0.001283s ]
INFO: [ app_begin ] --START--
INFO: ReadHtmlCache Behavior ::run [ RunTime:0.001119s ]
INFO: [ app_begin ] --END-- [ RunTime:0.001292s ]
SQL: SHOW COLUMNS FROM `cat_cat` [ RunTime:0.003209s ]
SQL: SELECT * FROM `cat_cat` WHERE ( `id` = 13 ) AND ( `is_show` = 1 ) LIMIT 1   [ RunTime:0.000438s ]
INFO: [ view_parse ] --START--
NOTIC: [8] Undefined variable: signPackage D:\www\Cat\Cache\Cache\Home\dd3c014e0babb2d04eee368a44e5b629.php 第 98 行.
NOTIC: [8] Undefined variable: signPackage D:\www\Cat\Cache\Cache\Home\dd3c014e0babb2d04eee368a44e5b629.php 第 99 行.
NOTIC: [8] Undefined variable: signPackage D:\www\Cat\Cache\Cache\Home\dd3c014e0babb2d04eee368a44e5b629.php 第 100 行.
NOTIC: [8] Undefined variable: signPackage D:\www\Cat\Cache\Cache\Home\dd3c014e0babb2d04eee368a44e5b629.php 第 101 行.
INFO: ParseTemplate Behavior ::run [ RunTime:0.017422s ]
INFO: [ view_parse ] --END-- [ RunTime:0.017665s ]
INFO: [ view_filter ] --START--
INFO: ContentReplace Behavior ::run [ RunTime:0.001011s ]
INFO: TokenBuild Behavior ::run [ RunTime:0.001016s ]
INFO: WriteHtmlCache Behavior ::run [ RunTime:0.000521s ]
INFO: ShowRuntime Behavior ::run [ RunTime:0.000830s ]
INFO: [ view_filter ] --END-- [ RunTime:0.003957s ]
INFO: [ view_end ] --START--
INFO: ShowPageTrace Behavior ::run [ RunTime:0.000921s ]
INFO: [ view_end ] --END-- [ RunTime:0.001077s ]

[ 2015-10-28T00:53:33+08:00 ] 127.0.0.1 /index.php/Index/baoming
INFO: [ route_check ] --START--
INFO: CheckRoute Behavior ::run [ RunTime:0.001308s ]
INFO: [ route_check ] --END-- [ RunTime:0.001503s ]
INFO: [ app_begin ] --START--
INFO: ReadHtmlCache Behavior ::run [ RunTime:0.000816s ]
INFO: [ app_begin ] --END-- [ RunTime:0.000970s ]
SQL: SHOW COLUMNS FROM `cat_cat` [ RunTime:0.002856s ]
SQL: SELECT * FROM `cat_cat` WHERE ( `openid` = 'ooJsMuBae9b3XHJVptSqp1Jr9Tw4' ) LIMIT 1   [ RunTime:0.000383s ]
INFO: [ view_parse ] --START--
NOTIC: [8] Undefined variable: signPackage D:\www\Cat\Cache\Cache\Home\cecdba2df375e22775e7d1586fc95a09.php 第 249 行.
NOTIC: [8] Undefined variable: signPackage D:\www\Cat\Cache\Cache\Home\cecdba2df375e22775e7d1586fc95a09.php 第 250 行.
NOTIC: [8] Undefined variable: signPackage D:\www\Cat\Cache\Cache\Home\cecdba2df375e22775e7d1586fc95a09.php 第 251 行.
NOTIC: [8] Undefined variable: signPackage D:\www\Cat\Cache\Cache\Home\cecdba2df375e22775e7d1586fc95a09.php 第 252 行.
INFO: ParseTemplate Behavior ::run [ RunTime:0.013238s ]
INFO: [ view_parse ] --END-- [ RunTime:0.013443s ]
INFO: [ view_filter ] --START--
INFO: ContentReplace Behavior ::run [ RunTime:0.000701s ]
INFO: TokenBuild Behavior ::run [ RunTime:0.000660s ]
INFO: WriteHtmlCache Behavior ::run [ RunTime:0.000509s ]
INFO: ShowRuntime Behavior ::run [ RunTime:0.000772s ]
INFO: [ view_filter ] --END-- [ RunTime:0.003086s ]
INFO: [ view_end ] --START--
INFO: ShowPageTrace Behavior ::run [ RunTime:0.001342s ]
INFO: [ view_end ] --END-- [ RunTime:0.001635s ]

[ 2015-10-28T00:53:42+08:00 ] 127.0.0.1 /index.php/Index/savebao
INFO: [ route_check ] --START--
INFO: CheckRoute Behavior ::run [ RunTime:0.000879s ]
INFO: [ route_check ] --END-- [ RunTime:0.001049s ]
INFO: [ app_begin ] --START--
INFO: ReadHtmlCache Behavior ::run [ RunTime:0.000755s ]
INFO: [ app_begin ] --END-- [ RunTime:0.000909s ]
NOTIC: [2] imagecreatefromjpeg(): gd-jpeg: JPEG library reports unrecoverable error:  D:\www\Cat\App\Njs\Home\Action\IndexAction.class.php 第 50 行.
NOTIC: [2] imagecreatefromjpeg(): './Public/yt/562fac16af8c5.jpg' is not a valid JPEG file D:\www\Cat\App\Njs\Home\Action\IndexAction.class.php 第 50 行.
NOTIC: [2] imagesx() expects parameter 1 to be resource, boolean given D:\www\Cat\App\Njs\Home\Action\IndexAction.class.php 第 133 行.
NOTIC: [2] imagesy() expects parameter 1 to be resource, boolean given D:\www\Cat\App\Njs\Home\Action\IndexAction.class.php 第 134 行.
NOTIC: [2] imagejpeg() expects parameter 1 to be resource, boolean given D:\www\Cat\App\Njs\Home\Action\IndexAction.class.php 第 183 行.
NOTIC: [8] Use of undefined constant __PUBLIC__ - assumed '__PUBLIC__' D:\www\Cat\App\Njs\Home\Action\IndexAction.class.php 第 55 行.
NOTIC: [8] Undefined offset: 1 D:\www\Cat\App\Njs\Home\Action\IndexAction.class.php 第 58 行.
NOTIC: [8] Undefined offset: 2 D:\www\Cat\App\Njs\Home\Action\IndexAction.class.php 第 67 行.
NOTIC: [8] Undefined offset: 3 D:\www\Cat\App\Njs\Home\Action\IndexAction.class.php 第 76 行.
SQL: SHOW COLUMNS FROM `cat_cat` [ RunTime:0.002922s ]
SQL: INSERT INTO `cat_cat` (`name`,`people`,`phone`,`xy`,`openid`,`time`,`img1`) VALUES ('打三分','爱的色放','18782147286','的萨芬','ooJsMuBae9b3XHJVptSqp1Jr9Tw4','2015-10-28 00:53:42','__PUBLIC__/Upload/562fac16af8c5.jpg') [ RunTime:0.142027s ]
INFO: [ view_parse ] --START--
INFO: ParseTemplate Behavior ::run [ RunTime:0.007543s ]
INFO: [ view_parse ] --END-- [ RunTime:0.007744s ]
INFO: [ view_filter ] --START--
INFO: ContentReplace Behavior ::run [ RunTime:0.000592s ]
INFO: TokenBuild Behavior ::run [ RunTime:0.000601s ]
INFO: WriteHtmlCache Behavior ::run [ RunTime:0.000408s ]
INFO: ShowRuntime Behavior ::run [ RunTime:0.000654s ]
INFO: [ view_filter ] --END-- [ RunTime:0.002658s ]
INFO: [ view_end ] --START--
INFO: ShowPageTrace Behavior ::run [ RunTime:0.000720s ]
INFO: [ view_end ] --END-- [ RunTime:0.000873s ]

[ 2015-10-28T00:53:43+08:00 ] 127.0.0.1 /index.php/Index/getvote?id=15
INFO: [ route_check ] --START--
INFO: CheckRoute Behavior ::run [ RunTime:0.000828s ]
INFO: [ route_check ] --END-- [ RunTime:0.000997s ]
INFO: [ app_begin ] --START--
INFO: ReadHtmlCache Behavior ::run [ RunTime:0.000711s ]
INFO: [ app_begin ] --END-- [ RunTime:0.000880s ]
SQL: SHOW COLUMNS FROM `cat_cat` [ RunTime:0.003781s ]
SQL: SELECT * FROM `cat_cat` WHERE ( `id` = 15 ) AND ( `is_show` = 1 ) LIMIT 1   [ RunTime:0.000485s ]
INFO: [ view_parse ] --START--
NOTIC: [8] Undefined variable: signPackage D:\www\Cat\Cache\Cache\Home\dd3c014e0babb2d04eee368a44e5b629.php 第 98 行.
NOTIC: [8] Undefined variable: signPackage D:\www\Cat\Cache\Cache\Home\dd3c014e0babb2d04eee368a44e5b629.php 第 99 行.
NOTIC: [8] Undefined variable: signPackage D:\www\Cat\Cache\Cache\Home\dd3c014e0babb2d04eee368a44e5b629.php 第 100 行.
NOTIC: [8] Undefined variable: signPackage D:\www\Cat\Cache\Cache\Home\dd3c014e0babb2d04eee368a44e5b629.php 第 101 行.
INFO: ParseTemplate Behavior ::run [ RunTime:0.012393s ]
INFO: [ view_parse ] --END-- [ RunTime:0.012618s ]
INFO: [ view_filter ] --START--
INFO: ContentReplace Behavior ::run [ RunTime:0.001436s ]
INFO: TokenBuild Behavior ::run [ RunTime:0.000752s ]
INFO: WriteHtmlCache Behavior ::run [ RunTime:0.000366s ]
INFO: ShowRuntime Behavior ::run [ RunTime:0.000683s ]
INFO: [ view_filter ] --END-- [ RunTime:0.003837s ]
INFO: [ view_end ] --START--
INFO: ShowPageTrace Behavior ::run [ RunTime:0.000891s ]
INFO: [ view_end ] --END-- [ RunTime:0.001053s ]

[ 2015-10-28T00:53:46+08:00 ] 127.0.0.1 /index.php/Index/index
INFO: [ route_check ] --START--
INFO: CheckRoute Behavior ::run [ RunTime:0.000845s ]
INFO: [ route_check ] --END-- [ RunTime:0.001016s ]
INFO: [ app_begin ] --START--
INFO: ReadHtmlCache Behavior ::run [ RunTime:0.000691s ]
INFO: [ app_begin ] --END-- [ RunTime:0.000831s ]
NOTIC: [8] Undefined index: zr D:\www\Cat\App\Njs\Home\Action\IndexAction.class.php 第 11 行.
SQL: SHOW COLUMNS FROM `cat_cat` [ RunTime:0.004483s ]
SQL: SELECT * FROM `cat_cat` ORDER BY id desc  [ RunTime:0.000527s ]
INFO: [ view_parse ] --START--
NOTIC: [8] Undefined variable: signPackage D:\www\Cat\Cache\Cache\Home\a5aef03df8827ea3bb45129cefc150b5.php 第 127 行.
NOTIC: [8] Undefined variable: signPackage D:\www\Cat\Cache\Cache\Home\a5aef03df8827ea3bb45129cefc150b5.php 第 128 行.
NOTIC: [8] Undefined variable: signPackage D:\www\Cat\Cache\Cache\Home\a5aef03df8827ea3bb45129cefc150b5.php 第 129 行.
NOTIC: [8] Undefined variable: signPackage D:\www\Cat\Cache\Cache\Home\a5aef03df8827ea3bb45129cefc150b5.php 第 130 行.
INFO: ParseTemplate Behavior ::run [ RunTime:0.012688s ]
INFO: [ view_parse ] --END-- [ RunTime:0.012961s ]
INFO: [ view_filter ] --START--
INFO: ContentReplace Behavior ::run [ RunTime:0.000793s ]
INFO: TokenBuild Behavior ::run [ RunTime:0.000666s ]
INFO: WriteHtmlCache Behavior ::run [ RunTime:0.000448s ]
INFO: ShowRuntime Behavior ::run [ RunTime:0.000751s ]
INFO: [ view_filter ] --END-- [ RunTime:0.003111s ]
INFO: [ view_end ] --START--
INFO: ShowPageTrace Behavior ::run [ RunTime:0.000748s ]
INFO: [ view_end ] --END-- [ RunTime:0.000898s ]

[ 2015-10-28T00:53:47+08:00 ] 127.0.0.1 /index.php/Index/getvote?id=15
INFO: [ route_check ] --START--
INFO: CheckRoute Behavior ::run [ RunTime:0.000987s ]
INFO: [ route_check ] --END-- [ RunTime:0.001194s ]
INFO: [ app_begin ] --START--
INFO: ReadHtmlCache Behavior ::run [ RunTime:0.000877s ]
INFO: [ app_begin ] --END-- [ RunTime:0.001041s ]
SQL: SHOW COLUMNS FROM `cat_cat` [ RunTime:0.003163s ]
SQL: SELECT * FROM `cat_cat` WHERE ( `id` = 15 ) AND ( `is_show` = 1 ) LIMIT 1   [ RunTime:0.000541s ]
INFO: [ view_parse ] --START--
NOTIC: [8] Undefined variable: signPackage D:\www\Cat\Cache\Cache\Home\dd3c014e0babb2d04eee368a44e5b629.php 第 98 行.
NOTIC: [8] Undefined variable: signPackage D:\www\Cat\Cache\Cache\Home\dd3c014e0babb2d04eee368a44e5b629.php 第 99 行.
NOTIC: [8] Undefined variable: signPackage D:\www\Cat\Cache\Cache\Home\dd3c014e0babb2d04eee368a44e5b629.php 第 100 行.
NOTIC: [8] Undefined variable: signPackage D:\www\Cat\Cache\Cache\Home\dd3c014e0babb2d04eee368a44e5b629.php 第 101 行.
INFO: ParseTemplate Behavior ::run [ RunTime:0.013021s ]
INFO: [ view_parse ] --END-- [ RunTime:0.013304s ]
INFO: [ view_filter ] --START--
INFO: ContentReplace Behavior ::run [ RunTime:0.000994s ]
INFO: TokenBuild Behavior ::run [ RunTime:0.000706s ]
INFO: WriteHtmlCache Behavior ::run [ RunTime:0.000536s ]
INFO: ShowRuntime Behavior ::run [ RunTime:0.000811s ]
INFO: [ view_filter ] --END-- [ RunTime:0.003601s ]
INFO: [ view_end ] --START--
INFO: ShowPageTrace Behavior ::run [ RunTime:0.001226s ]
INFO: [ view_end ] --END-- [ RunTime:0.001415s ]

[ 2015-10-28T00:54:34+08:00 ] 127.0.0.1 /index.php/Index/vote
INFO: [ route_check ] --START--
INFO: CheckRoute Behavior ::run [ RunTime:0.001176s ]
INFO: [ route_check ] --END-- [ RunTime:0.001471s ]
INFO: [ app_begin ] --START--
INFO: ReadHtmlCache Behavior ::run [ RunTime:0.001320s ]
INFO: [ app_begin ] --END-- [ RunTime:0.001571s ]
SQL: SHOW COLUMNS FROM `cat_vote` [ RunTime:0.002793s ]
SQL: SELECT * FROM `cat_vote` WHERE ( `openid` = 'ooJsMuBae9b3XHJVptSqp1Jr9Tw4' ) AND (  (`time` BETWEEN '2015-10-28 00:00:00' AND '2015-10-28 00:54:34' ) ) AND ( `cat_id` = 15 ) LIMIT 1   [ RunTime:0.000318s ]
NOTIC: [8] Undefined index: nickname D:\www\Cat\App\Njs\Home\Action\IndexAction.class.php 第 117 行.
SQL: INSERT INTO `cat_vote` (`cat_id`,`name`,`openid`,`time`) VALUES (15,null,'ooJsMuBae9b3XHJVptSqp1Jr9Tw4','2015-10-28 00:54:34') [ RunTime:0.097579s ]
SQL: SHOW COLUMNS FROM `cat_cat` [ RunTime:0.002845s ]
SQL: UPDATE `cat_cat` SET `vote`=vote+1 WHERE ( `id` = 15 ) [ RunTime:0.139780s ]

[ 2015-10-28T00:56:57+08:00 ] 127.0.0.1 /index.php/Index/getvote?id=15
INFO: [ route_check ] --START--
INFO: CheckRoute Behavior ::run [ RunTime:0.001168s ]
INFO: [ route_check ] --END-- [ RunTime:0.001386s ]
INFO: [ app_begin ] --START--
INFO: ReadHtmlCache Behavior ::run [ RunTime:0.000837s ]
INFO: [ app_begin ] --END-- [ RunTime:0.001050s ]
SQL: SHOW COLUMNS FROM `cat_cat` [ RunTime:0.004062s ]
SQL: SELECT * FROM `cat_cat` WHERE ( `id` = 15 ) AND ( `is_show` = 1 ) LIMIT 1   [ RunTime:0.000458s ]
INFO: [ view_parse ] --START--
NOTIC: [8] Undefined variable: signPackage D:\www\Cat\Cache\Cache\Home\dd3c014e0babb2d04eee368a44e5b629.php 第 100 行.
NOTIC: [8] Undefined variable: signPackage D:\www\Cat\Cache\Cache\Home\dd3c014e0babb2d04eee368a44e5b629.php 第 101 行.
NOTIC: [8] Undefined variable: signPackage D:\www\Cat\Cache\Cache\Home\dd3c014e0babb2d04eee368a44e5b629.php 第 102 行.
NOTIC: [8] Undefined variable: signPackage D:\www\Cat\Cache\Cache\Home\dd3c014e0babb2d04eee368a44e5b629.php 第 103 行.
INFO: ParseTemplate Behavior ::run [ RunTime:0.013869s ]
INFO: [ view_parse ] --END-- [ RunTime:0.014033s ]
INFO: [ view_filter ] --START--
INFO: ContentReplace Behavior ::run [ RunTime:0.000936s ]
INFO: TokenBuild Behavior ::run [ RunTime:0.001078s ]
INFO: WriteHtmlCache Behavior ::run [ RunTime:0.000977s ]
INFO: ShowRuntime Behavior ::run [ RunTime:0.001446s ]
INFO: [ view_filter ] --END-- [ RunTime:0.005272s ]
INFO: [ view_end ] --START--
INFO: ShowPageTrace Behavior ::run [ RunTime:0.001316s ]
INFO: [ view_end ] --END-- [ RunTime:0.001498s ]

[ 2015-10-28T00:56:59+08:00 ] 127.0.0.1 /index.php/Index/vote
INFO: [ route_check ] --START--
INFO: CheckRoute Behavior ::run [ RunTime:0.000982s ]
INFO: [ route_check ] --END-- [ RunTime:0.001153s ]
INFO: [ app_begin ] --START--
INFO: ReadHtmlCache Behavior ::run [ RunTime:0.000731s ]
INFO: [ app_begin ] --END-- [ RunTime:0.000876s ]
SQL: SHOW COLUMNS FROM `cat_vote` [ RunTime:0.002884s ]
SQL: SELECT * FROM `cat_vote` WHERE ( `openid` = 'ooJsMuBae9b3XHJVptSqp1Jr9Tw4' ) AND (  (`time` BETWEEN '2015-10-28 00:00:00' AND '2015-10-28 00:56:59' ) ) AND ( `cat_id` = 15 ) LIMIT 1   [ RunTime:0.000385s ]

[ 2015-10-28T00:57:28+08:00 ] 127.0.0.1 /index.php/Index/index
INFO: [ route_check ] --START--
INFO: CheckRoute Behavior ::run [ RunTime:0.000892s ]
INFO: [ route_check ] --END-- [ RunTime:0.001083s ]
INFO: [ app_begin ] --START--
INFO: ReadHtmlCache Behavior ::run [ RunTime:0.000731s ]
INFO: [ app_begin ] --END-- [ RunTime:0.000891s ]
NOTIC: [8] Undefined index: zr D:\www\Cat\App\Njs\Home\Action\IndexAction.class.php 第 11 行.
SQL: SHOW COLUMNS FROM `cat_cat` [ RunTime:0.003064s ]
SQL: SELECT * FROM `cat_cat` ORDER BY id desc  [ RunTime:0.000447s ]
INFO: [ view_parse ] --START--
NOTIC: [8] Undefined variable: signPackage D:\www\Cat\Cache\Cache\Home\a5aef03df8827ea3bb45129cefc150b5.php 第 127 行.
NOTIC: [8] Undefined variable: signPackage D:\www\Cat\Cache\Cache\Home\a5aef03df8827ea3bb45129cefc150b5.php 第 128 行.
NOTIC: [8] Undefined variable: signPackage D:\www\Cat\Cache\Cache\Home\a5aef03df8827ea3bb45129cefc150b5.php 第 129 行.
NOTIC: [8] Undefined variable: signPackage D:\www\Cat\Cache\Cache\Home\a5aef03df8827ea3bb45129cefc150b5.php 第 130 行.
INFO: ParseTemplate Behavior ::run [ RunTime:0.014059s ]
INFO: [ view_parse ] --END-- [ RunTime:0.014213s ]
INFO: [ view_filter ] --START--
INFO: ContentReplace Behavior ::run [ RunTime:0.000687s ]
INFO: TokenBuild Behavior ::run [ RunTime:0.000631s ]
INFO: WriteHtmlCache Behavior ::run [ RunTime:0.000426s ]
INFO: ShowRuntime Behavior ::run [ RunTime:0.000721s ]
INFO: [ view_filter ] --END-- [ RunTime:0.002843s ]
INFO: [ view_end ] --START--
INFO: ShowPageTrace Behavior ::run [ RunTime:0.001003s ]
INFO: [ view_end ] --END-- [ RunTime:0.001160s ]

[ 2015-10-28T00:57:29+08:00 ] 127.0.0.1 /index.php/Index/getvote?id=14
INFO: [ route_check ] --START--
INFO: CheckRoute Behavior ::run [ RunTime:0.001288s ]
INFO: [ route_check ] --END-- [ RunTime:0.001554s ]
INFO: [ app_begin ] --START--
INFO: ReadHtmlCache Behavior ::run [ RunTime:0.000978s ]
INFO: [ app_begin ] --END-- [ RunTime:0.001157s ]
SQL: SHOW COLUMNS FROM `cat_cat` [ RunTime:0.004531s ]
SQL: SELECT * FROM `cat_cat` WHERE ( `id` = 14 ) AND ( `is_show` = 1 ) LIMIT 1   [ RunTime:0.000652s ]
INFO: [ view_parse ] --START--
NOTIC: [8] Undefined variable: signPackage D:\www\Cat\Cache\Cache\Home\dd3c014e0babb2d04eee368a44e5b629.php 第 100 行.
NOTIC: [8] Undefined variable: signPackage D:\www\Cat\Cache\Cache\Home\dd3c014e0babb2d04eee368a44e5b629.php 第 101 行.
NOTIC: [8] Undefined variable: signPackage D:\www\Cat\Cache\Cache\Home\dd3c014e0babb2d04eee368a44e5b629.php 第 102 行.
NOTIC: [8] Undefined variable: signPackage D:\www\Cat\Cache\Cache\Home\dd3c014e0babb2d04eee368a44e5b629.php 第 103 行.
INFO: ParseTemplate Behavior ::run [ RunTime:0.018040s ]
INFO: [ view_parse ] --END-- [ RunTime:0.018360s ]
INFO: [ view_filter ] --START--
INFO: ContentReplace Behavior ::run [ RunTime:0.001179s ]
INFO: TokenBuild Behavior ::run [ RunTime:0.001109s ]
INFO: WriteHtmlCache Behavior ::run [ RunTime:0.000590s ]
INFO: ShowRuntime Behavior ::run [ RunTime:0.000893s ]
INFO: [ view_filter ] --END-- [ RunTime:0.004496s ]
INFO: [ view_end ] --START--
INFO: ShowPageTrace Behavior ::run [ RunTime:0.000916s ]
INFO: [ view_end ] --END-- [ RunTime:0.001137s ]

[ 2015-10-28T14:02:44+08:00 ] 127.0.0.1 /
INFO: [ app_begin ] --START--
INFO: ReadHtmlCache Behavior ::run [ RunTime:0.001669s ]
INFO: [ app_begin ] --END-- [ RunTime:0.002069s ]
NOTIC: [8] Undefined index: zr D:\www\Cat\App\Njs\Home\Action\IndexAction.class.php 第 11 行.
SQL: SHOW COLUMNS FROM `cat_cat` [ RunTime:0.006801s ]
SQL: SELECT * FROM `cat_cat` ORDER BY id desc  [ RunTime:0.000671s ]
INFO: [ view_parse ] --START--
NOTIC: [8] Undefined variable: signPackage D:\www\Cat\Cache\Cache\Home\a5aef03df8827ea3bb45129cefc150b5.php 第 127 行.
NOTIC: [8] Undefined variable: signPackage D:\www\Cat\Cache\Cache\Home\a5aef03df8827ea3bb45129cefc150b5.php 第 128 行.
NOTIC: [8] Undefined variable: signPackage D:\www\Cat\Cache\Cache\Home\a5aef03df8827ea3bb45129cefc150b5.php 第 129 行.
NOTIC: [8] Undefined variable: signPackage D:\www\Cat\Cache\Cache\Home\a5aef03df8827ea3bb45129cefc150b5.php 第 130 行.
INFO: ParseTemplate Behavior ::run [ RunTime:0.023477s ]
INFO: [ view_parse ] --END-- [ RunTime:0.023674s ]
INFO: [ view_filter ] --START--
INFO: ContentReplace Behavior ::run [ RunTime:0.000930s ]
INFO: TokenBuild Behavior ::run [ RunTime:0.000783s ]
INFO: WriteHtmlCache Behavior ::run [ RunTime:0.000541s ]
INFO: ShowRuntime Behavior ::run [ RunTime:0.000901s ]
INFO: [ view_filter ] --END-- [ RunTime:0.003647s ]
INFO: [ view_end ] --START--
INFO: ShowPageTrace Behavior ::run [ RunTime:0.000950s ]
INFO: [ view_end ] --END-- [ RunTime:0.001128s ]

[ 2015-10-28T14:02:51+08:00 ] 127.0.0.1 /
INFO: [ app_begin ] --START--
INFO: ReadHtmlCache Behavior ::run [ RunTime:0.003679s ]
INFO: [ app_begin ] --END-- [ RunTime:0.004149s ]
NOTIC: [8] Undefined index: zr D:\www\Cat\App\Njs\Home\Action\IndexAction.class.php 第 11 行.
SQL: SHOW COLUMNS FROM `cat_cat` [ RunTime:0.008424s ]
SQL: SELECT * FROM `cat_cat` ORDER BY id desc  [ RunTime:0.000687s ]
INFO: [ view_parse ] --START--
NOTIC: [8] Undefined variable: signPackage D:\www\Cat\Cache\Cache\Home\a5aef03df8827ea3bb45129cefc150b5.php 第 127 行.
NOTIC: [8] Undefined variable: signPackage D:\www\Cat\Cache\Cache\Home\a5aef03df8827ea3bb45129cefc150b5.php 第 128 行.
NOTIC: [8] Undefined variable: signPackage D:\www\Cat\Cache\Cache\Home\a5aef03df8827ea3bb45129cefc150b5.php 第 129 行.
NOTIC: [8] Undefined variable: signPackage D:\www\Cat\Cache\Cache\Home\a5aef03df8827ea3bb45129cefc150b5.php 第 130 行.
INFO: ParseTemplate Behavior ::run [ RunTime:0.026087s ]
INFO: [ view_parse ] --END-- [ RunTime:0.026382s ]
INFO: [ view_filter ] --START--
INFO: ContentReplace Behavior ::run [ RunTime:0.001973s ]
INFO: TokenBuild Behavior ::run [ RunTime:0.001891s ]
INFO: WriteHtmlCache Behavior ::run [ RunTime:0.000836s ]
INFO: ShowRuntime Behavior ::run [ RunTime:0.001016s ]
INFO: [ view_filter ] --END-- [ RunTime:0.006610s ]
INFO: [ view_end ] --START--
INFO: ShowPageTrace Behavior ::run [ RunTime:0.001250s ]
INFO: [ view_end ] --END-- [ RunTime:0.001515s ]

[ 2015-10-28T14:02:52+08:00 ] 127.0.0.1 /index.php/Index/getvote?id=13
INFO: [ route_check ] --START--
INFO: CheckRoute Behavior ::run [ RunTime:0.002201s ]
INFO: [ route_check ] --END-- [ RunTime:0.002587s ]
INFO: [ app_begin ] --START--
INFO: ReadHtmlCache Behavior ::run [ RunTime:0.001681s ]
INFO: [ app_begin ] --END-- [ RunTime:0.002073s ]
SQL: SHOW COLUMNS FROM `cat_cat` [ RunTime:0.026703s ]
SQL: SELECT * FROM `cat_cat` WHERE ( `id` = 13 ) AND ( `is_show` = 1 ) LIMIT 1   [ RunTime:0.000675s ]
INFO: [ view_parse ] --START--
NOTIC: [8] Undefined variable: signPackage D:\www\Cat\Cache\Cache\Home\dd3c014e0babb2d04eee368a44e5b629.php 第 112 行.
NOTIC: [8] Undefined variable: signPackage D:\www\Cat\Cache\Cache\Home\dd3c014e0babb2d04eee368a44e5b629.php 第 113 行.
NOTIC: [8] Undefined variable: signPackage D:\www\Cat\Cache\Cache\Home\dd3c014e0babb2d04eee368a44e5b629.php 第 114 行.
NOTIC: [8] Undefined variable: signPackage D:\www\Cat\Cache\Cache\Home\dd3c014e0babb2d04eee368a44e5b629.php 第 115 行.
INFO: ParseTemplate Behavior ::run [ RunTime:0.023766s ]
INFO: [ view_parse ] --END-- [ RunTime:0.024112s ]
INFO: [ view_filter ] --START--
INFO: ContentReplace Behavior ::run [ RunTime:0.001253s ]
INFO: TokenBuild Behavior ::run [ RunTime:0.001346s ]
INFO: WriteHtmlCache Behavior ::run [ RunTime:0.001010s ]
INFO: ShowRuntime Behavior ::run [ RunTime:0.002067s ]
INFO: [ view_filter ] --END-- [ RunTime:0.006683s ]
INFO: [ view_end ] --START--
INFO: ShowPageTrace Behavior ::run [ RunTime:0.001681s ]
INFO: [ view_end ] --END-- [ RunTime:0.002059s ]

[ 2015-10-28T14:02:53+08:00 ] 127.0.0.1 /index.php/Index/vote
INFO: [ route_check ] --START--
INFO: CheckRoute Behavior ::run [ RunTime:0.003549s ]
INFO: [ route_check ] --END-- [ RunTime:0.003957s ]
INFO: [ app_begin ] --START--
INFO: ReadHtmlCache Behavior ::run [ RunTime:0.001727s ]
INFO: [ app_begin ] --END-- [ RunTime:0.002024s ]
SQL: SHOW COLUMNS FROM `cat_yh` [ RunTime:0.006748s ]
NOTIC: [8] Undefined variable: user D:\www\Cat\App\Njs\Home\Action\IndexAction.class.php 第 104 行.
SQL: SELECT * FROM `cat_yh` WHERE ( `openid` = null ) LIMIT 1   [ RunTime:0.000709s ]
SQL: SHOW COLUMNS FROM `cat_vote` [ RunTime:0.007238s ]
SQL: SELECT * FROM `cat_vote` WHERE ( `openid` = 'ooJsMuBae9b3XHJVptSqp1Jr9Tw4' ) AND (  (`time` BETWEEN '2015-10-28 00:00:00' AND '2015-10-28 14:02:53' ) ) AND ( `cat_id` = 13 ) LIMIT 1   [ RunTime:0.035457s ]

[ 2015-10-28T14:02:57+08:00 ] 127.0.0.1 /index.php/Index/vote
INFO: [ route_check ] --START--
INFO: CheckRoute Behavior ::run [ RunTime:0.001128s ]
INFO: [ route_check ] --END-- [ RunTime:0.001406s ]
INFO: [ app_begin ] --START--
INFO: ReadHtmlCache Behavior ::run [ RunTime:0.000878s ]
INFO: [ app_begin ] --END-- [ RunTime:0.001044s ]
SQL: SHOW COLUMNS FROM `cat_yh` [ RunTime:0.005282s ]
NOTIC: [8] Undefined variable: user D:\www\Cat\App\Njs\Home\Action\IndexAction.class.php 第 104 行.
SQL: SELECT * FROM `cat_yh` WHERE ( `openid` = null ) LIMIT 1   [ RunTime:0.000358s ]
SQL: SHOW COLUMNS FROM `cat_vote` [ RunTime:0.005028s ]
SQL: SELECT * FROM `cat_vote` WHERE ( `openid` = 'ooJsMuBae9b3XHJVptSqp1Jr9Tw4' ) AND (  (`time` BETWEEN '2015-10-28 00:00:00' AND '2015-10-28 14:02:57' ) ) AND ( `cat_id` = 13 ) LIMIT 1   [ RunTime:0.000618s ]

[ 2015-10-28T14:02:57+08:00 ] 127.0.0.1 /index.php/Index/vote
INFO: [ route_check ] --START--
INFO: CheckRoute Behavior ::run [ RunTime:0.001067s ]
INFO: [ route_check ] --END-- [ RunTime:0.001302s ]
INFO: [ app_begin ] --START--
INFO: ReadHtmlCache Behavior ::run [ RunTime:0.001320s ]
INFO: [ app_begin ] --END-- [ RunTime:0.001710s ]
SQL: SHOW COLUMNS FROM `cat_yh` [ RunTime:0.004909s ]
NOTIC: [8] Undefined variable: user D:\www\Cat\App\Njs\Home\Action\IndexAction.class.php 第 104 行.
SQL: SELECT * FROM `cat_yh` WHERE ( `openid` = null ) LIMIT 1   [ RunTime:0.000349s ]
SQL: SHOW COLUMNS FROM `cat_vote` [ RunTime:0.004162s ]
SQL: SELECT * FROM `cat_vote` WHERE ( `openid` = 'ooJsMuBae9b3XHJVptSqp1Jr9Tw4' ) AND (  (`time` BETWEEN '2015-10-28 00:00:00' AND '2015-10-28 14:02:57' ) ) AND ( `cat_id` = 13 ) LIMIT 1   [ RunTime:0.000466s ]

[ 2015-10-28T14:04:14+08:00 ] 127.0.0.1 /index.php/Index/getvote?id=13
INFO: [ route_check ] --START--
INFO: CheckRoute Behavior ::run [ RunTime:0.001126s ]
INFO: [ route_check ] --END-- [ RunTime:0.001495s ]
INFO: [ app_begin ] --START--
INFO: ReadHtmlCache Behavior ::run [ RunTime:0.000908s ]
INFO: [ app_begin ] --END-- [ RunTime:0.001166s ]
SQL: SHOW COLUMNS FROM `cat_cat` [ RunTime:0.005919s ]
SQL: SELECT * FROM `cat_cat` WHERE ( `id` = 13 ) AND ( `is_show` = 1 ) LIMIT 1   [ RunTime:0.000534s ]
INFO: [ view_parse ] --START--
NOTIC: [8] Undefined variable: signPackage D:\www\Cat\Cache\Cache\Home\dd3c014e0babb2d04eee368a44e5b629.php 第 112 行.
NOTIC: [8] Undefined variable: signPackage D:\www\Cat\Cache\Cache\Home\dd3c014e0babb2d04eee368a44e5b629.php 第 113 行.
NOTIC: [8] Undefined variable: signPackage D:\www\Cat\Cache\Cache\Home\dd3c014e0babb2d04eee368a44e5b629.php 第 114 行.
NOTIC: [8] Undefined variable: signPackage D:\www\Cat\Cache\Cache\Home\dd3c014e0babb2d04eee368a44e5b629.php 第 115 行.
INFO: ParseTemplate Behavior ::run [ RunTime:0.018170s ]
INFO: [ view_parse ] --END-- [ RunTime:0.018363s ]
INFO: [ view_filter ] --START--
INFO: ContentReplace Behavior ::run [ RunTime:0.000658s ]
INFO: TokenBuild Behavior ::run [ RunTime:0.000633s ]
INFO: WriteHtmlCache Behavior ::run [ RunTime:0.000415s ]
INFO: ShowRuntime Behavior ::run [ RunTime:0.000771s ]
INFO: [ view_filter ] --END-- [ RunTime:0.002961s ]
INFO: [ view_end ] --START--
INFO: ShowPageTrace Behavior ::run [ RunTime:0.000786s ]
INFO: [ view_end ] --END-- [ RunTime:0.000964s ]

[ 2015-10-28T14:04:15+08:00 ] 127.0.0.1 /index.php/Index/vote
INFO: [ route_check ] --START--
INFO: CheckRoute Behavior ::run [ RunTime:0.001772s ]
INFO: [ route_check ] --END-- [ RunTime:0.002142s ]
INFO: [ app_begin ] --START--
INFO: ReadHtmlCache Behavior ::run [ RunTime:0.001883s ]
INFO: [ app_begin ] --END-- [ RunTime:0.002447s ]
SQL: SHOW COLUMNS FROM `cat_yh` [ RunTime:0.004104s ]
NOTIC: [8] Undefined variable: user D:\www\Cat\App\Njs\Home\Action\IndexAction.class.php 第 104 行.
SQL: SELECT * FROM `cat_yh` WHERE ( `openid` = null ) LIMIT 1   [ RunTime:0.000400s ]

[ 2015-10-28T14:04:45+08:00 ] 127.0.0.1 /index.php/Index/vote
INFO: [ route_check ] --START--
INFO: CheckRoute Behavior ::run [ RunTime:0.001533s ]
INFO: [ route_check ] --END-- [ RunTime:0.001921s ]
INFO: [ app_begin ] --START--
INFO: ReadHtmlCache Behavior ::run [ RunTime:0.001060s ]
INFO: [ app_begin ] --END-- [ RunTime:0.001307s ]
SQL: SHOW COLUMNS FROM `cat_yh` [ RunTime:0.004133s ]
NOTIC: [8] Undefined variable: user D:\www\Cat\App\Njs\Home\Action\IndexAction.class.php 第 104 行.
SQL: SELECT * FROM `cat_yh` WHERE ( `openid` = null ) LIMIT 1   [ RunTime:0.000938s ]

[ 2015-10-28T14:04:45+08:00 ] 127.0.0.1 /index.php/Index/getvote?id=13
INFO: [ route_check ] --START--
INFO: CheckRoute Behavior ::run [ RunTime:0.001303s ]
INFO: [ route_check ] --END-- [ RunTime:0.001583s ]
INFO: [ app_begin ] --START--
INFO: ReadHtmlCache Behavior ::run [ RunTime:0.001115s ]
INFO: [ app_begin ] --END-- [ RunTime:0.001335s ]
SQL: SHOW COLUMNS FROM `cat_cat` [ RunTime:0.004906s ]
SQL: SELECT * FROM `cat_cat` WHERE ( `id` = 13 ) AND ( `is_show` = 1 ) LIMIT 1   [ RunTime:0.000550s ]
INFO: [ view_parse ] --START--
NOTIC: [8] Undefined variable: signPackage D:\www\Cat\Cache\Cache\Home\dd3c014e0babb2d04eee368a44e5b629.php 第 112 行.
NOTIC: [8] Undefined variable: signPackage D:\www\Cat\Cache\Cache\Home\dd3c014e0babb2d04eee368a44e5b629.php 第 113 行.
NOTIC: [8] Undefined variable: signPackage D:\www\Cat\Cache\Cache\Home\dd3c014e0babb2d04eee368a44e5b629.php 第 114 行.
NOTIC: [8] Undefined variable: signPackage D:\www\Cat\Cache\Cache\Home\dd3c014e0babb2d04eee368a44e5b629.php 第 115 行.
INFO: ParseTemplate Behavior ::run [ RunTime:0.016390s ]
INFO: [ view_parse ] --END-- [ RunTime:0.016591s ]
INFO: [ view_filter ] --START--
INFO: ContentReplace Behavior ::run [ RunTime:0.001042s ]
INFO: TokenBuild Behavior ::run [ RunTime:0.001802s ]
INFO: WriteHtmlCache Behavior ::run [ RunTime:0.000641s ]
INFO: ShowRuntime Behavior ::run [ RunTime:0.001051s ]
INFO: [ view_filter ] --END-- [ RunTime:0.005248s ]
INFO: [ view_end ] --START--
INFO: ShowPageTrace Behavior ::run [ RunTime:0.001495s ]
INFO: [ view_end ] --END-- [ RunTime:0.003107s ]

[ 2015-10-28T14:04:47+08:00 ] 127.0.0.1 /index.php/Index/vote
INFO: [ route_check ] --START--
INFO: CheckRoute Behavior ::run [ RunTime:0.001210s ]
INFO: [ route_check ] --END-- [ RunTime:0.001421s ]
INFO: [ app_begin ] --START--
INFO: ReadHtmlCache Behavior ::run [ RunTime:0.001050s ]
INFO: [ app_begin ] --END-- [ RunTime:0.001214s ]
SQL: SHOW COLUMNS FROM `cat_yh` [ RunTime:0.409163s ]
NOTIC: [8] Undefined variable: user D:\www\Cat\App\Njs\Home\Action\IndexAction.class.php 第 104 行.
SQL: SELECT * FROM `cat_yh` WHERE ( `openid` = null ) LIMIT 1   [ RunTime:0.000425s ]

[ 2015-10-28T14:04:51+08:00 ] 127.0.0.1 /index.php/Index/getvote?id=13
INFO: [ route_check ] --START--
INFO: CheckRoute Behavior ::run [ RunTime:0.001140s ]
INFO: [ route_check ] --END-- [ RunTime:0.001376s ]
INFO: [ app_begin ] --START--
INFO: ReadHtmlCache Behavior ::run [ RunTime:0.001298s ]
INFO: [ app_begin ] --END-- [ RunTime:0.001615s ]
SQL: SHOW COLUMNS FROM `cat_cat` [ RunTime:0.004380s ]
SQL: SELECT * FROM `cat_cat` WHERE ( `id` = 13 ) AND ( `is_show` = 1 ) LIMIT 1   [ RunTime:0.000441s ]
INFO: [ view_parse ] --START--
NOTIC: [8] Undefined variable: signPackage D:\www\Cat\Cache\Cache\Home\dd3c014e0babb2d04eee368a44e5b629.php 第 112 行.
NOTIC: [8] Undefined variable: signPackage D:\www\Cat\Cache\Cache\Home\dd3c014e0babb2d04eee368a44e5b629.php 第 113 行.
NOTIC: [8] Undefined variable: signPackage D:\www\Cat\Cache\Cache\Home\dd3c014e0babb2d04eee368a44e5b629.php 第 114 行.
NOTIC: [8] Undefined variable: signPackage D:\www\Cat\Cache\Cache\Home\dd3c014e0babb2d04eee368a44e5b629.php 第 115 行.
INFO: ParseTemplate Behavior ::run [ RunTime:0.018147s ]
INFO: [ view_parse ] --END-- [ RunTime:0.018343s ]
INFO: [ view_filter ] --START--
INFO: ContentReplace Behavior ::run [ RunTime:0.000825s ]
INFO: TokenBuild Behavior ::run [ RunTime:0.000836s ]
INFO: WriteHtmlCache Behavior ::run [ RunTime:0.000682s ]
INFO: ShowRuntime Behavior ::run [ RunTime:0.001081s ]
INFO: [ view_filter ] --END-- [ RunTime:0.003949s ]
INFO: [ view_end ] --START--
INFO: ShowPageTrace Behavior ::run [ RunTime:0.001582s ]
INFO: [ view_end ] --END-- [ RunTime:0.001918s ]

[ 2015-10-28T14:04:52+08:00 ] 127.0.0.1 /index.php/Index/vote
INFO: [ route_check ] --START--
INFO: CheckRoute Behavior ::run [ RunTime:0.001295s ]
INFO: [ route_check ] --END-- [ RunTime:0.001534s ]
INFO: [ app_begin ] --START--
INFO: ReadHtmlCache Behavior ::run [ RunTime:0.001025s ]
INFO: [ app_begin ] --END-- [ RunTime:0.001190s ]
SQL: SHOW COLUMNS FROM `cat_yh` [ RunTime:0.004599s ]
NOTIC: [8] Undefined variable: user D:\www\Cat\App\Njs\Home\Action\IndexAction.class.php 第 104 行.
SQL: SELECT * FROM `cat_yh` WHERE ( `openid` = null ) LIMIT 1   [ RunTime:0.000568s ]

[ 2015-10-28T16:09:27+08:00 ] 127.0.0.1 /index.php/Index/getvote?id=13
INFO: [ route_check ] --START--
INFO: CheckRoute Behavior ::run [ RunTime:0.001718s ]
INFO: [ route_check ] --END-- [ RunTime:0.002053s ]
INFO: [ app_begin ] --START--
INFO: ReadHtmlCache Behavior ::run [ RunTime:0.001353s ]
INFO: [ app_begin ] --END-- [ RunTime:0.001636s ]
SQL: SHOW COLUMNS FROM `cat_config` [ RunTime:0.049388s ]
SQL: SELECT * FROM `cat_config`  [ RunTime:0.000503s ]
NOTIC: [2] file_get_contents(jsapi_ticket.json): failed to open stream: No such file or directory D:\www\Cat\Core\Extend\Vendor\Wx\Jssdk.php 第 48 行.
NOTIC: [8] Trying to get property of non-object D:\www\Cat\Core\Extend\Vendor\Wx\Jssdk.php 第 49 行.
NOTIC: [2] file_get_contents(access_token.json): failed to open stream: No such file or directory D:\www\Cat\Core\Extend\Vendor\Wx\Jssdk.php 第 72 行.
NOTIC: [8] Trying to get property of non-object D:\www\Cat\Core\Extend\Vendor\Wx\Jssdk.php 第 73 行.

